#
# A fatal error has been detected by the Java Runtime Environment:
#
#  SIGBUS (0x7) at pc=0x00007f7433961a30, pid=17538, tid=140137208637184
#
# JRE version: 7.0_15-b20
# Java VM: OpenJDK 64-Bit Server VM (23.7-b01 mixed mode linux-amd64 compressed oops)
# Problematic frame:
# 
[error occurred during error reporting (printing problematic frame), id 0x7]

# Failed to write core dump. Core dumps have been disabled. To enable core dumping, try "ulimit -c unlimited" before starting Java again
#
# If you would like to submit a bug report, please include
# instructions on how to reproduce the bug and visit:
#   https://bugs.launchpad.net/ubuntu/+source/openjdk-7/
#

---------------  T H R E A D  ---------------

Current thread is native thread

siginfo:si_signo=SIGBUS: si_errno=0, si_code=2 (BUS_ADRERR), si_addr=0x00007f7433961a30

Registers:
RAX=0x0000000000000000, RBX=0x00007f743c8a5e40, RCX=0x00007f748382a83d, RDX=0x0000000000000000
RSP=0x00007f743c8a5e30, RBP=0x00000000000004f0, RSI=0x00007f743c8a5e30, RDI=0x0000000000000000
R8 =0x00007f74340cf070, R9 =0x0000000000000001, R10=0x0000000000000000, R11=0x0000000000000000
R12=0x0000000000000000, R13=0x00007f74341487b0, R14=0x0000000000000008, R15=0x00007f743c8a5e98
RIP=0x00007f7433961a30, EFLAGS=0x0000000000010217, CSGSFS=0x0000000000000033, ERR=0x0000000000000014
  TRAPNO=0x000000000000000e

Top of Stack: (sp=0x00007f743c8a5e30)
0x00007f743c8a5e30:   00007f7434144070 00007f74332cbf8e
0x00007f743c8a5e40:   0000000000000000 00000000000f4240
0x00007f743c8a5e50:   00007f74341487b0 00007f7434148280
0x00007f743c8a5e60:   00000000000004f0 00007f743396e39b
0x00007f743c8a5e70:   0000000000000000 00007f743c8a5e90
0x00007f743c8a5e80:   0000000000002000 00000000000063d8
0x00007f743c8a5e90:   00007f742846f040 0000000000004000
0x00007f743c8a5ea0:   0000000000001000 00007f7434144e00
0x00007f743c8a5eb0:   0000000000000000 00007f743c9a4510
0x00007f743c8a5ec0:   00007f743c8a69c0 00007f747c603650
0x00007f743c8a5ed0:   0000000000000003 00007f7433960d2a
0x00007f743c8a5ee0:   0000000000000000 00007f7483351e9a
0x00007f743c8a5ef0:   0000000000000000 00007f743c8a6700
0x00007f743c8a5f00:   0000000000000000 0000000000000000
0x00007f743c8a5f10:   0000000000000000 0000000000000000
0x00007f743c8a5f20:   0000000000000000 0000000000000000
0x00007f743c8a5f30:   0000000000000000 0000000000000000
0x00007f743c8a5f40:   0000000000000000 0000000000000000
0x00007f743c8a5f50:   0000000000000000 0000000000000000
0x00007f743c8a5f60:   0000000000000000 0000000000000000
0x00007f743c8a5f70:   0000000000000000 0000000000000000
0x00007f743c8a5f80:   0000000000000000 73872a94abe0f94c
0x00007f743c8a5f90:   00007f743c9a4510 00007f743c8a69c0
0x00007f743c8a5fa0:   00007f747c603650 0000000000000003
0x00007f743c8a5fb0:   8d6f53801600f94c 8d6e2cfe9720f94c
0x00007f743c8a5fc0:   0000000000000000 0000000000000000
0x00007f743c8a5fd0:   0000000000000000 0000000000000000
0x00007f743c8a5fe0:   0000000000000000 0000000000000000
0x00007f743c8a5ff0:   0000000000000000 00007f748385ecbd
0x00007f743c8a6000:   0000000000000000 0000000000000000
0x00007f743c8a6010:   0000000000000000 0000000000000000
0x00007f743c8a6020:   0000000000000000 0000000000000000 

Instructions: (pc=0x00007f7433961a30)
0x00007f7433961a10:   
[error occurred during error reporting (printing registers, top of stack, instructions near pc), id 0x7]

Register to memory mapping:

RAX=0x0000000000000000 is an unknown value
RBX=0x00007f743c8a5e40 is an unknown value
RCX=0x00007f748382a83d: nanosleep+0x2d in /lib/x86_64-linux-gnu/libc.so.6 at 0x00007f748376b000
RDX=0x0000000000000000 is an unknown value
RSP=0x00007f743c8a5e30 is an unknown value
RBP=0x00000000000004f0 is an unknown value
RSI=0x00007f743c8a5e30 is an unknown value
RDI=0x0000000000000000 is an unknown value
R8 =0x00007f74340cf070 is an unknown value
R9 =0x0000000000000001 is an unknown value
R10=0x0000000000000000 is an unknown value
R11=0x0000000000000000 is an unknown value
R12=0x0000000000000000 is an unknown value
R13=0x00007f74341487b0 is an unknown value
R14=0x0000000000000008 is an unknown value
R15=0x00007f743c8a5e98 is an unknown value


Stack: [0x00007f743c7a6000,0x00007f743c8a7000],  sp=0x00007f743c8a5e30,  free space=1023k
Native frames: (J=compiled Java code, j=interpreted, Vv=VM code, C=native code)

[error occurred during error reporting (printing native stack), id 0x7]


---------------  P R O C E S S  ---------------

VM state:not at safepoint (normal execution)

VM Mutex/Monitor currently owned by a thread: None

Heap
 PSYoungGen      total 18432K, used 16515K [0x00000000eb600000, 0x00000000eda00000, 0x0000000100000000)
  eden space 15808K, 88% used [0x00000000eb600000,0x00000000ec3961e8,0x00000000ec570000)
  from space 2624K, 99% used [0x00000000ed770000,0x00000000ed9fabd8,0x00000000eda00000)
  to   space 2624K, 0% used [0x00000000ec570000,0x00000000ec570000,0x00000000ec800000)
 ParOldGen       total 42240K, used 4463K [0x00000000c2200000, 0x00000000c4b40000, 0x00000000eb600000)
  object space 42240K, 10% used [0x00000000c2200000,0x00000000c265be68,0x00000000c4b40000)
 PSPermGen       total 21248K, used 20462K [0x00000000b7c00000, 0x00000000b90c0000, 0x00000000c2200000)
  object space 21248K, 96% used [0x00000000b7c00000,0x00000000b8ffb870,0x00000000b90c0000)

Card table byte_map: [0x00007f74809b1000,0x00007f7480bf4000] byte_map_base: 0x00007f74803f3000

Polling page: 0x00007f7483f57000

Code Cache  [0x00007f7479000000, 0x00007f7479270000, 0x00007f747c000000)
 total_blobs=1084 nmethods=425 adapters=611 free_code_cache=47702Kb largest_free_block=48808832

Compilation events (10 events):
Event: 101.011 Thread 0x00007f747c109000  423             org.lwjgl.MemoryUtil::getAddress (9 bytes)
Event: 101.013 Thread 0x00007f747c109000 nmethod 423 0x00007f747916b990 code [0x00007f747916bae0, 0x00007f747916bb58]
Event: 101.013 Thread 0x00007f747c109000  424             org.lwjgl.MemoryUtil::getAddress (8 bytes)
Event: 101.013 Thread 0x00007f747c109000 nmethod 424 0x00007f747916b750 code [0x00007f747916b880, 0x00007f747916b8f8]
Event: 101.880 Thread 0x00007f747c109000  425             java.lang.ThreadLocal::get (34 bytes)
Event: 101.882 Thread 0x00007f747c109000 nmethod 425 0x00007f747916b2d0 code [0x00007f747916b420, 0x00007f747916b558]
Event: 102.445 Thread 0x00007f747c109000  426             com.badlogic.gdx.backends.lwjgl.LwjglInput::getX (4 bytes)
Event: 102.445 Thread 0x00007f747c106000  427             com.badlogic.gdx.backends.lwjgl.LwjglInput::getY (15 bytes)
Event: 102.446 Thread 0x00007f747c109000 nmethod 426 0x00007f747916ae90 code [0x00007f747916afe0, 0x00007f747916b238]
Event: 102.451 Thread 0x00007f747c106000 nmethod 427 0x00007f747916a590 code [0x00007f747916a720, 0x00007f747916ac78]

GC Heap History (4 events):
Event: 3.147 GC heap before
{Heap before GC invocations=1 (full 0):
 PSYoungGen      total 18432K, used 15808K [0x00000000eb600000, 0x00000000eca90000, 0x0000000100000000)
  eden space 15808K, 100% used [0x00000000eb600000,0x00000000ec570000,0x00000000ec570000)
  from space 2624K, 0% used [0x00000000ec800000,0x00000000ec800000,0x00000000eca90000)
  to   space 2624K, 0% used [0x00000000ec570000,0x00000000ec570000,0x00000000ec800000)
 ParOldGen       total 42240K, used 0K [0x00000000c2200000, 0x00000000c4b40000, 0x00000000eb600000)
  object space 42240K, 0% used [0x00000000c2200000,0x00000000c2200000,0x00000000c4b40000)
 PSPermGen       total 21248K, used 17135K [0x00000000b7c00000, 0x00000000b90c0000, 0x00000000c2200000)
  object space 21248K, 80% used [0x00000000b7c00000,0x00000000b8cbbe48,0x00000000b90c0000)
Event: 3.188 GC heap after
Heap after GC invocations=1 (full 0):
 PSYoungGen      total 18432K, used 2596K [0x00000000eb600000, 0x00000000eda00000, 0x0000000100000000)
  eden space 15808K, 0% used [0x00000000eb600000,0x00000000eb600000,0x00000000ec570000)
  from space 2624K, 98% used [0x00000000ec570000,0x00000000ec7f9348,0x00000000ec800000)
  to   space 2624K, 0% used [0x00000000ed770000,0x00000000ed770000,0x00000000eda00000)
 ParOldGen       total 42240K, used 2260K [0x00000000c2200000, 0x00000000c4b40000, 0x00000000eb600000)
  object space 42240K, 5% used [0x00000000c2200000,0x00000000c2435238,0x00000000c4b40000)
 PSPermGen       total 21248K, used 17135K [0x00000000b7c00000, 0x00000000b90c0000, 0x00000000c2200000)
  object space 21248K, 80% used [0x00000000b7c00000,0x00000000b8cbbe48,0x00000000b90c0000)
}
Event: 25.945 GC heap before
{Heap before GC invocations=2 (full 0):
 PSYoungGen      total 18432K, used 18404K [0x00000000eb600000, 0x00000000eda00000, 0x0000000100000000)
  eden space 15808K, 100% used [0x00000000eb600000,0x00000000ec570000,0x00000000ec570000)
  from space 2624K, 98% used [0x00000000ec570000,0x00000000ec7f9348,0x00000000ec800000)
  to   space 2624K, 0% used [0x00000000ed770000,0x00000000ed770000,0x00000000eda00000)
 ParOldGen       total 42240K, used 2260K [0x00000000c2200000, 0x00000000c4b40000, 0x00000000eb600000)
  object space 42240K, 5% used [0x00000000c2200000,0x00000000c2435238,0x00000000c4b40000)
 PSPermGen       total 21248K, used 19851K [0x00000000b7c00000, 0x00000000b90c0000, 0x00000000c2200000)
  object space 21248K, 93% used [0x00000000b7c00000,0x00000000b8f62d68,0x00000000b90c0000)
Event: 25.958 GC heap after
Heap after GC invocations=2 (full 0):
 PSYoungGen      total 18432K, used 2602K [0x00000000eb600000, 0x00000000eda00000, 0x0000000100000000)
  eden space 15808K, 0% used [0x00000000eb600000,0x00000000eb600000,0x00000000ec570000)
  from space 2624K, 99% used [0x00000000ed770000,0x00000000ed9fabd8,0x00000000eda00000)
  to   space 2624K, 0% used [0x00000000ec570000,0x00000000ec570000,0x00000000ec800000)
 ParOldGen       total 42240K, used 4463K [0x00000000c2200000, 0x00000000c4b40000, 0x00000000eb600000)
  object space 42240K, 10% used [0x00000000c2200000,0x00000000c265be68,0x00000000c4b40000)
 PSPermGen       total 21248K, used 19851K [0x00000000b7c00000, 0x00000000b90c0000, 0x00000000c2200000)
  object space 21248K, 93% used [0x00000000b7c00000,0x00000000b8f62d68,0x00000000b90c0000)
}

Deoptimization events (10 events):
Event: 1.271 Thread 0x00007f747c009800 Uncommon trap -83 fr.pc 0x00007f7479089aa4
Event: 1.360 Thread 0x00007f747c009800 Uncommon trap -34 fr.pc 0x00007f747907a65c
Event: 1.360 Thread 0x00007f747c009800 Uncommon trap -34 fr.pc 0x00007f747907a65c
Event: 1.360 Thread 0x00007f747c009800 Uncommon trap -34 fr.pc 0x00007f747907a65c
Event: 1.360 Thread 0x00007f747c009800 Uncommon trap -34 fr.pc 0x00007f747907a65c
Event: 4.477 Thread 0x00007f74341a5000 Uncommon trap 305 fr.pc 0x00007f74790e42b8
Event: 31.308 Thread 0x00007f747c505800 Uncommon trap -58 fr.pc 0x00007f7479082a50
Event: 31.308 Thread 0x00007f747c505800 Uncommon trap -58 fr.pc 0x00007f7479082a50
Event: 31.310 Thread 0x00007f747c505800 Uncommon trap -58 fr.pc 0x00007f7479082a50
Event: 31.311 Thread 0x00007f747c505800 Uncommon trap -58 fr.pc 0x00007f7479082a50

Internal exceptions (10 events):
Event: 4.600 Thread 0x00007f74341a5000 Threw 0x00000000ec151d60 at /build/buildd/openjdk-7-7u15-2.3.7/build/openjdk/hotspot/src/share/vm/prims/jvm.cpp:1166
Event: 6.111 Thread 0x00007f74341a5000 Threw 0x00000000ec199cd0 at /build/buildd/openjdk-7-7u15-2.3.7/build/openjdk/hotspot/src/share/vm/prims/jvm.cpp:1166
Event: 6.113 Thread 0x00007f74341a5000 Threw 0x00000000ec1a6678 at /build/buildd/openjdk-7-7u15-2.3.7/build/openjdk/hotspot/src/share/vm/prims/jvm.cpp:1166
Event: 23.961 Thread 0x00007f74341a5000 Threw 0x00000000ec4abb58 at /build/buildd/openjdk-7-7u15-2.3.7/build/openjdk/hotspot/src/share/vm/prims/jvm.cpp:1166
Event: 31.307 Thread 0x00007f747c505800 Threw 0x00000000eb808b70 at /build/buildd/openjdk-7-7u15-2.3.7/build/openjdk/hotspot/src/share/vm/prims/jvm.cpp:1166
Event: 31.307 Thread 0x00007f747c505800 Threw 0x00000000eb80ac58 at /build/buildd/openjdk-7-7u15-2.3.7/build/openjdk/hotspot/src/share/vm/prims/jvm.cpp:1166
Event: 31.308 Thread 0x00007f747c505800 Threw 0x00000000eb811130 at /build/buildd/openjdk-7-7u15-2.3.7/build/openjdk/hotspot/src/share/vm/prims/jvm.cpp:1166
Event: 31.308 Thread 0x00007f747c505800 Threw 0x00000000eb8132d8 at /build/buildd/openjdk-7-7u15-2.3.7/build/openjdk/hotspot/src/share/vm/prims/jvm.cpp:1166
Event: 31.309 Thread 0x00007f747c505800 Threw 0x00000000eb817140 at /build/buildd/openjdk-7-7u15-2.3.7/build/openjdk/hotspot/src/share/vm/prims/jvm.cpp:1166
Event: 31.309 Thread 0x00007f747c505800 Threw 0x00000000eb8193c0 at /build/buildd/openjdk-7-7u15-2.3.7/build/openjdk/hotspot/src/share/vm/prims/jvm.cpp:1166

Events (10 events):
Event: 31.317 loading class 0x00000000019706d0
Event: 31.317 loading class 0x0000000001969f80
Event: 31.317 loading class 0x0000000001969f80 done
Event: 31.317 loading class 0x00000000019706d0 done
Event: 31.317 loading class 0x0000000001970730
Event: 31.317 loading class 0x0000000001970730 done
Event: 31.317 loading class 0x00007f747c503540
Event: 31.318 loading class 0x00007f747c503540 done
Event: 38.462 Thread 0x00007f747c109000 flushing nmethod 0x00007f74790e3c90
Event: 63.248 Thread 0x00007f7454017000 Thread exited: 0x00007f7454017000


Dynamic libraries:
00400000-00401000 r-xp 00000000 08:07 2230062                            /usr/lib/jvm/java-7-openjdk-amd64/jre/bin/java
00600000-00601000 r--p 00000000 08:07 2230062                            /usr/lib/jvm/java-7-openjdk-amd64/jre/bin/java
00601000-00602000 rw-p 00001000 08:07 2230062                            /usr/lib/jvm/java-7-openjdk-amd64/jre/bin/java
01949000-0198c000 rw-p 00000000 00:00 0                                  [heap]
407e5000-40863000 rw-p 00000000 00:00 0 
41a83000-41b01000 rw-p 00000000 00:00 0 
41fce000-41fd0000 r-xs 00000000 08:07 1572979                            /tmp/glLS1MAt (deleted)
b7c00000-b90c0000 rw-p 00000000 00:00 0 
b90c0000-c2200000 rw-p 00000000 00:00 0 
c2200000-c4b40000 rw-p 00000000 00:00 0 
c4b40000-eb600000 rw-p 00000000 00:00 0 
eb600000-eda00000 rw-p 00000000 00:00 0 
eda00000-100000000 rw-p 00000000 00:00 0 
7f7425c15000-7f74275e5000 r-xp 00000000 08:07 2233329                    /usr/lib/nvidia-current-updates/libnvidia-glcore.so.304.64
7f74275e5000-7f74277e4000 ---p 019d0000 08:07 2233329                    /usr/lib/nvidia-current-updates/libnvidia-glcore.so.304.64
7f74277e4000-7f7427fe5000 rwxp 019cf000 08:07 2233329                    /usr/lib/nvidia-current-updates/libnvidia-glcore.so.304.64
7f7427fe5000-7f7427fff000 rwxp 00000000 00:00 0 
7f7427fff000-7f742c000000 rw-s 00000000 00:12 421702                     /run/shm/pulse-shm-3621878702
7f742c000000-7f742c022000 rw-p 00000000 00:00 0 
7f742c022000-7f7430000000 ---p 00000000 00:00 0 
7f74304bf000-7f74306c1000 rw-p 00000000 00:00 0 
7f74306c1000-7f743075e000 r-xp 00000000 08:07 1572982                    /tmp/jnigen/487559545/libgdx-freetype64.so
7f743075e000-7f743095d000 ---p 0009d000 08:07 1572982                    /tmp/jnigen/487559545/libgdx-freetype64.so
7f743095d000-7f7430963000 r--p 0009c000 08:07 1572982                    /tmp/jnigen/487559545/libgdx-freetype64.so
7f7430963000-7f7430964000 rw-p 000a2000 08:07 1572982                    /tmp/jnigen/487559545/libgdx-freetype64.so
7f7430964000-7f74309e5000 rw-p 00000000 00:00 0 
7f7430bda000-7f7430bdd000 ---p 00000000 00:00 0 
7f7430bdd000-7f7430cdb000 rw-p 00000000 00:00 0 
7f7430cdb000-7f7430cde000 ---p 00000000 00:00 0 
7f7430cde000-7f7430ddc000 rw-p 00000000 00:00 0 
7f7430ddc000-7f7430ddf000 ---p 00000000 00:00 0 
7f7430ddf000-7f7430edd000 rw-p 00000000 00:00 0 
7f7430edd000-7f7430ee0000 ---p 00000000 00:00 0 
7f7430ee0000-7f7430fde000 rw-p 00000000 00:00 0 
7f7430fde000-7f7430fe1000 ---p 00000000 00:00 0 
7f7430fe1000-7f74310df000 rw-p 00000000 00:00 0 
7f74310df000-7f74311df000 rw-s 392f5000 00:05 10241                      /dev/nvidia0
7f74311df000-7f743121f000 rw-s 200af000 00:05 10241                      /dev/nvidia0
7f743121f000-7f74312bd000 rw-p 00000000 00:00 0 
7f74312bd000-7f74314bd000 rw-s 1331f5000 00:05 10241                     /dev/nvidia0
7f74314bd000-7f74315bd000 rw-s 133feb000 00:05 10241                     /dev/nvidia0
7f74315bd000-7f74316dc000 rw-p 00000000 00:00 0 
7f74316dc000-7f74316df000 r-xp 00000000 08:07 2490599                    /usr/lib/nvidia-current-updates/tls/libnvidia-tls.so.304.64
7f74316df000-7f74318de000 ---p 00003000 08:07 2490599                    /usr/lib/nvidia-current-updates/tls/libnvidia-tls.so.304.64
7f74318de000-7f74318df000 rw-p 00002000 08:07 2490599                    /usr/lib/nvidia-current-updates/tls/libnvidia-tls.so.304.64
7f74318df000-7f74319a9000 r-xp 00000000 08:07 2230074                    /usr/lib/nvidia-current-updates/libGL.so.304.64
7f74319a9000-7f7431ba9000 ---p 000ca000 08:07 2230074                    /usr/lib/nvidia-current-updates/libGL.so.304.64
7f7431ba9000-7f7431be6000 rwxp 000ca000 08:07 2230074                    /usr/lib/nvidia-current-updates/libGL.so.304.64
7f7431be6000-7f7431bfc000 rwxp 00000000 00:00 0 
7f7431bfc000-7f7431bff000 ---p 00000000 00:00 0 
7f7431bff000-7f7431cfd000 rw-p 00000000 00:00 0 
7f7431cfd000-7f7431cfe000 ---p 00000000 00:00 0 
7f7431cfe000-7f74324fe000 rw-p 00000000 00:00 0 
7f74324fe000-7f74327b1000 r-xp 00000000 08:07 1713995                    /usr/lib/x86_64-linux-gnu/libvorbisenc.so.2.0.8
7f74327b1000-7f74329b0000 ---p 002b3000 08:07 1713995                    /usr/lib/x86_64-linux-gnu/libvorbisenc.so.2.0.8
7f74329b0000-7f74329cc000 r--p 002b2000 08:07 1713995                    /usr/lib/x86_64-linux-gnu/libvorbisenc.so.2.0.8
7f74329cc000-7f74329cd000 rw-p 002ce000 08:07 1713995                    /usr/lib/x86_64-linux-gnu/libvorbisenc.so.2.0.8
7f74329cd000-7f7432a15000 r-xp 00000000 08:07 1705649                    /usr/lib/x86_64-linux-gnu/libFLAC.so.8.2.0
7f7432a15000-7f7432c15000 ---p 00048000 08:07 1705649                    /usr/lib/x86_64-linux-gnu/libFLAC.so.8.2.0
7f7432c15000-7f7432c16000 r--p 00048000 08:07 1705649                    /usr/lib/x86_64-linux-gnu/libFLAC.so.8.2.0
7f7432c16000-7f7432c17000 rw-p 00049000 08:07 1705649                    /usr/lib/x86_64-linux-gnu/libFLAC.so.8.2.0
7f7432c17000-7f7432c1c000 r-xp 00000000 08:07 1712123                    /usr/lib/x86_64-linux-gnu/libasyncns.so.0.3.1
7f7432c1c000-7f7432e1b000 ---p 00005000 08:07 1712123                    /usr/lib/x86_64-linux-gnu/libasyncns.so.0.3.1
7f7432e1b000-7f7432e1c000 r--p 00004000 08:07 1712123                    /usr/lib/x86_64-linux-gnu/libasyncns.so.0.3.1
7f7432e1c000-7f7432e1d000 rw-p 00005000 08:07 1712123                    /usr/lib/x86_64-linux-gnu/libasyncns.so.0.3.1
7f7432e1d000-7f7432e7d000 r-xp 00000000 08:07 1714017                    /usr/lib/x86_64-linux-gnu/libsndfile.so.1.0.25
7f7432e7d000-7f743307d000 ---p 00060000 08:07 1714017                    /usr/lib/x86_64-linux-gnu/libsndfile.so.1.0.25
7f743307d000-7f743307f000 r--p 00060000 08:07 1714017                    /usr/lib/x86_64-linux-gnu/libsndfile.so.1.0.25
7f743307f000-7f7433080000 rw-p 00062000 08:07 1714017                    /usr/lib/x86_64-linux-gnu/libsndfile.so.1.0.25
7f7433080000-7f7433084000 rw-p 00000000 00:00 0 
7f7433084000-7f743308c000 r-xp 00000000 08:07 397167                     /lib/x86_64-linux-gnu/libwrap.so.0.7.6
7f743308c000-7f743328b000 ---p 00008000 08:07 397167                     /lib/x86_64-linux-gnu/libwrap.so.0.7.6
7f743328b000-7f743328c000 r--p 00007000 08:07 397167                     /lib/x86_64-linux-gnu/libwrap.so.0.7.6
7f743328c000-7f743328d000 rw-p 00008000 08:07 397167                     /lib/x86_64-linux-gnu/libwrap.so.0.7.6
7f743328d000-7f74332e9000 r-xp 00000000 08:07 1703958                    /usr/lib/x86_64-linux-gnu/libpulsecommon-1.1.so
7f74332e9000-7f74334e9000 ---p 0005c000 08:07 1703958                    /usr/lib/x86_64-linux-gnu/libpulsecommon-1.1.so
7f74334e9000-7f74334ea000 r--p 0005c000 08:07 1703958                    /usr/lib/x86_64-linux-gnu/libpulsecommon-1.1.so
7f74334ea000-7f74334eb000 rw-p 0005d000 08:07 1703958                    /usr/lib/x86_64-linux-gnu/libpulsecommon-1.1.so
7f74334eb000-7f74334f2000 r-xp 00000000 08:07 1712246                    /usr/lib/x86_64-linux-gnu/libjson.so.0.0.1
7f74334f2000-7f74336f1000 ---p 00007000 08:07 1712246                    /usr/lib/x86_64-linux-gnu/libjson.so.0.0.1
7f74336f1000-7f74336f2000 r--p 00006000 08:07 1712246                    /usr/lib/x86_64-linux-gnu/libjson.so.0.0.1
7f74336f2000-7f74336f3000 rw-p 00007000 08:07 1712246                    /usr/lib/x86_64-linux-gnu/libjson.so.0.0.1
7f74336f3000-7f7433739000 r-xp 00000000 08:07 1706093                    /usr/lib/x86_64-linux-gnu/libpulse.so.0.13.5
7f7433739000-7f7433939000 ---p 00046000 08:07 1706093                    /usr/lib/x86_64-linux-gnu/libpulse.so.0.13.5
7f7433939000-7f743393a000 r--p 00046000 08:07 1706093                    /usr/lib/x86_64-linux-gnu/libpulse.so.0.13.5
7f743393a000-7f743393b000 rw-p 00047000 08:07 1706093                    /usr/lib/x86_64-linux-gnu/libpulse.so.0.13.5
7f743393b000-7f743398d000 r-xp 00000000 08:07 1572977                    /tmp/libgdxlachlan/4263204358/libopenal64.so
7f743398d000-7f7433b8c000 ---p 00052000 08:07 1572977                    /tmp/libgdxlachlan/4263204358/libopenal64.so
7f7433b8c000-7f7433b8e000 r--p 00051000 08:07 1572977                    /tmp/libgdxlachlan/4263204358/libopenal64.so
7f7433b8e000-7f7433b8f000 rw-p 00053000 08:07 1572977                    /tmp/libgdxlachlan/4263204358/libopenal64.so
7f7433b8f000-7f7433b90000 rw-p 00000000 00:00 0 
7f7433b90000-7f7433b94000 r-xp 00000000 08:07 1709808                    /usr/lib/x86_64-linux-gnu/libXxf86vm.so.1.0.0
7f7433b94000-7f7433d93000 ---p 00004000 08:07 1709808                    /usr/lib/x86_64-linux-gnu/libXxf86vm.so.1.0.0
7f7433d93000-7f7433d94000 r--p 00003000 08:07 1709808                    /usr/lib/x86_64-linux-gnu/libXxf86vm.so.1.0.0
7f7433d94000-7f7433d95000 rw-p 00004000 08:07 1709808                    /usr/lib/x86_64-linux-gnu/libXxf86vm.so.1.0.0
7f7433d95000-7f7433dfd000 r-xp 00000000 08:07 1572978                    /tmp/libgdxlachlan/4263204358/liblwjgl64.so
7f7433dfd000-7f7433ffd000 ---p 00068000 08:07 1572978                    /tmp/libgdxlachlan/4263204358/liblwjgl64.so
7f7433ffd000-7f7433fff000 r--p 00068000 08:07 1572978                    /tmp/libgdxlachlan/4263204358/liblwjgl64.so
7f7433fff000-7f7434000000 rw-p 0006a000 08:07 1572978                    /tmp/libgdxlachlan/4263204358/liblwjgl64.so
7f7434000000-7f74341bc000 rw-p 00000000 00:00 0 
7f74341bc000-7f7438000000 ---p 00000000 00:00 0 
7f7438000000-7f7438021000 rw-p 00000000 00:00 0 
7f7438021000-7f743c000000 ---p 00000000 00:00 0 
7f743c00a000-7f743c04a000 rw-s 135d24000 00:05 10241                     /dev/nvidia0
7f743c04a000-7f743c0cb000 rw-p 00000000 00:00 0 
7f743c0cb000-7f743c0cc000 r-xp 00000000 08:07 2648411                    /usr/lib/jvm/java-7-openjdk-amd64/jre/lib/amd64/libjawt.so
7f743c0cc000-7f743c2cb000 ---p 00001000 08:07 2648411                    /usr/lib/jvm/java-7-openjdk-amd64/jre/lib/amd64/libjawt.so
7f743c2cb000-7f743c2cc000 r--p 00000000 08:07 2648411                    /usr/lib/jvm/java-7-openjdk-amd64/jre/lib/amd64/libjawt.so
7f743c2cc000-7f743c2cd000 rw-p 00001000 08:07 2648411                    /usr/lib/jvm/java-7-openjdk-amd64/jre/lib/amd64/libjawt.so
7f743c2cd000-7f743c335000 r-xp 00000000 08:07 1572976                    /tmp/libgdxlachlan/4263204358/libgdx64.so
7f743c335000-7f743c534000 ---p 00068000 08:07 1572976                    /tmp/libgdxlachlan/4263204358/libgdx64.so
7f743c534000-7f743c536000 r--p 00067000 08:07 1572976                    /tmp/libgdxlachlan/4263204358/libgdx64.so
7f743c536000-7f743c537000 rw-p 00069000 08:07 1572976                    /tmp/libgdxlachlan/4263204358/libgdx64.so
7f743c537000-7f743c538000 rw-p 00000000 00:00 0 
7f743c538000-7f743c645000 rw-s 00000000 00:04 38404118                   /SYSV00000000 (deleted)
7f743c645000-7f743c6a5000 rw-s 00000000 00:04 38371349                   /SYSV00000000 (deleted)
7f743c6a5000-7f743c6a8000 ---p 00000000 00:00 0 
7f743c6a8000-7f743c7a6000 rw-p 00000000 00:00 0 
7f743c7a6000-7f743c7a9000 ---p 00000000 00:00 0 
7f743c7a9000-7f743c8a7000 rw-p 00000000 00:00 0 
7f743c8a7000-7f743c8aa000 ---p 00000000 00:00 0 
7f743c8aa000-7f743c9a8000 rw-p 00000000 00:00 0 
7f743c9a8000-7f743c9ab000 ---p 00000000 00:00 0 
7f743c9ab000-7f743caa9000 rw-p 00000000 00:00 0 
7f743caa9000-7f743caac000 ---p 00000000 00:00 0 
7f743caac000-7f743cbaa000 rw-p 00000000 00:00 0 
7f743cbaa000-7f743cbb6000 r-xp 00000000 08:07 393350                     /lib/x86_64-linux-gnu/libudev.so.0.13.0
7f743cbb6000-7f743cdb5000 ---p 0000c000 08:07 393350                     /lib/x86_64-linux-gnu/libudev.so.0.13.0
7f743cdb5000-7f743cdb6000 r--p 0000b000 08:07 393350                     /lib/x86_64-linux-gnu/libudev.so.0.13.0
7f743cdb6000-7f743cdb7000 rw-p 0000c000 08:07 393350                     /lib/x86_64-linux-gnu/libudev.so.0.13.0
7f743cdb7000-7f743cdcd000 r-xp 00000000 08:07 1705125                    /usr/lib/x86_64-linux-gnu/gvfs/libgvfscommon.so
7f743cdcd000-7f743cfcc000 ---p 00016000 08:07 1705125                    /usr/lib/x86_64-linux-gnu/gvfs/libgvfscommon.so
7f743cfcc000-7f743cfcd000 r--p 00015000 08:07 1705125                    /usr/lib/x86_64-linux-gnu/gvfs/libgvfscommon.so
7f743cfcd000-7f743cfce000 rw-p 00016000 08:07 1705125                    /usr/lib/x86_64-linux-gnu/gvfs/libgvfscommon.so
7f743cfce000-7f743cff6000 r-xp 00000000 08:07 2098814                    /usr/lib/x86_64-linux-gnu/gio/modules/libgvfsdbus.so
7f743cff6000-7f743d1f5000 ---p 00028000 08:07 2098814                    /usr/lib/x86_64-linux-gnu/gio/modules/libgvfsdbus.so
7f743d1f5000-7f743d1f6000 r--p 00027000 08:07 2098814                    /usr/lib/x86_64-linux-gnu/gio/modules/libgvfsdbus.so
7f743d1f6000-7f743d1f7000 rw-p 00028000 08:07 2098814                    /usr/lib/x86_64-linux-gnu/gio/modules/libgvfsdbus.so
7f743d1f7000-7f743d23b000 r-xp 00000000 08:07 1712772                    /usr/lib/x86_64-linux-gnu/libibus-1.0.so.0.401.0
7f743d23b000-7f743d43a000 ---p 00044000 08:07 1712772                    /usr/lib/x86_64-linux-gnu/libibus-1.0.so.0.401.0
7f743d43a000-7f743d43c000 r--p 00043000 08:07 1712772                    /usr/lib/x86_64-linux-gnu/libibus-1.0.so.0.401.0
7f743d43c000-7f743d43d000 rw-p 00045000 08:07 1712772                    /usr/lib/x86_64-linux-gnu/libibus-1.0.so.0.401.0
7f743d43d000-7f743d43e000 rw-p 00000000 00:00 0 
7f743d465000-7f743d46b000 r-xp 00000000 08:07 2102164                    /usr/lib/x86_64-linux-gnu/gtk-2.0/2.10.0/immodules/im-ibus.so
7f743d46b000-7f743d66a000 ---p 00006000 08:07 2102164                    /usr/lib/x86_64-linux-gnu/gtk-2.0/2.10.0/immodules/im-ibus.so
7f743d66a000-7f743d66b000 r--p 00005000 08:07 2102164                    /usr/lib/x86_64-linux-gnu/gtk-2.0/2.10.0/immodules/im-ibus.so
7f743d66b000-7f743d66c000 rw-p 00006000 08:07 2102164                    /usr/lib/x86_64-linux-gnu/gtk-2.0/2.10.0/immodules/im-ibus.so
7f743d66c000-7f743d689000 r--p 00000000 08:07 2490767                    /usr/share/fonts/truetype/droid/DroidSansMono.ttf
7f743d689000-7f743d6e0000 r--p 00000000 08:07 2493594                    /usr/share/fonts/truetype/ubuntu-font-family/Ubuntu-R.ttf
7f743d6e0000-7f743d6e2000 r-xp 00000000 08:07 2101773                    /usr/lib/x86_64-linux-gnu/pango/1.6.0/modules/pango-basic-fc.so
7f743d6e2000-7f743d8e1000 ---p 00002000 08:07 2101773                    /usr/lib/x86_64-linux-gnu/pango/1.6.0/modules/pango-basic-fc.so
7f743d8e1000-7f743d8e2000 r--p 00001000 08:07 2101773                    /usr/lib/x86_64-linux-gnu/pango/1.6.0/modules/pango-basic-fc.so
7f743d8e2000-7f743d8e3000 rw-p 00002000 08:07 2101773                    /usr/lib/x86_64-linux-gnu/pango/1.6.0/modules/pango-basic-fc.so
7f743d8f5000-7f743d912000 r--s 00000000 08:07 3542785                    /usr/share/texmf/fonts/type1/public/lm/lmtk10.pfb
7f743d912000-7f743d91b000 r--s 00000000 08:07 2492981                    /usr/share/fonts/X11/Type1/c0633bt_.pfb
7f743d91b000-7f743d92d000 r--s 00000000 08:07 2493785                    /usr/share/fonts/type1/gsfonts/n019043l.pfb
7f743d92d000-7f743d94a000 r--s 00000000 08:07 3541715                    /usr/share/texmf/fonts/type1/public/lm/lmssq8.pfb
7f743d94a000-7f743d968000 r--s 00000000 08:07 3541692                    /usr/share/texmf/fonts/type1/public/lm/lmssbx10.pfb
7f743d968000-7f743d979000 r--s 00000000 08:07 2493791                    /usr/share/fonts/type1/gsfonts/n019063l.pfb
7f743d979000-7f743d994000 r--s 00000000 08:07 2493827                    /usr/share/fonts/type1/gsfonts/p052023l.pfb
7f743d994000-7f743d9b3000 r--s 00000000 08:07 3541655                    /usr/share/texmf/fonts/type1/public/lm/lmdunh10.pfb
7f743d9b3000-7f743d9d0000 r--s 00000000 08:07 3541693                    /usr/share/texmf/fonts/type1/public/lm/lmssdc10.pfb
7f743d9d0000-7f743d9f2000 r--s 00000000 08:07 3540376                    /usr/share/texmf/fonts/type1/public/lm/lmbo10.pfb
7f743d9f2000-7f743d9fc000 r--s 00000000 08:07 2492977                    /usr/share/fonts/X11/Type1/c0611bt_.pfb
7f743da18000-7f743da35000 r--s 00000000 08:07 3544076                    /usr/share/texmf/fonts/type1/public/lm/lmvtt10.pfb
7f743da51000-7f743da75000 r--s 00000000 08:07 3541656                    /usr/share/texmf/fonts/type1/public/lm/lmduno10.pfb
7f743da75000-7f743da91000 r--s 00000000 08:07 3543077                    /usr/share/texmf/fonts/type1/public/lm/lmtt10.pfb
7f743daa7000-7f743dac2000 r--s 00000000 08:07 2493824                    /usr/share/fonts/type1/gsfonts/p052004l.pfb
7f743dac2000-7f743dad5000 r--s 00000000 08:07 2493794                    /usr/share/fonts/type1/gsfonts/n019064l.pfb
7f743daf5000-7f743db11000 r--s 00000000 08:07 2493830                    /usr/share/fonts/type1/gsfonts/p052024l.pfb
7f743db11000-7f743db2f000 r--s 00000000 08:07 3544074                    /usr/share/texmf/fonts/type1/public/lm/lmvtl10.pfb
7f743db2f000-7f743db47000 r--s 00000000 08:07 2493767                    /usr/share/fonts/type1/gsfonts/c059036l.pfb
7f743db47000-7f743db50000 r--s 00000000 08:07 2493833                    /usr/share/fonts/type1/gsfonts/s050000l.pfb
7f743db50000-7f743db62000 r--s 00000000 08:07 2493755                    /usr/share/fonts/type1/gsfonts/b018035l.pfb
7f743db62000-7f743db6c000 r--s 00000000 08:07 2492973                    /usr/share/fonts/X11/Type1/c0582bt_.pfb
7f743db6c000-7f743db76000 r--s 00000000 08:07 2492975                    /usr/share/fonts/X11/Type1/c0583bt_.pfb
7f743db8e000-7f743db97000 r--s 00000000 08:07 2492983                    /usr/share/fonts/X11/Type1/c0648bt_.pfb
7f743db97000-7f743dbb3000 r--s 00000000 08:07 3544071                    /usr/share/texmf/fonts/type1/public/lm/lmu10.pfb
7f743dbd0000-7f743dbe8000 r--s 00000000 08:07 3541686                    /usr/share/texmf/fonts/type1/public/lm/lmss10.pfb
7f743dbe8000-7f743dc07000 r--s 00000000 08:07 3541716                    /usr/share/texmf/fonts/type1/public/lm/lmssqbo8.pfb
7f743dc07000-7f743dc22000 r--s 00000000 08:07 2493761                    /usr/share/fonts/type1/gsfonts/c059016l.pfb
7f743dc22000-7f743dc40000 r--s 00000000 08:07 3541668                    /usr/share/texmf/fonts/type1/public/lm/lmr10.pfb
7f743dc40000-7f743dc5f000 r--s 00000000 08:07 3544072                    /usr/share/texmf/fonts/type1/public/lm/lmvtk10.pfb
7f743dc5f000-7f743dc84000 r--s 00000000 08:07 3544073                    /usr/share/texmf/fonts/type1/public/lm/lmvtko10.pfb
7f743dc96000-7f743dcb3000 rw-s 11f132000 00:05 10241                     /dev/nvidia0
7f743dcb3000-7f743dcd5000 r--s 00000000 08:07 3541691                    /usr/share/texmf/fonts/type1/public/lm/lmssbo10.pfb
7f743dcd5000-7f743dcf8000 r--s 00000000 08:07 3543048                    /usr/share/texmf/fonts/type1/public/lm/lmtko10.pfb
7f743dcf8000-7f743dd0a000 r--s 00000000 08:07 2493788                    /usr/share/fonts/type1/gsfonts/n019044l.pfb
7f743dd23000-7f743dd43000 r--s 00000000 08:07 3542751                    /usr/share/texmf/fonts/type1/public/lm/lmtcso10.pfb
7f743dd43000-7f743dd4c000 r--s 00000000 08:07 2492979                    /usr/share/fonts/X11/Type1/c0632bt_.pfb
7f743dd4c000-7f743dd5f000 r--s 00000000 08:07 2493749                    /usr/share/fonts/type1/gsfonts/b018015l.pfb
7f743dd5f000-7f743dd7a000 r--s 00000000 08:07 3542698                    /usr/share/texmf/fonts/type1/public/lm/lmtcsc10.pfb
7f743dd7c000-7f743dd7f000 ---p 00000000 00:00 0 
7f743dd7f000-7f743dda4000 rw-p 00000000 00:00 0 
7f743dda4000-7f743ddc5000 r--s 00000000 08:07 3541654                    /usr/share/texmf/fonts/type1/public/lm/lmcsco10.pfb
7f743ddc5000-7f743dddd000 r--s 00000000 08:07 2493764                    /usr/share/fonts/type1/gsfonts/c059033l.pfb
7f743dddd000-7f743ddf8000 r--s 00000000 08:07 2493821                    /usr/share/fonts/type1/gsfonts/p052003l.pfb
7f743ddf8000-7f743de1a000 r--s 00000000 08:07 3541704                    /usr/share/texmf/fonts/type1/public/lm/lmssdo10.pfb
7f743de2e000-7f743de48000 r--s 00000000 08:07 3543072                    /usr/share/texmf/fonts/type1/public/lm/lmtl10.pfb
7f743de48000-7f743de67000 r--s 00000000 08:07 3540374                    /usr/share/texmf/fonts/type1/public/lm/lmb10.pfb
7f743de67000-7f743de71000 r--s 00000000 08:07 2492971                    /usr/share/fonts/X11/Type1/c0419bt_.pfb
7f743de71000-7f743de8c000 r--s 00000000 08:07 3541709                    /usr/share/texmf/fonts/type1/public/lm/lmsso10.pfb
7f743dea2000-7f743debc000 r--s 00000000 08:07 2493758                    /usr/share/fonts/type1/gsfonts/c059013l.pfb
7f743debc000-7f743dedc000 r--s 00000000 08:07 3541718                    /usr/share/texmf/fonts/type1/public/lm/lmssqo8.pfb
7f743dedc000-7f743def9000 r--s 00000000 08:07 3541717                    /usr/share/texmf/fonts/type1/public/lm/lmssqbx8.pfb
7f743df0a000-7f743df0d000 r--p 00000000 08:07 2387685                    /usr/share/locale-langpack/en_AU/LC_MESSAGES/pulseaudio.mo
7f743df0d000-7f743df28000 r--s 00000000 08:07 3543073                    /usr/share/texmf/fonts/type1/public/lm/lmtlc10.pfb
7f743df28000-7f743df3d000 r--s 00000000 08:07 2493752                    /usr/share/fonts/type1/gsfonts/b018032l.pfb
7f743df3d000-7f743df46000 r--s 00000000 08:07 2492985                    /usr/share/fonts/X11/Type1/c0649bt_.pfb
7f743df46000-7f743df5f000 r--s 00000000 08:07 3544069                    /usr/share/texmf/fonts/type1/public/lm/lmtti10.pfb
7f743df5f000-7f743df76000 r--s 00000000 08:07 2493836                    /usr/share/fonts/type1/gsfonts/z003034l.pfb
7f743df76000-7f743df95000 r--s 00000000 08:07 3544070                    /usr/share/texmf/fonts/type1/public/lm/lmtto10.pfb
7f743df95000-7f743dfb4000 r--s 00000000 08:07 3543076                    /usr/share/texmf/fonts/type1/public/lm/lmtlo10.pfb
7f743dfb4000-7f743dfc4000 r--s 00000000 08:07 2493737                    /usr/share/fonts/type1/gsfonts/a010015l.pfb
7f743dfc4000-7f743dfd5000 r--s 00000000 08:07 2493743                    /usr/share/fonts/type1/gsfonts/a010035l.pfb
7f743dfd5000-7f743dff6000 r--s 00000000 08:07 3544077                    /usr/share/texmf/fonts/type1/public/lm/lmvtto10.pfb
7f743dff6000-7f743e018000 r--s 00000000 08:07 3543075                    /usr/share/texmf/fonts/type1/public/lm/lmtlco10.pfb
7f743e018000-7f743e039000 r--s 00000000 08:07 3541681                    /usr/share/texmf/fonts/type1/public/lm/lmro10.pfb
7f743e039000-7f743e052000 r--s 00000000 08:07 2493746                    /usr/share/fonts/type1/gsfonts/b018012l.pfb
7f743e064000-7f743e065000 rw-p 00000000 00:00 0 
7f743e065000-7f743e069000 rw-s 39385000 00:05 10241                      /dev/nvidia0
7f743e069000-7f743e075000 r--s 00000000 08:07 2493770                    /usr/share/fonts/type1/gsfonts/d050000l.pfb
7f743e075000-7f743e097000 r--s 00000000 08:07 3541652                    /usr/share/texmf/fonts/type1/public/lm/lmbxo10.pfb
7f743e097000-7f743e0a7000 r--s 00000000 08:07 2493734                    /usr/share/fonts/type1/gsfonts/a010013l.pfb
7f743e0a7000-7f743e0a8000 rw-p 00000000 00:00 0 
7f743e0a8000-7f743e0aa000 rw-s 00000000 08:07 1572979                    /tmp/glLS1MAt (deleted)
7f743e0aa000-7f743e0ab000 rw-s d000d000 00:05 10241                      /dev/nvidia0
7f743e0ab000-7f743e0ac000 rw-s 39384000 00:05 10241                      /dev/nvidia0
7f743e0ac000-7f743e0ad000 rw-s e2c10000 00:05 10241                      /dev/nvidia0
7f743e0ad000-7f743e0ae000 rw-s e2642000 00:05 10241                      /dev/nvidia0
7f743e0ae000-7f743e0af000 rw-s 11f967000 00:05 10241                     /dev/nvidia0
7f743e0af000-7f743e0b0000 rw-s 825ce000 00:05 10241                      /dev/nvidia0
7f743e0b0000-7f743e0b4000 rw-s 133ff7000 00:05 10241                     /dev/nvidia0
7f743e0b4000-7f743e0b5000 rw-s d000a000 00:05 10241                      /dev/nvidia0
7f743e0b5000-7f743e0b6000 rw-s 133ffb000 00:05 10241                     /dev/nvidia0
7f743e0b6000-7f743e0ba000 rw-s 133f0d000 00:05 10241                     /dev/nvidia0
7f743e0ba000-7f743e0bb000 rw-s e2c0e000 00:05 10241                      /dev/nvidia0
7f743e0bb000-7f743e0bc000 rw-s e2641000 00:05 10241                      /dev/nvidia0
7f743e0bc000-7f743e0bd000 rw-s 28f56000 00:05 10241                      /dev/nvidia0
7f743e0bd000-7f743e0be000 rw-s 137f10000 00:05 10241                     /dev/nvidia0
7f743e0be000-7f743e0bf000 rw-s e2060000 00:05 10241                      /dev/nvidia0
7f743e0bf000-7f743e0c0000 rw-s e2060000 00:05 10241                      /dev/nvidia0
7f743e0c0000-7f743e0e2000 r--s 00000000 08:07 3544075                    /usr/share/texmf/fonts/type1/public/lm/lmvtlo10.pfb
7f743e0e2000-7f743e0f2000 r--s 00000000 08:07 2493740                    /usr/share/fonts/type1/gsfonts/a010033l.pfb
7f743e0f2000-7f743e0fb000 r--s 00000000 08:07 2623759                    /var/cache/fontconfig/945677eb7aeaf62f1d50efc3fb3ec7d8-le64.cache-3
7f743e0fb000-7f743e0fd000 r--s 00000000 08:07 2626556                    /var/cache/fontconfig/99e8ed0e538f840c565b6ed5dad60d56-le64.cache-3
7f743e0fd000-7f743e105000 r--s 00000000 08:07 2626555                    /var/cache/fontconfig/a6d8cf8e4ec09cdbc8633c31745a07dd-le64.cache-3
7f743e105000-7f743e109000 r--s 00000000 08:07 2626554                    /var/cache/fontconfig/2cd17615ca594fa2959ae173292e504c-le64.cache-3
7f743e109000-7f743e10c000 r--s 00000000 08:07 2626552                    /var/cache/fontconfig/b5ea634b0fb353b8ea17632d1f9ef766-le64.cache-3
7f743e10c000-7f743e13a000 r--s 00000000 08:07 2626544                    /var/cache/fontconfig/365b55f210c0a22e9a19e35191240f32-le64.cache-3
7f743e13a000-7f743e175000 r-xp 00000000 08:07 2630995                    /usr/lib/jvm/java-7-openjdk-amd64/jre/lib/amd64/libfontmanager.so
7f743e175000-7f743e374000 ---p 0003b000 08:07 2630995                    /usr/lib/jvm/java-7-openjdk-amd64/jre/lib/amd64/libfontmanager.so
7f743e374000-7f743e376000 r--p 0003a000 08:07 2630995                    /usr/lib/jvm/java-7-openjdk-amd64/jre/lib/amd64/libfontmanager.so
7f743e376000-7f743e377000 rw-p 0003c000 08:07 2630995                    /usr/lib/jvm/java-7-openjdk-amd64/jre/lib/amd64/libfontmanager.so
7f743e377000-7f743e3a6000 r-xp 00000000 08:07 2099478                    /usr/lib/x86_64-linux-gnu/gtk-2.0/2.10.0/engines/libmurrine.so
7f743e3a6000-7f743e5a6000 ---p 0002f000 08:07 2099478                    /usr/lib/x86_64-linux-gnu/gtk-2.0/2.10.0/engines/libmurrine.so
7f743e5a6000-7f743e5a7000 r--p 0002f000 08:07 2099478                    /usr/lib/x86_64-linux-gnu/gtk-2.0/2.10.0/engines/libmurrine.so
7f743e5a7000-7f743e5a8000 rw-p 00030000 08:07 2099478                    /usr/lib/x86_64-linux-gnu/gtk-2.0/2.10.0/engines/libmurrine.so
7f743e5a8000-7f743e5a9000 ---p 00000000 00:00 0 
7f743e5a9000-7f743eda9000 rw-p 00000000 00:00 0 
7f743eda9000-7f743edaf000 r-xp 00000000 08:07 1712289                    /usr/lib/x86_64-linux-gnu/libogg.so.0.7.1
7f743edaf000-7f743efae000 ---p 00006000 08:07 1712289                    /usr/lib/x86_64-linux-gnu/libogg.so.0.7.1
7f743efae000-7f743efaf000 r--p 00005000 08:07 1712289                    /usr/lib/x86_64-linux-gnu/libogg.so.0.7.1
7f743efaf000-7f743efb0000 rw-p 00006000 08:07 1712289                    /usr/lib/x86_64-linux-gnu/libogg.so.0.7.1
7f743efb0000-7f743efdb000 r-xp 00000000 08:07 1714001                    /usr/lib/x86_64-linux-gnu/libvorbis.so.0.4.5
7f743efdb000-7f743f1da000 ---p 0002b000 08:07 1714001                    /usr/lib/x86_64-linux-gnu/libvorbis.so.0.4.5
7f743f1da000-7f743f1db000 r--p 0002a000 08:07 1714001                    /usr/lib/x86_64-linux-gnu/libvorbis.so.0.4.5
7f743f1db000-7f743f1dc000 rw-p 0002b000 08:07 1714001                    /usr/lib/x86_64-linux-gnu/libvorbis.so.0.4.5
7f743f1dc000-7f743f1e4000 r-xp 00000000 08:07 1704173                    /usr/lib/x86_64-linux-gnu/libltdl.so.7.3.0
7f743f1e4000-7f743f3e4000 ---p 00008000 08:07 1704173                    /usr/lib/x86_64-linux-gnu/libltdl.so.7.3.0
7f743f3e4000-7f743f3e5000 r--p 00008000 08:07 1704173                    /usr/lib/x86_64-linux-gnu/libltdl.so.7.3.0
7f743f3e5000-7f743f3e6000 rw-p 00009000 08:07 1704173                    /usr/lib/x86_64-linux-gnu/libltdl.so.7.3.0
7f743f3e6000-7f743f3f6000 r-xp 00000000 08:07 1703967                    /usr/lib/x86_64-linux-gnu/libtdb.so.1.2.9
7f743f3f6000-7f743f5f5000 ---p 00010000 08:07 1703967                    /usr/lib/x86_64-linux-gnu/libtdb.so.1.2.9
7f743f5f5000-7f743f5f6000 r--p 0000f000 08:07 1703967                    /usr/lib/x86_64-linux-gnu/libtdb.so.1.2.9
7f743f5f6000-7f743f5f7000 rw-p 00010000 08:07 1703967                    /usr/lib/x86_64-linux-gnu/libtdb.so.1.2.9
7f743f5f7000-7f743f5fe000 r-xp 00000000 08:07 1713998                    /usr/lib/x86_64-linux-gnu/libvorbisfile.so.3.3.4
7f743f5fe000-7f743f7fd000 ---p 00007000 08:07 1713998                    /usr/lib/x86_64-linux-gnu/libvorbisfile.so.3.3.4
7f743f7fd000-7f743f7fe000 r--p 00006000 08:07 1713998                    /usr/lib/x86_64-linux-gnu/libvorbisfile.so.3.3.4
7f743f7fe000-7f743f7ff000 rw-p 00007000 08:07 1713998                    /usr/lib/x86_64-linux-gnu/libvorbisfile.so.3.3.4
7f743f7ff000-7f743f800000 ---p 00000000 00:00 0 
7f743f800000-7f7440000000 rw-p 00000000 00:00 0 
7f7440000000-7f7440021000 rw-p 00000000 00:00 0 
7f7440021000-7f7444000000 ---p 00000000 00:00 0 
7f7444000000-7f7444001000 rw-s 137f60000 00:05 10241                     /dev/nvidia0
7f7444001000-7f7444002000 r--p 00000000 08:07 2367818                    /usr/share/locale-langpack/en_AU/LC_MESSAGES/gdk-pixbuf.mo
7f7444002000-7f7444003000 r--s 00000000 08:07 2626551                    /var/cache/fontconfig/0d8c3b2ac0904cb8a57a757ad11a4a08-le64.cache-3
7f7444003000-7f7444009000 r--s 00000000 08:07 2626550                    /var/cache/fontconfig/a755afe4a08bf5b97852ceb7400b47bc-le64.cache-3
7f7444009000-7f7444012000 r--s 00000000 08:07 2626549                    /var/cache/fontconfig/6d41288fd70b0be22e8c3a91e032eec0-le64.cache-3
7f7444012000-7f7444022000 r--s 00000000 08:07 2626548                    /var/cache/fontconfig/04aabc0a78ac019cf9454389977116d2-le64.cache-3
7f7444022000-7f7444025000 r--s 00000000 08:07 2626547                    /var/cache/fontconfig/385c0604a188198f04d133e54aba7fe7-le64.cache-3
7f7444025000-7f7444028000 r--s 00000000 08:07 2626545                    /var/cache/fontconfig/8801497958630a81b71ace7c5f9b32a8-le64.cache-3
7f7444028000-7f744402d000 r--s 00000000 08:07 2626543                    /var/cache/fontconfig/3047814df9a2f067bd2d96a2b9c36e5a-le64.cache-3
7f744402d000-7f744402e000 r--s 00000000 08:07 2626542                    /var/cache/fontconfig/56cf4f4769d0f4abc89a4895d7bd3ae1-le64.cache-3
7f744402e000-7f744402f000 r--s 00000000 08:07 2626541                    /var/cache/fontconfig/b9d506c9ac06c20b433354fa67a72993-le64.cache-3
7f744402f000-7f7444034000 r--s 00000000 08:07 2626540                    /var/cache/fontconfig/b47c4e1ecd0709278f4910c18777a504-le64.cache-3
7f7444034000-7f7444043000 r-xp 00000000 08:07 1704724                    /usr/lib/x86_64-linux-gnu/libcanberra.so.0.2.5
7f7444043000-7f7444242000 ---p 0000f000 08:07 1704724                    /usr/lib/x86_64-linux-gnu/libcanberra.so.0.2.5
7f7444242000-7f7444243000 r--p 0000e000 08:07 1704724                    /usr/lib/x86_64-linux-gnu/libcanberra.so.0.2.5
7f7444243000-7f7444244000 rw-p 0000f000 08:07 1704724                    /usr/lib/x86_64-linux-gnu/libcanberra.so.0.2.5
7f7444244000-7f7444248000 r-xp 00000000 08:07 1705758                    /usr/lib/x86_64-linux-gnu/libcanberra-gtk.so.0.1.8
7f7444248000-7f7444447000 ---p 00004000 08:07 1705758                    /usr/lib/x86_64-linux-gnu/libcanberra-gtk.so.0.1.8
7f7444447000-7f7444448000 r--p 00003000 08:07 1705758                    /usr/lib/x86_64-linux-gnu/libcanberra-gtk.so.0.1.8
7f7444448000-7f7444449000 rw-p 00004000 08:07 1705758                    /usr/lib/x86_64-linux-gnu/libcanberra-gtk.so.0.1.8
7f7444449000-7f744444e000 r-xp 00000000 08:07 2102165                    /usr/lib/x86_64-linux-gnu/gtk-2.0/modules/libcanberra-gtk-module.so
7f744444e000-7f744464d000 ---p 00005000 08:07 2102165                    /usr/lib/x86_64-linux-gnu/gtk-2.0/modules/libcanberra-gtk-module.so
7f744464d000-7f744464e000 r--p 00004000 08:07 2102165                    /usr/lib/x86_64-linux-gnu/gtk-2.0/modules/libcanberra-gtk-module.so
7f744464e000-7f744464f000 rw-p 00005000 08:07 2102165                    /usr/lib/x86_64-linux-gnu/gtk-2.0/modules/libcanberra-gtk-module.so
7f744464f000-7f7444656000 r-xp 00000000 08:07 2100530                    /usr/lib/x86_64-linux-gnu/gio/modules/libdconfsettings.so
7f7444656000-7f7444855000 ---p 00007000 08:07 2100530                    /usr/lib/x86_64-linux-gnu/gio/modules/libdconfsettings.so
7f7444855000-7f7444856000 r--p 00006000 08:07 2100530                    /usr/lib/x86_64-linux-gnu/gio/modules/libdconfsettings.so
7f7444856000-7f7444857000 rw-p 00007000 08:07 2100530                    /usr/lib/x86_64-linux-gnu/gio/modules/libdconfsettings.so
7f7444857000-7f7444867000 r-xp 00000000 08:07 1704967                    /usr/lib/liboverlay-scrollbar-0.2.so.0.0.16
7f7444867000-7f7444a66000 ---p 00010000 08:07 1704967                    /usr/lib/liboverlay-scrollbar-0.2.so.0.0.16
7f7444a66000-7f7444a67000 r--p 0000f000 08:07 1704967                    /usr/lib/liboverlay-scrollbar-0.2.so.0.0.16
7f7444a67000-7f7444a68000 rw-p 00010000 08:07 1704967                    /usr/lib/liboverlay-scrollbar-0.2.so.0.0.16
7f7444a68000-7f7444a6b000 ---p 00000000 00:00 0 
7f7444a6b000-7f7444b69000 rw-p 00000000 00:00 0 
7f7444b69000-7f7444b6c000 r-xp 00000000 08:07 396599                     /lib/x86_64-linux-gnu/libgpg-error.so.0.8.0
7f7444b6c000-7f7444d6b000 ---p 00003000 08:07 396599                     /lib/x86_64-linux-gnu/libgpg-error.so.0.8.0
7f7444d6b000-7f7444d6c000 r--p 00002000 08:07 396599                     /lib/x86_64-linux-gnu/libgpg-error.so.0.8.0
7f7444d6c000-7f7444d6d000 rw-p 00003000 08:07 396599                     /lib/x86_64-linux-gnu/libgpg-error.so.0.8.0
7f7444d6d000-7f7444d70000 r-xp 00000000 08:07 393322                     /lib/x86_64-linux-gnu/libkeyutils.so.1.4
7f7444d70000-7f7444f6f000 ---p 00003000 08:07 393322                     /lib/x86_64-linux-gnu/libkeyutils.so.1.4
7f7444f6f000-7f7444f70000 r--p 00002000 08:07 393322                     /lib/x86_64-linux-gnu/libkeyutils.so.1.4
7f7444f70000-7f7444f71000 rw-p 00003000 08:07 393322                     /lib/x86_64-linux-gnu/libkeyutils.so.1.4
7f7444f71000-7f7444fb3000 r-xp 00000000 08:07 393283                     /lib/x86_64-linux-gnu/libdbus-1.so.3.5.8
7f7444fb3000-7f74451b3000 ---p 00042000 08:07 393283                     /lib/x86_64-linux-gnu/libdbus-1.so.3.5.8
7f74451b3000-7f74451b4000 r--p 00042000 08:07 393283                     /lib/x86_64-linux-gnu/libdbus-1.so.3.5.8
7f74451b4000-7f74451b5000 rw-p 00043000 08:07 393283                     /lib/x86_64-linux-gnu/libdbus-1.so.3.5.8
7f74451b5000-7f74451c6000 r-xp 00000000 08:07 1707850                    /usr/lib/x86_64-linux-gnu/libp11-kit.so.0.0.0
7f74451c6000-7f74453c5000 ---p 00011000 08:07 1707850                    /usr/lib/x86_64-linux-gnu/libp11-kit.so.0.0.0
7f74453c5000-7f74453c6000 r--p 00010000 08:07 1707850                    /usr/lib/x86_64-linux-gnu/libp11-kit.so.0.0.0
7f74453c6000-7f74453c7000 rw-p 00011000 08:07 1707850                    /usr/lib/x86_64-linux-gnu/libp11-kit.so.0.0.0
7f74453c7000-7f7445441000 r-xp 00000000 08:07 396603                     /lib/x86_64-linux-gnu/libgcrypt.so.11.7.0
7f7445441000-7f7445641000 ---p 0007a000 08:07 396603                     /lib/x86_64-linux-gnu/libgcrypt.so.11.7.0
7f7445641000-7f7445642000 r--p 0007a000 08:07 396603                     /lib/x86_64-linux-gnu/libgcrypt.so.11.7.0
7f7445642000-7f7445645000 rw-p 0007b000 08:07 396603                     /lib/x86_64-linux-gnu/libgcrypt.so.11.7.0
7f7445645000-7f7445655000 r-xp 00000000 08:07 1710790                    /usr/lib/x86_64-linux-gnu/libtasn1.so.3.1.12
7f7445655000-7f7445854000 ---p 00010000 08:07 1710790                    /usr/lib/x86_64-linux-gnu/libtasn1.so.3.1.12
7f7445854000-7f7445855000 r--p 0000f000 08:07 1710790                    /usr/lib/x86_64-linux-gnu/libtasn1.so.3.1.12
7f7445855000-7f7445856000 rw-p 00010000 08:07 1710790                    /usr/lib/x86_64-linux-gnu/libtasn1.so.3.1.12
7f7445856000-7f744585d000 r-xp 00000000 08:07 1704429                    /usr/lib/x86_64-linux-gnu/libkrb5support.so.0.1
7f744585d000-7f7445a5c000 ---p 00007000 08:07 1704429                    /usr/lib/x86_64-linux-gnu/libkrb5support.so.0.1
7f7445a5c000-7f7445a5d000 r--p 00006000 08:07 1704429                    /usr/lib/x86_64-linux-gnu/libkrb5support.so.0.1
7f7445a5d000-7f7445a5e000 rw-p 00007000 08:07 1704429                    /usr/lib/x86_64-linux-gnu/libkrb5support.so.0.1
7f7445a5e000-7f7445a61000 r-xp 00000000 08:07 396595                     /lib/x86_64-linux-gnu/libcom_err.so.2.1
7f7445a61000-7f7445c60000 ---p 00003000 08:07 396595                     /lib/x86_64-linux-gnu/libcom_err.so.2.1
7f7445c60000-7f7445c61000 r--p 00002000 08:07 396595                     /lib/x86_64-linux-gnu/libcom_err.so.2.1
7f7445c61000-7f7445c62000 rw-p 00003000 08:07 396595                     /lib/x86_64-linux-gnu/libcom_err.so.2.1
7f7445c62000-7f7445c87000 r-xp 00000000 08:07 1704889                    /usr/lib/x86_64-linux-gnu/libk5crypto.so.3.1
7f7445c87000-7f7445e87000 ---p 00025000 08:07 1704889                    /usr/lib/x86_64-linux-gnu/libk5crypto.so.3.1
7f7445e87000-7f7445e88000 r--p 00025000 08:07 1704889                    /usr/lib/x86_64-linux-gnu/libk5crypto.so.3.1
7f7445e88000-7f7445e89000 rw-p 00026000 08:07 1704889                    /usr/lib/x86_64-linux-gnu/libk5crypto.so.3.1
7f7445e89000-7f7445e8a000 rw-p 00000000 00:00 0 
7f7445e8a000-7f7445f4e000 r-xp 00000000 08:07 1704426                    /usr/lib/x86_64-linux-gnu/libkrb5.so.3.3
7f7445f4e000-7f744614d000 ---p 000c4000 08:07 1704426                    /usr/lib/x86_64-linux-gnu/libkrb5.so.3.3
7f744614d000-7f7446157000 r--p 000c3000 08:07 1704426                    /usr/lib/x86_64-linux-gnu/libkrb5.so.3.3
7f7446157000-7f7446158000 rw-p 000cd000 08:07 1704426                    /usr/lib/x86_64-linux-gnu/libkrb5.so.3.3
7f7446158000-7f7446160000 r-xp 00000000 08:07 1711480                    /usr/lib/x86_64-linux-gnu/libxcb-render.so.0.0.0
7f7446160000-7f7446360000 ---p 00008000 08:07 1711480                    /usr/lib/x86_64-linux-gnu/libxcb-render.so.0.0.0
7f7446360000-7f7446361000 r--p 00008000 08:07 1711480                    /usr/lib/x86_64-linux-gnu/libxcb-render.so.0.0.0
7f7446361000-7f7446362000 rw-p 00009000 08:07 1711480                    /usr/lib/x86_64-linux-gnu/libxcb-render.so.0.0.0
7f7446362000-7f7446364000 r-xp 00000000 08:07 1711484                    /usr/lib/x86_64-linux-gnu/libxcb-shm.so.0.0.0
7f7446364000-7f7446563000 ---p 00002000 08:07 1711484                    /usr/lib/x86_64-linux-gnu/libxcb-shm.so.0.0.0
7f7446563000-7f7446564000 r--p 00001000 08:07 1711484                    /usr/lib/x86_64-linux-gnu/libxcb-shm.so.0.0.0
7f7446564000-7f7446565000 rw-p 00002000 08:07 1711484                    /usr/lib/x86_64-linux-gnu/libxcb-shm.so.0.0.0
7f7446565000-7f744658b000 r-xp 00000000 08:07 396629                     /lib/x86_64-linux-gnu/libpng12.so.0.46.0
7f744658b000-7f744678b000 ---p 00026000 08:07 396629                     /lib/x86_64-linux-gnu/libpng12.so.0.46.0
7f744678b000-7f744678c000 r--p 00026000 08:07 396629                     /lib/x86_64-linux-gnu/libpng12.so.0.46.0
7f744678c000-7f744678d000 rw-p 00027000 08:07 396629                     /lib/x86_64-linux-gnu/libpng12.so.0.46.0
7f744678d000-7f744680e000 r-xp 00000000 08:07 1711453                    /usr/lib/x86_64-linux-gnu/libpixman-1.so.0.24.4
7f744680e000-7f7446a0d000 ---p 00081000 08:07 1711453                    /usr/lib/x86_64-linux-gnu/libpixman-1.so.0.24.4
7f7446a0d000-7f7446a13000 r--p 00080000 08:07 1711453                    /usr/lib/x86_64-linux-gnu/libpixman-1.so.0.24.4
7f7446a13000-7f7446a14000 rw-p 00086000 08:07 1711453                    /usr/lib/x86_64-linux-gnu/libpixman-1.so.0.24.4
7f7446a14000-7f7446a19000 r-xp 00000000 08:07 1711469                    /usr/lib/x86_64-linux-gnu/libXdmcp.so.6.0.0
7f7446a19000-7f7446c18000 ---p 00005000 08:07 1711469                    /usr/lib/x86_64-linux-gnu/libXdmcp.so.6.0.0
7f7446c18000-7f7446c19000 r--p 00004000 08:07 1711469                    /usr/lib/x86_64-linux-gnu/libXdmcp.so.6.0.0
7f7446c19000-7f7446c1a000 rw-p 00005000 08:07 1711469                    /usr/lib/x86_64-linux-gnu/libXdmcp.so.6.0.0
7f7446c1a000-7f7446c1c000 r-xp 00000000 08:07 1711462                    /usr/lib/x86_64-linux-gnu/libXau.so.6.0.0
7f7446c1c000-7f7446e1b000 ---p 00002000 08:07 1711462                    /usr/lib/x86_64-linux-gnu/libXau.so.6.0.0
7f7446e1b000-7f7446e1c000 r--p 00001000 08:07 1711462                    /usr/lib/x86_64-linux-gnu/libXau.so.6.0.0
7f7446e1c000-7f7446e1d000 rw-p 00002000 08:07 1711462                    /usr/lib/x86_64-linux-gnu/libXau.so.6.0.0
7f7446e1d000-7f7446e2d000 r-xp 00000000 08:07 1711535                    /usr/lib/x86_64-linux-gnu/libavahi-client.so.3.2.9
7f7446e2d000-7f744702c000 ---p 00010000 08:07 1711535                    /usr/lib/x86_64-linux-gnu/libavahi-client.so.3.2.9
7f744702c000-7f744702d000 r--p 0000f000 08:07 1711535                    /usr/lib/x86_64-linux-gnu/libavahi-client.so.3.2.9
7f744702d000-7f744702e000 rw-p 00010000 08:07 1711535                    /usr/lib/x86_64-linux-gnu/libavahi-client.so.3.2.9
7f744702e000-7f7447039000 r-xp 00000000 08:07 1711529                    /usr/lib/x86_64-linux-gnu/libavahi-common.so.3.5.3
7f7447039000-7f7447238000 ---p 0000b000 08:07 1711529                    /usr/lib/x86_64-linux-gnu/libavahi-common.so.3.5.3
7f7447238000-7f7447239000 r--p 0000a000 08:07 1711529                    /usr/lib/x86_64-linux-gnu/libavahi-common.so.3.5.3
7f7447239000-7f744723a000 rw-p 0000b000 08:07 1711529                    /usr/lib/x86_64-linux-gnu/libavahi-common.so.3.5.3
7f744723a000-7f74472ee000 r-xp 00000000 08:07 1708303                    /usr/lib/x86_64-linux-gnu/libgnutls.so.26.21.8
7f74472ee000-7f74474ee000 ---p 000b4000 08:07 1708303                    /usr/lib/x86_64-linux-gnu/libgnutls.so.26.21.8
7f74474ee000-7f74474f4000 r--p 000b4000 08:07 1708303                    /usr/lib/x86_64-linux-gnu/libgnutls.so.26.21.8
7f74474f4000-7f74474f5000 rw-p 000ba000 08:07 1708303                    /usr/lib/x86_64-linux-gnu/libgnutls.so.26.21.8
7f74474f5000-7f74474f6000 rw-p 00000000 00:00 0 
7f74474f6000-7f7447531000 r-xp 00000000 08:07 1704420                    /usr/lib/x86_64-linux-gnu/libgssapi_krb5.so.2.2
7f7447531000-7f7447731000 ---p 0003b000 08:07 1704420                    /usr/lib/x86_64-linux-gnu/libgssapi_krb5.so.2.2
7f7447731000-7f7447732000 r--p 0003b000 08:07 1704420                    /usr/lib/x86_64-linux-gnu/libgssapi_krb5.so.2.2
7f7447732000-7f7447734000 rw-p 0003c000 08:07 1704420                    /usr/lib/x86_64-linux-gnu/libgssapi_krb5.so.2.2
7f7447734000-7f744775b000 r-xp 00000000 08:07 396626                     /lib/x86_64-linux-gnu/libexpat.so.1.5.2
7f744775b000-7f744795b000 ---p 00027000 08:07 396626                     /lib/x86_64-linux-gnu/libexpat.so.1.5.2
7f744795b000-7f744795d000 r--p 00027000 08:07 396626                     /lib/x86_64-linux-gnu/libexpat.so.1.5.2
7f744795d000-7f744795e000 rw-p 00029000 08:07 396626                     /lib/x86_64-linux-gnu/libexpat.so.1.5.2
7f744795e000-7f74479f4000 r-xp 00000000 08:07 1710175                    /usr/lib/x86_64-linux-gnu/libfreetype.so.6.8.0
7f74479f4000-7f7447bf3000 ---p 00096000 08:07 1710175                    /usr/lib/x86_64-linux-gnu/libfreetype.so.6.8.0
7f7447bf3000-7f7447bf9000 r--p 00095000 08:07 1710175                    /usr/lib/x86_64-linux-gnu/libfreetype.so.6.8.0
7f7447bf9000-7f7447bfa000 rw-p 0009b000 08:07 1710175                    /usr/lib/x86_64-linux-gnu/libfreetype.so.6.8.0
7f7447bfa000-7f7447bfc000 r-xp 00000000 08:07 1711543                    /usr/lib/x86_64-linux-gnu/libXdamage.so.1.1.0
7f7447bfc000-7f7447dfb000 ---p 00002000 08:07 1711543                    /usr/lib/x86_64-linux-gnu/libXdamage.so.1.1.0
7f7447dfb000-7f7447dfc000 r--p 00001000 08:07 1711543                    /usr/lib/x86_64-linux-gnu/libXdamage.so.1.1.0
7f7447dfc000-7f7447dfd000 rw-p 00002000 08:07 1711543                    /usr/lib/x86_64-linux-gnu/libXdamage.so.1.1.0
7f7447dfd000-7f7447dff000 r-xp 00000000 08:07 1711539                    /usr/lib/x86_64-linux-gnu/libXcomposite.so.1.0.0
7f7447dff000-7f7447ffe000 ---p 00002000 08:07 1711539                    /usr/lib/x86_64-linux-gnu/libXcomposite.so.1.0.0
7f7447ffe000-7f7447fff000 r--p 00001000 08:07 1711539                    /usr/lib/x86_64-linux-gnu/libXcomposite.so.1.0.0
7f7447fff000-7f7448000000 rw-p 00002000 08:07 1711539                    /usr/lib/x86_64-linux-gnu/libXcomposite.so.1.0.0
7f7448000000-7f7448021000 rw-p 00000000 00:00 0 
7f7448021000-7f744c000000 ---p 00000000 00:00 0 
7f744c000000-7f744c007000 r--s 00000000 08:07 2626539                    /var/cache/fontconfig/ce677e824a231659fde4a3a246a10ea3-le64.cache-3
7f744c007000-7f744c00f000 r--s 00000000 08:07 2626537                    /var/cache/fontconfig/52f7bdb7ce746bfd7eaa1985bd9cfa93-le64.cache-3
7f744c00f000-7f744c01f000 r--s 00000000 08:07 2626517                    /var/cache/fontconfig/d52a8644073d54c13679302ca1180695-le64.cache-3
7f744c01f000-7f744c025000 r--s 00000000 08:07 2626508                    /var/cache/fontconfig/3f7329c5293ffd510edef78f73874cfd-le64.cache-3
7f744c025000-7f744c026000 r--s 00000000 08:07 2623634                    /var/cache/fontconfig/62f91419b9ebdb6975e7e41ab6412357-le64.cache-3
7f744c026000-7f744c039000 r--s 00000000 08:07 2623667                    /var/cache/fontconfig/e13b20fdb08344e0e664864cc2ede53d-le64.cache-3
7f744c039000-7f744c03d000 r--s 00000000 08:07 2625748                    /var/cache/fontconfig/7ef2298fde41cc6eeb7af42e48b7d293-le64.cache-3
7f744c03d000-7f744c059000 r--s 00000000 08:07 3541676                    /usr/share/texmf/fonts/type1/public/lm/lmri10.pfb
7f744c059000-7f744c06a000 r--s 00000000 08:07 2493779                    /usr/share/fonts/type1/gsfonts/n019023l.pfb
7f744c06a000-7f744c083000 r--s 00000000 08:07 2493812                    /usr/share/fonts/type1/gsfonts/n022004l.pfb
7f744c083000-7f744c094000 r--s 00000000 08:07 2493782                    /usr/share/fonts/type1/gsfonts/n019024l.pfb
7f744c094000-7f744c0a6000 r--s 00000000 08:07 2493776                    /usr/share/fonts/type1/gsfonts/n019004l.pfb
7f744c0a6000-7f744c0bc000 r--s 00000000 08:07 2493818                    /usr/share/fonts/type1/gsfonts/n022024l.pfb
7f744c0bc000-7f744c0d2000 r--s 00000000 08:07 2493815                    /usr/share/fonts/type1/gsfonts/n022023l.pfb
7f744c0d2000-7f744c0eb000 r--s 00000000 08:07 2493800                    /usr/share/fonts/type1/gsfonts/n021004l.pfb
7f744c0eb000-7f744c0ee000 ---p 00000000 00:00 0 
7f744c0ee000-7f744c1ec000 rw-p 00000000 00:00 0 
7f744c1ec000-7f744c1f5000 r-xp 00000000 08:07 1712093                    /usr/lib/x86_64-linux-gnu/libXcursor.so.1.0.2
7f744c1f5000-7f744c3f4000 ---p 00009000 08:07 1712093                    /usr/lib/x86_64-linux-gnu/libXcursor.so.1.0.2
7f744c3f4000-7f744c3f5000 r--p 00008000 08:07 1712093                    /usr/lib/x86_64-linux-gnu/libXcursor.so.1.0.2
7f744c3f5000-7f744c3f6000 rw-p 00009000 08:07 1712093                    /usr/lib/x86_64-linux-gnu/libXcursor.so.1.0.2
7f744c3f6000-7f744c3fe000 r-xp 00000000 08:07 1712109                    /usr/lib/x86_64-linux-gnu/libXrandr.so.2.2.0
7f744c3fe000-7f744c5fd000 ---p 00008000 08:07 1712109                    /usr/lib/x86_64-linux-gnu/libXrandr.so.2.2.0
7f744c5fd000-7f744c5fe000 r--p 00007000 08:07 1712109                    /usr/lib/x86_64-linux-gnu/libXrandr.so.2.2.0
7f744c5fe000-7f744c5ff000 rw-p 00008000 08:07 1712109                    /usr/lib/x86_64-linux-gnu/libXrandr.so.2.2.0
7f744c5ff000-7f744c601000 r-xp 00000000 08:07 1709455                    /usr/lib/x86_64-linux-gnu/libXinerama.so.1.0.0
7f744c601000-7f744c800000 ---p 00002000 08:07 1709455                    /usr/lib/x86_64-linux-gnu/libXinerama.so.1.0.0
7f744c800000-7f744c801000 r--p 00001000 08:07 1709455                    /usr/lib/x86_64-linux-gnu/libXinerama.so.1.0.0
7f744c801000-7f744c802000 rw-p 00002000 08:07 1709455                    /usr/lib/x86_64-linux-gnu/libXinerama.so.1.0.0
7f744c802000-7f744c82b000 r-xp 00000000 08:07 1705786                    /usr/lib/x86_64-linux-gnu/libpangoft2-1.0.so.0.3000.0
7f744c82b000-7f744ca2a000 ---p 00029000 08:07 1705786                    /usr/lib/x86_64-linux-gnu/libpangoft2-1.0.so.0.3000.0
7f744ca2a000-7f744ca2b000 r--p 00028000 08:07 1705786                    /usr/lib/x86_64-linux-gnu/libpangoft2-1.0.so.0.3000.0
7f744ca2b000-7f744ca2c000 rw-p 00029000 08:07 1705786                    /usr/lib/x86_64-linux-gnu/libpangoft2-1.0.so.0.3000.0
7f744ca2c000-7f744cae5000 r-xp 00000000 08:07 1704354                    /usr/lib/x86_64-linux-gnu/libcairo.so.2.11000.2
7f744cae5000-7f744cce4000 ---p 000b9000 08:07 1704354                    /usr/lib/x86_64-linux-gnu/libcairo.so.2.11000.2
7f744cce4000-7f744cce6000 r--p 000b8000 08:07 1704354                    /usr/lib/x86_64-linux-gnu/libcairo.so.2.11000.2
7f744cce6000-7f744cce7000 rw-p 000ba000 08:07 1704354                    /usr/lib/x86_64-linux-gnu/libcairo.so.2.11000.2
7f744cce7000-7f744ccea000 rw-p 00000000 00:00 0 
7f744ccea000-7f744cd09000 r-xp 00000000 08:07 1711525                    /usr/lib/x86_64-linux-gnu/libatk-1.0.so.0.20409.1
7f744cd09000-7f744cf09000 ---p 0001f000 08:07 1711525                    /usr/lib/x86_64-linux-gnu/libatk-1.0.so.0.20409.1
7f744cf09000-7f744cf0b000 r--p 0001f000 08:07 1711525                    /usr/lib/x86_64-linux-gnu/libatk-1.0.so.0.20409.1
7f744cf0b000-7f744cf0c000 rw-p 00021000 08:07 1711525                    /usr/lib/x86_64-linux-gnu/libatk-1.0.so.0.20409.1
7f744cf0c000-7f744cf11000 r-xp 00000000 08:07 1704102                    /usr/lib/x86_64-linux-gnu/libXfixes.so.3.1.0
7f744cf11000-7f744d110000 ---p 00005000 08:07 1704102                    /usr/lib/x86_64-linux-gnu/libXfixes.so.3.1.0
7f744d110000-7f744d111000 r--p 00004000 08:07 1704102                    /usr/lib/x86_64-linux-gnu/libXfixes.so.3.1.0
7f744d111000-7f744d112000 rw-p 00005000 08:07 1704102                    /usr/lib/x86_64-linux-gnu/libXfixes.so.3.1.0
7f744d112000-7f744d11d000 r-xp 00000000 08:07 1705801                    /usr/lib/x86_64-linux-gnu/libpangocairo-1.0.so.0.3000.0
7f744d11d000-7f744d31c000 ---p 0000b000 08:07 1705801                    /usr/lib/x86_64-linux-gnu/libpangocairo-1.0.so.0.3000.0
7f744d31c000-7f744d31d000 r--p 0000a000 08:07 1705801                    /usr/lib/x86_64-linux-gnu/libpangocairo-1.0.so.0.3000.0
7f744d31d000-7f744d31e000 rw-p 0000b000 08:07 1705801                    /usr/lib/x86_64-linux-gnu/libpangocairo-1.0.so.0.3000.0
7f744d31e000-7f744d33b000 r-xp 00000000 08:07 1711474                    /usr/lib/x86_64-linux-gnu/libxcb.so.1.1.0
7f744d33b000-7f744d53a000 ---p 0001d000 08:07 1711474                    /usr/lib/x86_64-linux-gnu/libxcb.so.1.1.0
7f744d53a000-7f744d53b000 r--p 0001c000 08:07 1711474                    /usr/lib/x86_64-linux-gnu/libxcb.so.1.1.0
7f744d53b000-7f744d53c000 rw-p 0001d000 08:07 1711474                    /usr/lib/x86_64-linux-gnu/libxcb.so.1.1.0
7f744d53c000-7f744d58c000 r-xp 00000000 08:07 1707137                    /usr/lib/x86_64-linux-gnu/libcups.so.2
7f744d58c000-7f744d78b000 ---p 00050000 08:07 1707137                    /usr/lib/x86_64-linux-gnu/libcups.so.2
7f744d78b000-7f744d78f000 r--p 0004f000 08:07 1707137                    /usr/lib/x86_64-linux-gnu/libcups.so.2
7f744d78f000-7f744d790000 rw-p 00053000 08:07 1707137                    /usr/lib/x86_64-linux-gnu/libcups.so.2
7f744d790000-7f744d791000 r-xp 00000000 08:07 1704833                    /usr/lib/x86_64-linux-gnu/libgthread-2.0.so.0.3200.3
7f744d791000-7f744d990000 ---p 00001000 08:07 1704833                    /usr/lib/x86_64-linux-gnu/libgthread-2.0.so.0.3200.3
7f744d990000-7f744d991000 r--p 00000000 08:07 1704833                    /usr/lib/x86_64-linux-gnu/libgthread-2.0.so.0.3200.3
7f744d991000-7f744d992000 rw-p 00001000 08:07 1704833                    /usr/lib/x86_64-linux-gnu/libgthread-2.0.so.0.3200.3
7f744d992000-7f744d9c6000 r-xp 00000000 08:07 1709155                    /usr/lib/x86_64-linux-gnu/libfontconfig.so.1.4.4
7f744d9c6000-7f744dbc6000 ---p 00034000 08:07 1709155                    /usr/lib/x86_64-linux-gnu/libfontconfig.so.1.4.4
7f744dbc6000-7f744dbc7000 r--p 00034000 08:07 1709155                    /usr/lib/x86_64-linux-gnu/libfontconfig.so.1.4.4
7f744dbc7000-7f744dbc8000 rw-p 00035000 08:07 1709155                    /usr/lib/x86_64-linux-gnu/libfontconfig.so.1.4.4
7f744dbc8000-7f744dc0e000 r-xp 00000000 08:07 1705793                    /usr/lib/x86_64-linux-gnu/libpango-1.0.so.0.3000.0
7f744dc0e000-7f744de0e000 ---p 00046000 08:07 1705793                    /usr/lib/x86_64-linux-gnu/libpango-1.0.so.0.3000.0
7f744de0e000-7f744de10000 r--p 00046000 08:07 1705793                    /usr/lib/x86_64-linux-gnu/libpango-1.0.so.0.3000.0
7f744de10000-7f744de11000 rw-p 00048000 08:07 1705793                    /usr/lib/x86_64-linux-gnu/libpango-1.0.so.0.3000.0
7f744de11000-7f744de2f000 r-xp 00000000 08:07 1707347                    /usr/lib/x86_64-linux-gnu/libgdk_pixbuf-2.0.so.0.2600.1
7f744de2f000-7f744e02f000 ---p 0001e000 08:07 1707347                    /usr/lib/x86_64-linux-gnu/libgdk_pixbuf-2.0.so.0.2600.1
7f744e02f000-7f744e030000 r--p 0001e000 08:07 1707347                    /usr/lib/x86_64-linux-gnu/libgdk_pixbuf-2.0.so.0.2600.1
7f744e030000-7f744e031000 rw-p 0001f000 08:07 1707347                    /usr/lib/x86_64-linux-gnu/libgdk_pixbuf-2.0.so.0.2600.1
7f744e031000-7f744e0de000 r-xp 00000000 08:07 1704231                    /usr/lib/x86_64-linux-gnu/libgdk-x11-2.0.so.0.2400.10
7f744e0de000-7f744e2dd000 ---p 000ad000 08:07 1704231                    /usr/lib/x86_64-linux-gnu/libgdk-x11-2.0.so.0.2400.10
7f744e2dd000-7f744e2e1000 r--p 000ac000 08:07 1704231                    /usr/lib/x86_64-linux-gnu/libgdk-x11-2.0.so.0.2400.10
7f744e2e1000-7f744e2e3000 rw-p 000b0000 08:07 1704231                    /usr/lib/x86_64-linux-gnu/libgdk-x11-2.0.so.0.2400.10
7f744e2e3000-7f744e710000 r-xp 00000000 08:07 1704230                    /usr/lib/x86_64-linux-gnu/libgtk-x11-2.0.so.0.2400.10
7f744e710000-7f744e910000 ---p 0042d000 08:07 1704230                    /usr/lib/x86_64-linux-gnu/libgtk-x11-2.0.so.0.2400.10
7f744e910000-7f744e917000 r--p 0042d000 08:07 1704230                    /usr/lib/x86_64-linux-gnu/libgtk-x11-2.0.so.0.2400.10
7f744e917000-7f744e91b000 rw-p 00434000 08:07 1704230                    /usr/lib/x86_64-linux-gnu/libgtk-x11-2.0.so.0.2400.10
7f744e91b000-7f744e91d000 rw-p 00000000 00:00 0 
7f744e91d000-7f744e92b000 r-xp 00000000 08:07 1708893                    /usr/lib/x86_64-linux-gnu/libXi.so.6.1.0
7f744e92b000-7f744eb2a000 ---p 0000e000 08:07 1708893                    /usr/lib/x86_64-linux-gnu/libXi.so.6.1.0
7f744eb2a000-7f744eb2b000 r--p 0000d000 08:07 1708893                    /usr/lib/x86_64-linux-gnu/libXi.so.6.1.0
7f744eb2b000-7f744eb2c000 rw-p 0000e000 08:07 1708893                    /usr/lib/x86_64-linux-gnu/libXi.so.6.1.0
7f744eb2c000-7f744eb31000 r-xp 00000000 08:07 1707146                    /usr/lib/x86_64-linux-gnu/libXtst.so.6.1.0
7f744eb31000-7f744ed30000 ---p 00005000 08:07 1707146                    /usr/lib/x86_64-linux-gnu/libXtst.so.6.1.0
7f744ed30000-7f744ed31000 r--p 00004000 08:07 1707146                    /usr/lib/x86_64-linux-gnu/libXtst.so.6.1.0
7f744ed31000-7f744ed32000 rw-p 00005000 08:07 1707146                    /usr/lib/x86_64-linux-gnu/libXtst.so.6.1.0
7f744ed32000-7f744ed3b000 r-xp 00000000 08:07 1711485                    /usr/lib/x86_64-linux-gnu/libXrender.so.1.3.0
7f744ed3b000-7f744ef3a000 ---p 00009000 08:07 1711485                    /usr/lib/x86_64-linux-gnu/libXrender.so.1.3.0
7f744ef3a000-7f744ef3b000 r--p 00008000 08:07 1711485                    /usr/lib/x86_64-linux-gnu/libXrender.so.1.3.0
7f744ef3b000-7f744ef3c000 rw-p 00009000 08:07 1711485                    /usr/lib/x86_64-linux-gnu/libXrender.so.1.3.0
7f744ef3c000-7f744f06b000 r-xp 00000000 08:07 1710722                    /usr/lib/x86_64-linux-gnu/libX11.so.6.3.0
7f744f06b000-7f744f26b000 ---p 0012f000 08:07 1710722                    /usr/lib/x86_64-linux-gnu/libX11.so.6.3.0
7f744f26b000-7f744f26c000 r--p 0012f000 08:07 1710722                    /usr/lib/x86_64-linux-gnu/libX11.so.6.3.0
7f744f26c000-7f744f270000 rw-p 00130000 08:07 1710722                    /usr/lib/x86_64-linux-gnu/libX11.so.6.3.0
7f744f270000-7f744f280000 r-xp 00000000 08:07 1712090                    /usr/lib/x86_64-linux-gnu/libXext.so.6.4.0
7f744f280000-7f744f47f000 ---p 00010000 08:07 1712090                    /usr/lib/x86_64-linux-gnu/libXext.so.6.4.0
7f744f47f000-7f744f480000 r--p 0000f000 08:07 1712090                    /usr/lib/x86_64-linux-gnu/libXext.so.6.4.0
7f744f480000-7f744f481000 rw-p 00010000 08:07 1712090                    /usr/lib/x86_64-linux-gnu/libXext.so.6.4.0
7f744f481000-7f744f4d3000 r-xp 00000000 08:07 2624074                    /usr/lib/jvm/java-7-openjdk-amd64/jre/lib/amd64/xawt/libmawt.so
7f744f4d3000-7f744f6d3000 ---p 00052000 08:07 2624074                    /usr/lib/jvm/java-7-openjdk-amd64/jre/lib/amd64/xawt/libmawt.so
7f744f6d3000-7f744f6d4000 r--p 00052000 08:07 2624074                    /usr/lib/jvm/java-7-openjdk-amd64/jre/lib/amd64/xawt/libmawt.so
7f744f6d4000-7f744f6d7000 rw-p 00053000 08:07 2624074                    /usr/lib/jvm/java-7-openjdk-amd64/jre/lib/amd64/xawt/libmawt.so
7f744f6d7000-7f744f6d8000 rw-p 00000000 00:00 0 
7f744f6d8000-7f744f77a000 r-xp 00000000 08:07 2631035                    /usr/lib/jvm/java-7-openjdk-amd64/jre/lib/amd64/libawt.so
7f744f77a000-7f744f979000 ---p 000a2000 08:07 2631035                    /usr/lib/jvm/java-7-openjdk-amd64/jre/lib/amd64/libawt.so
7f744f979000-7f744f97a000 r--p 000a1000 08:07 2631035                    /usr/lib/jvm/java-7-openjdk-amd64/jre/lib/amd64/libawt.so
7f744f97a000-7f744f985000 rw-p 000a2000 08:07 2631035                    /usr/lib/jvm/java-7-openjdk-amd64/jre/lib/amd64/libawt.so
7f744f985000-7f744f9aa000 rw-p 00000000 00:00 0 
7f744f9aa000-7f744f9ba000 r-xp 00000000 08:07 2651303                    /usr/lib/jvm/java-7-openjdk-amd64/jre/lib/amd64/libnio.so
7f744f9ba000-7f744fbb9000 ---p 00010000 08:07 2651303                    /usr/lib/jvm/java-7-openjdk-amd64/jre/lib/amd64/libnio.so
7f744fbb9000-7f744fbba000 r--p 0000f000 08:07 2651303                    /usr/lib/jvm/java-7-openjdk-amd64/jre/lib/amd64/libnio.so
7f744fbba000-7f744fbbb000 rw-p 00010000 08:07 2651303                    /usr/lib/jvm/java-7-openjdk-amd64/jre/lib/amd64/libnio.so
7f744fbbb000-7f744fbf7000 r-xp 00000000 08:07 393304                     /lib/x86_64-linux-gnu/libpcre.so.3.12.1
7f744fbf7000-7f744fdf6000 ---p 0003c000 08:07 393304                     /lib/x86_64-linux-gnu/libpcre.so.3.12.1
7f744fdf6000-7f744fdf7000 r--p 0003b000 08:07 393304                     /lib/x86_64-linux-gnu/libpcre.so.3.12.1
7f744fdf7000-7f744fdf8000 rw-p 0003c000 08:07 393304                     /lib/x86_64-linux-gnu/libpcre.so.3.12.1
7f744fdf8000-7f744fdff000 r-xp 00000000 08:07 1704853                    /usr/lib/x86_64-linux-gnu/libffi.so.6.0.0
7f744fdff000-7f744fffe000 ---p 00007000 08:07 1704853                    /usr/lib/x86_64-linux-gnu/libffi.so.6.0.0
7f744fffe000-7f744ffff000 r--p 00006000 08:07 1704853                    /usr/lib/x86_64-linux-gnu/libffi.so.6.0.0
7f744ffff000-7f7450000000 rw-p 00007000 08:07 1704853                    /usr/lib/x86_64-linux-gnu/libffi.so.6.0.0
7f7450000000-7f745047f000 rw-p 00000000 00:00 0 
7f745047f000-7f7454000000 ---p 00000000 00:00 0 
7f7454000000-7f7454767000 rw-p 00000000 00:00 0 
7f7454767000-7f7458000000 ---p 00000000 00:00 0 
7f7458000000-7f7458021000 rw-p 00000000 00:00 0 
7f7458021000-7f745c000000 ---p 00000000 00:00 0 
7f745c000000-7f745c45d000 rw-p 00000000 00:00 0 
7f745c45d000-7f7460000000 ---p 00000000 00:00 0 
7f7460000000-7f7460021000 rw-p 00000000 00:00 0 
7f7460021000-7f7464000000 ---p 00000000 00:00 0 
7f7464000000-7f7464021000 rw-p 00000000 00:00 0 
7f7464021000-7f7468000000 ---p 00000000 00:00 0 
7f7468000000-7f7468021000 rw-p 00000000 00:00 0 
7f7468021000-7f746c000000 ---p 00000000 00:00 0 
7f746c000000-7f746c021000 rw-p 00000000 00:00 0 
7f746c021000-7f7470000000 ---p 00000000 00:00 0 
7f7470000000-7f7470021000 rw-p 00000000 00:00 0 
7f7470021000-7f7474000000 ---p 00000000 00:00 0 
7f7474000000-7f7474014000 r--s 00000000 08:07 2493773                    /usr/share/fonts/type1/gsfonts/n019003l.pfb
7f7474014000-7f7474030000 r--s 00000000 08:07 3541651                    /usr/share/texmf/fonts/type1/public/lm/lmbxi10.pfb
7f7474030000-7f7474048000 r--s 00000000 08:07 2493809                    /usr/share/fonts/type1/gsfonts/n022003l.pfb
7f7474048000-7f7474065000 r--s 00000000 08:07 3541653                    /usr/share/texmf/fonts/type1/public/lm/lmcsc10.pfb
7f7474065000-7f7474083000 r--s 00000000 08:07 3541644                    /usr/share/texmf/fonts/type1/public/lm/lmbx10.pfb
7f7474083000-7f747409c000 r--s 00000000 08:07 2493797                    /usr/share/fonts/type1/gsfonts/n021003l.pfb
7f747409c000-7f74740a6000 r--s 00000000 08:07 2493839                    /usr/share/fonts/type1/mathml/Symbol.pfb
7f74740a6000-7f74740bd000 r--s 00000000 08:07 2493803                    /usr/share/fonts/type1/gsfonts/n021023l.pfb
7f74740bd000-7f74740d3000 r--s 00000000 08:07 2493806                    /usr/share/fonts/type1/gsfonts/n021024l.pfb
7f74740d3000-7f74740eb000 r-xp 00000000 08:07 408332                     /lib/x86_64-linux-gnu/libresolv-2.15.so
7f74740eb000-7f74742eb000 ---p 00018000 08:07 408332                     /lib/x86_64-linux-gnu/libresolv-2.15.so
7f74742eb000-7f74742ec000 r--p 00018000 08:07 408332                     /lib/x86_64-linux-gnu/libresolv-2.15.so
7f74742ec000-7f74742ed000 rw-p 00019000 08:07 408332                     /lib/x86_64-linux-gnu/libresolv-2.15.so
7f74742ed000-7f74742ef000 rw-p 00000000 00:00 0 
7f74742ef000-7f747430c000 r-xp 00000000 08:07 396547                     /lib/x86_64-linux-gnu/libselinux.so.1
7f747430c000-7f747450b000 ---p 0001d000 08:07 396547                     /lib/x86_64-linux-gnu/libselinux.so.1
7f747450b000-7f747450c000 r--p 0001c000 08:07 396547                     /lib/x86_64-linux-gnu/libselinux.so.1
7f747450c000-7f747450d000 rw-p 0001d000 08:07 396547                     /lib/x86_64-linux-gnu/libselinux.so.1
7f747450d000-7f747450e000 rw-p 00000000 00:00 0 
7f747450e000-7f7474511000 r-xp 00000000 08:07 1704902                    /usr/lib/x86_64-linux-gnu/libgmodule-2.0.so.0.3200.3
7f7474511000-7f7474710000 ---p 00003000 08:07 1704902                    /usr/lib/x86_64-linux-gnu/libgmodule-2.0.so.0.3200.3
7f7474710000-7f7474711000 r--p 00002000 08:07 1704902                    /usr/lib/x86_64-linux-gnu/libgmodule-2.0.so.0.3200.3
7f7474711000-7f7474712000 rw-p 00003000 08:07 1704902                    /usr/lib/x86_64-linux-gnu/libgmodule-2.0.so.0.3200.3
7f7474712000-7f7474804000 r-xp 00000000 08:07 396565                     /lib/x86_64-linux-gnu/libglib-2.0.so.0.3200.3
7f7474804000-7f7474a04000 ---p 000f2000 08:07 396565                     /lib/x86_64-linux-gnu/libglib-2.0.so.0.3200.3
7f7474a04000-7f7474a05000 r--p 000f2000 08:07 396565                     /lib/x86_64-linux-gnu/libglib-2.0.so.0.3200.3
7f7474a05000-7f7474a06000 rw-p 000f3000 08:07 396565                     /lib/x86_64-linux-gnu/libglib-2.0.so.0.3200.3
7f7474a06000-7f7474a07000 rw-p 00000000 00:00 0 
7f7474a07000-7f7474a54000 r-xp 00000000 08:07 1705666                    /usr/lib/x86_64-linux-gnu/libgobject-2.0.so.0.3200.3
7f7474a54000-7f7474c54000 ---p 0004d000 08:07 1705666                    /usr/lib/x86_64-linux-gnu/libgobject-2.0.so.0.3200.3
7f7474c54000-7f7474c55000 r--p 0004d000 08:07 1705666                    /usr/lib/x86_64-linux-gnu/libgobject-2.0.so.0.3200.3
7f7474c55000-7f7474c56000 rw-p 0004e000 08:07 1705666                    /usr/lib/x86_64-linux-gnu/libgobject-2.0.so.0.3200.3
7f7474c56000-7f7474d9e000 r-xp 00000000 08:07 1704991                    /usr/lib/x86_64-linux-gnu/libgio-2.0.so.0.3200.3
7f7474d9e000-7f7474f9d000 ---p 00148000 08:07 1704991                    /usr/lib/x86_64-linux-gnu/libgio-2.0.so.0.3200.3
7f7474f9d000-7f7474fa1000 r--p 00147000 08:07 1704991                    /usr/lib/x86_64-linux-gnu/libgio-2.0.so.0.3200.3
7f7474fa1000-7f7474fa3000 rw-p 0014b000 08:07 1704991                    /usr/lib/x86_64-linux-gnu/libgio-2.0.so.0.3200.3
7f7474fa3000-7f7474fa5000 rw-p 00000000 00:00 0 
7f7474fa5000-7f7474fbb000 r-xp 00000000 08:07 2631083                    /usr/lib/jvm/java-7-openjdk-amd64/jre/lib/amd64/libnet.so
7f7474fbb000-7f74751ba000 ---p 00016000 08:07 2631083                    /usr/lib/jvm/java-7-openjdk-amd64/jre/lib/amd64/libnet.so
7f74751ba000-7f74751bb000 r--p 00015000 08:07 2631083                    /usr/lib/jvm/java-7-openjdk-amd64/jre/lib/amd64/libnet.so
7f74751bb000-7f74751bc000 rw-p 00016000 08:07 2631083                    /usr/lib/jvm/java-7-openjdk-amd64/jre/lib/amd64/libnet.so
7f74751bc000-7f74751bd000 ---p 00000000 00:00 0 
7f74751bd000-7f74752bd000 rw-p 00000000 00:00 0 
7f74752bd000-7f74752c0000 ---p 00000000 00:00 0 
7f74752c0000-7f74753be000 rw-p 00000000 00:00 0 
7f74753be000-7f74753c1000 ---p 00000000 00:00 0 
7f74753c1000-7f74754bf000 rw-p 00000000 00:00 0 
7f74754bf000-7f74754c2000 ---p 00000000 00:00 0 
7f74754c2000-7f74755c0000 rw-p 00000000 00:00 0 
7f74755c0000-7f74755c3000 ---p 00000000 00:00 0 
7f74755c3000-7f74756c1000 rw-p 00000000 00:00 0 
7f74756c1000-7f747598d000 r--p 00000000 08:07 1705502                    /usr/lib/locale/locale-archive
7f747598d000-7f7475990000 ---p 00000000 00:00 0 
7f7475990000-7f7475a8e000 rw-p 00000000 00:00 0 
7f7475a8e000-7f7475a91000 ---p 00000000 00:00 0 
7f7475a91000-7f7475b8f000 rw-p 00000000 00:00 0 
7f7475b8f000-7f7475b90000 ---p 00000000 00:00 0 
7f7475b90000-7f7479000000 rw-p 00000000 00:00 0 
7f7479000000-7f7479270000 rwxp 00000000 00:00 0 
7f7479270000-7f747c675000 rw-p 00000000 00:00 0 
7f747c675000-7f7480000000 ---p 00000000 00:00 0 
7f7480000000-7f7480001000 r--s 00000000 08:07 2623763                    /var/cache/fontconfig/c05880de57d1f5e948fdfacc138775d9-le64.cache-3
7f7480001000-7f7480002000 r--s 00000000 08:07 2626553                    /var/cache/fontconfig/e7071f4a29fa870f4323321c154eba04-le64.cache-3
7f7480002000-7f7480009000 r--s 00000000 08:07 2123786                    /usr/lib/x86_64-linux-gnu/gconv/gconv-modules.cache
7f7480009000-7f7480014000 r--p 00000000 08:02 134453                     /home/lachlan/.config/dconf/user (deleted)
7f7480014000-7f7480043000 r--p 00000000 08:07 2492415                    /usr/share/glib-2.0/schemas/gschemas.compiled
7f7480043000-7f7480074000 rw-p 00000000 00:00 0 
7f7480074000-7f7480075000 r--s 00000000 08:07 2624345                    /var/cache/fontconfig/4794a0821666d79190d59a36cb4f44b5-le64.cache-3
7f7480075000-7f7480077000 r--s 00000000 08:02 131161                     /home/lachlan/.fontconfig/bce82bb61bc34e117c95918e79c95fc6-le64.cache-3
7f7480077000-7f748007b000 r--p 00000000 08:07 2367672                    /usr/share/locale-langpack/en_AU/LC_MESSAGES/gtk20-properties.mo
7f748007b000-7f748007c000 r--s 00000000 08:02 3284102                    /home/lachlan/.cache/dconf/user (deleted)
7f748007c000-7f7480087000 r--s 001fb000 08:07 1997605                    /usr/lib/jvm/java-7-openjdk-common/jre/lib/charsets.jar
7f7480087000-7f7480092000 r--s 001fb000 08:07 1997605                    /usr/lib/jvm/java-7-openjdk-common/jre/lib/charsets.jar
7f7480092000-7f748009b000 r--s 000bc000 08:07 1997606                    /usr/lib/jvm/java-7-openjdk-common/jre/lib/resources.jar
7f748009b000-7f74800ae000 r--s 00140000 08:02 1970236                    /home/lachlan/Desktop/Programming/projects/MountainRangePvP/libs/gdx-backend-lwjgl.jar
7f74800ae000-7f748043e000 rw-p 00000000 00:00 0 
7f748043e000-7f74805ea000 r--s 01cdc000 08:07 2367574                    /usr/lib/jvm/java-7-openjdk-amd64/jre/lib/rt.jar
7f74805ea000-7f7480612000 rw-p 00000000 00:00 0 
7f7480612000-7f7480613000 ---p 00000000 00:00 0 
7f7480613000-7f7480713000 rw-p 00000000 00:00 0 
7f7480713000-7f7480714000 ---p 00000000 00:00 0 
7f7480714000-7f748081f000 rw-p 00000000 00:00 0 
7f748081f000-7f7480867000 rw-p 00000000 00:00 0 
7f7480867000-7f748087c000 rw-p 00000000 00:00 0 
7f748087c000-7f74809b1000 rw-p 00000000 00:00 0 
7f74809b1000-7f74809bc000 rw-p 00000000 00:00 0 
7f74809bc000-7f7480a04000 rw-p 00000000 00:00 0 
7f7480a04000-7f7480a19000 rw-p 00000000 00:00 0 
7f7480a19000-7f7480b4e000 rw-p 00000000 00:00 0 
7f7480b4e000-7f7480b60000 rw-p 00000000 00:00 0 
7f7480b60000-7f7480bf3000 rw-p 00000000 00:00 0 
7f7480bf3000-7f7480bf4000 rw-p 00000000 00:00 0 
7f7480bf4000-7f7480bfc000 r-xp 00000000 08:07 2631067                    /usr/lib/jvm/java-7-openjdk-amd64/jre/lib/amd64/libzip.so
7f7480bfc000-7f7480dfb000 ---p 00008000 08:07 2631067                    /usr/lib/jvm/java-7-openjdk-amd64/jre/lib/amd64/libzip.so
7f7480dfb000-7f7480dfc000 r--p 00007000 08:07 2631067                    /usr/lib/jvm/java-7-openjdk-amd64/jre/lib/amd64/libzip.so
7f7480dfc000-7f7480dfd000 rw-p 00008000 08:07 2631067                    /usr/lib/jvm/java-7-openjdk-amd64/jre/lib/amd64/libzip.so
7f7480dfd000-7f7480e09000 r-xp 00000000 08:07 408337                     /lib/x86_64-linux-gnu/libnss_files-2.15.so
7f7480e09000-7f7481008000 ---p 0000c000 08:07 408337                     /lib/x86_64-linux-gnu/libnss_files-2.15.so
7f7481008000-7f7481009000 r--p 0000b000 08:07 408337                     /lib/x86_64-linux-gnu/libnss_files-2.15.so
7f7481009000-7f748100a000 rw-p 0000c000 08:07 408337                     /lib/x86_64-linux-gnu/libnss_files-2.15.so
7f748100a000-7f7481014000 r-xp 00000000 08:07 408333                     /lib/x86_64-linux-gnu/libnss_nis-2.15.so
7f7481014000-7f7481214000 ---p 0000a000 08:07 408333                     /lib/x86_64-linux-gnu/libnss_nis-2.15.so
7f7481214000-7f7481215000 r--p 0000a000 08:07 408333                     /lib/x86_64-linux-gnu/libnss_nis-2.15.so
7f7481215000-7f7481216000 rw-p 0000b000 08:07 408333                     /lib/x86_64-linux-gnu/libnss_nis-2.15.so
7f7481216000-7f748122d000 r-xp 00000000 08:07 408346                     /lib/x86_64-linux-gnu/libnsl-2.15.so
7f748122d000-7f748142c000 ---p 00017000 08:07 408346                     /lib/x86_64-linux-gnu/libnsl-2.15.so
7f748142c000-7f748142d000 r--p 00016000 08:07 408346                     /lib/x86_64-linux-gnu/libnsl-2.15.so
7f748142d000-7f748142e000 rw-p 00017000 08:07 408346                     /lib/x86_64-linux-gnu/libnsl-2.15.so
7f748142e000-7f7481430000 rw-p 00000000 00:00 0 
7f7481430000-7f7481438000 r-xp 00000000 08:07 408338                     /lib/x86_64-linux-gnu/libnss_compat-2.15.so
7f7481438000-7f7481637000 ---p 00008000 08:07 408338                     /lib/x86_64-linux-gnu/libnss_compat-2.15.so
7f7481637000-7f7481638000 r--p 00007000 08:07 408338                     /lib/x86_64-linux-gnu/libnss_compat-2.15.so
7f7481638000-7f7481639000 rw-p 00008000 08:07 408338                     /lib/x86_64-linux-gnu/libnss_compat-2.15.so
7f7481639000-7f7481662000 r-xp 00000000 08:07 2631019                    /usr/lib/jvm/java-7-openjdk-amd64/jre/lib/amd64/libjava.so
7f7481662000-7f7481861000 ---p 00029000 08:07 2631019                    /usr/lib/jvm/java-7-openjdk-amd64/jre/lib/amd64/libjava.so
7f7481861000-7f7481862000 r--p 00028000 08:07 2631019                    /usr/lib/jvm/java-7-openjdk-amd64/jre/lib/amd64/libjava.so
7f7481862000-7f7481864000 rw-p 00029000 08:07 2631019                    /usr/lib/jvm/java-7-openjdk-amd64/jre/lib/amd64/libjava.so
7f7481864000-7f7481872000 r-xp 00000000 08:07 2651306                    /usr/lib/jvm/java-7-openjdk-amd64/jre/lib/amd64/libverify.so
7f7481872000-7f7481a71000 ---p 0000e000 08:07 2651306                    /usr/lib/jvm/java-7-openjdk-amd64/jre/lib/amd64/libverify.so
7f7481a71000-7f7481a73000 r--p 0000d000 08:07 2651306                    /usr/lib/jvm/java-7-openjdk-amd64/jre/lib/amd64/libverify.so
7f7481a73000-7f7481a74000 rw-p 0000f000 08:07 2651306                    /usr/lib/jvm/java-7-openjdk-amd64/jre/lib/amd64/libverify.so
7f7481a74000-7f7481a7b000 r-xp 00000000 08:07 408331                     /lib/x86_64-linux-gnu/librt-2.15.so
7f7481a7b000-7f7481c7a000 ---p 00007000 08:07 408331                     /lib/x86_64-linux-gnu/librt-2.15.so
7f7481c7a000-7f7481c7b000 r--p 00006000 08:07 408331                     /lib/x86_64-linux-gnu/librt-2.15.so
7f7481c7b000-7f7481c7c000 rw-p 00007000 08:07 408331                     /lib/x86_64-linux-gnu/librt-2.15.so
7f7481c7c000-7f7481c91000 r-xp 00000000 08:07 393258                     /lib/x86_64-linux-gnu/libgcc_s.so.1
7f7481c91000-7f7481e90000 ---p 00015000 08:07 393258                     /lib/x86_64-linux-gnu/libgcc_s.so.1
7f7481e90000-7f7481e91000 r--p 00014000 08:07 393258                     /lib/x86_64-linux-gnu/libgcc_s.so.1
7f7481e91000-7f7481e92000 rw-p 00015000 08:07 393258                     /lib/x86_64-linux-gnu/libgcc_s.so.1
7f7481e92000-7f7481f8d000 r-xp 00000000 08:07 408335                     /lib/x86_64-linux-gnu/libm-2.15.so
7f7481f8d000-7f748218c000 ---p 000fb000 08:07 408335                     /lib/x86_64-linux-gnu/libm-2.15.so
7f748218c000-7f748218d000 r--p 000fa000 08:07 408335                     /lib/x86_64-linux-gnu/libm-2.15.so
7f748218d000-7f748218e000 rw-p 000fb000 08:07 408335                     /lib/x86_64-linux-gnu/libm-2.15.so
7f748218e000-7f7482270000 r-xp 00000000 08:07 1708388                    /usr/lib/x86_64-linux-gnu/libstdc++.so.6.0.16
7f7482270000-7f748246f000 ---p 000e2000 08:07 1708388                    /usr/lib/x86_64-linux-gnu/libstdc++.so.6.0.16
7f748246f000-7f7482477000 r--p 000e1000 08:07 1708388                    /usr/lib/x86_64-linux-gnu/libstdc++.so.6.0.16
7f7482477000-7f7482479000 rw-p 000e9000 08:07 1708388                    /usr/lib/x86_64-linux-gnu/libstdc++.so.6.0.16
7f7482479000-7f748248e000 rw-p 00000000 00:00 0 
7f748248e000-7f7482e68000 r-xp 00000000 08:07 3017335                    /usr/lib/jvm/java-7-openjdk-amd64/jre/lib/amd64/server/libjvm.so
7f7482e68000-7f7483067000 ---p 009da000 08:07 3017335                    /usr/lib/jvm/java-7-openjdk-amd64/jre/lib/amd64/server/libjvm.so
7f7483067000-7f74830e6000 r--p 009d9000 08:07 3017335                    /usr/lib/jvm/java-7-openjdk-amd64/jre/lib/amd64/server/libjvm.so
7f74830e6000-7f7483109000 rw-p 00a58000 08:07 3017335                    /usr/lib/jvm/java-7-openjdk-amd64/jre/lib/amd64/server/libjvm.so
7f7483109000-7f7483133000 rw-p 00000000 00:00 0 
7f7483133000-7f7483149000 r-xp 00000000 08:07 396577                     /lib/x86_64-linux-gnu/libz.so.1.2.3.4
7f7483149000-7f7483348000 ---p 00016000 08:07 396577                     /lib/x86_64-linux-gnu/libz.so.1.2.3.4
7f7483348000-7f7483349000 r--p 00015000 08:07 396577                     /lib/x86_64-linux-gnu/libz.so.1.2.3.4
7f7483349000-7f748334a000 rw-p 00016000 08:07 396577                     /lib/x86_64-linux-gnu/libz.so.1.2.3.4
7f748334a000-7f7483362000 r-xp 00000000 08:07 408329                     /lib/x86_64-linux-gnu/libpthread-2.15.so
7f7483362000-7f7483561000 ---p 00018000 08:07 408329                     /lib/x86_64-linux-gnu/libpthread-2.15.so
7f7483561000-7f7483562000 r--p 00017000 08:07 408329                     /lib/x86_64-linux-gnu/libpthread-2.15.so
7f7483562000-7f7483563000 rw-p 00018000 08:07 408329                     /lib/x86_64-linux-gnu/libpthread-2.15.so
7f7483563000-7f7483567000 rw-p 00000000 00:00 0 
7f7483567000-7f7483569000 r-xp 00000000 08:07 408326                     /lib/x86_64-linux-gnu/libdl-2.15.so
7f7483569000-7f7483769000 ---p 00002000 08:07 408326                     /lib/x86_64-linux-gnu/libdl-2.15.so
7f7483769000-7f748376a000 r--p 00002000 08:07 408326                     /lib/x86_64-linux-gnu/libdl-2.15.so
7f748376a000-7f748376b000 rw-p 00003000 08:07 408326                     /lib/x86_64-linux-gnu/libdl-2.15.so
7f748376b000-7f7483920000 r-xp 00000000 08:07 408327                     /lib/x86_64-linux-gnu/libc-2.15.so
7f7483920000-7f7483b1f000 ---p 001b5000 08:07 408327                     /lib/x86_64-linux-gnu/libc-2.15.so
7f7483b1f000-7f7483b23000 r--p 001b4000 08:07 408327                     /lib/x86_64-linux-gnu/libc-2.15.so
7f7483b23000-7f7483b25000 rw-p 001b8000 08:07 408327                     /lib/x86_64-linux-gnu/libc-2.15.so
7f7483b25000-7f7483b2a000 rw-p 00000000 00:00 0 
7f7483b2a000-7f7483b37000 r-xp 00000000 08:07 2886036                    /usr/lib/jvm/java-7-openjdk-amd64/jre/lib/amd64/jli/libjli.so
7f7483b37000-7f7483d36000 ---p 0000d000 08:07 2886036                    /usr/lib/jvm/java-7-openjdk-amd64/jre/lib/amd64/jli/libjli.so
7f7483d36000-7f7483d37000 r--p 0000c000 08:07 2886036                    /usr/lib/jvm/java-7-openjdk-amd64/jre/lib/amd64/jli/libjli.so
7f7483d37000-7f7483d38000 rw-p 0000d000 08:07 2886036                    /usr/lib/jvm/java-7-openjdk-amd64/jre/lib/amd64/jli/libjli.so
7f7483d38000-7f7483d5a000 r-xp 00000000 08:07 408341                     /lib/x86_64-linux-gnu/ld-2.15.so
7f7483d5a000-7f7483d5b000 r--p 00000000 08:07 2367610                    /usr/share/locale-langpack/en_AU/LC_MESSAGES/glib20.mo
7f7483d5b000-7f7483d6b000 r--s 000f0000 08:02 1970241                    /home/lachlan/Desktop/Programming/projects/MountainRangePvP/libs/gdx.jar
7f7483d6b000-7f7483d75000 rw-p 00000000 00:00 0 
7f7483d75000-7f7483e2b000 rw-p 00000000 00:00 0 
7f7483e2b000-7f7483e2e000 ---p 00000000 00:00 0 
7f7483e2e000-7f7483f31000 rw-p 00000000 00:00 0 
7f7483f31000-7f7483f33000 r--p 00000000 08:07 2367678                    /usr/share/locale-langpack/en_AU/LC_MESSAGES/gtk20.mo
7f7483f33000-7f7483f34000 r--p 00000000 08:07 2387838                    /usr/share/locale-langpack/en_AU/LC_MESSAGES/libc.mo
7f7483f34000-7f7483f3d000 r--s 000b1000 08:02 1970240                    /home/lachlan/Desktop/Programming/projects/MountainRangePvP/libs/gdx-sources.jar
7f7483f3d000-7f7483f3e000 r--s 00004000 08:02 1970238                    /home/lachlan/Desktop/Programming/projects/MountainRangePvP/libs/gdx-freetype.jar
7f7483f3e000-7f7483f3f000 r--s 001e7000 08:02 1970237                    /home/lachlan/Desktop/Programming/projects/MountainRangePvP/libs/gdx-freetype-natives.jar
7f7483f3f000-7f7483f40000 r--s 0011a000 08:02 1970239                    /home/lachlan/Desktop/Programming/projects/MountainRangePvP/libs/gdx-natives.jar
7f7483f40000-7f7483f41000 r--s 00169000 08:02 1970235                    /home/lachlan/Desktop/Programming/projects/MountainRangePvP/libs/gdx-backend-lwjgl-natives.jar
7f7483f41000-7f7483f44000 r--s 0000f000 08:07 2232481                    /usr/lib/jvm/java-7-openjdk-common/jre/lib/ext/pulse-java.jar
7f7483f44000-7f7483f46000 r--s 00014000 08:07 2497778                    /usr/lib/jvm/java-7-openjdk-amd64/jre/lib/ext/servlet-api-2.5.jar
7f7483f46000-7f7483f49000 r--s 0003c000 08:07 2232482                    /usr/lib/jvm/java-7-openjdk-common/jre/lib/ext/sunpkcs11.jar
7f7483f49000-7f7483f4d000 r--s 00085000 08:07 2242306                    /usr/lib/jvm/java-7-openjdk-common/jre/lib/ext/localedata.jar
7f7483f4d000-7f7483f4e000 r--s 00007000 08:07 2097747                    /usr/share/java/java-atk-wrapper.jar
7f7483f4e000-7f7483f56000 rw-s 00000000 08:07 1572973                    /tmp/hsperfdata_lachlan/17538
7f7483f56000-7f7483f57000 rw-p 00000000 00:00 0 
7f7483f57000-7f7483f58000 r--p 00000000 00:00 0 
7f7483f58000-7f7483f5a000 rw-p 00000000 00:00 0 
7f7483f5a000-7f7483f5b000 r--p 00022000 08:07 408341                     /lib/x86_64-linux-gnu/ld-2.15.so
7f7483f5b000-7f7483f5d000 rw-p 00023000 08:07 408341                     /lib/x86_64-linux-gnu/ld-2.15.so
7fff9e0fc000-7fff9e11d000 rw-p 00000000 00:00 0                          [stack]
7fff9e168000-7fff9e169000 r-xp 00000000 00:00 0                          [vdso]
ffffffffff600000-ffffffffff601000 r-xp 00000000 00:00 0                  [vsyscall]

VM Arguments:
jvm_args: -Dfile.encoding=UTF-8 
java_command: mountainrangepvp.Main
Launcher Type: SUN_STANDARD

Environment Variables:
JAVA_HOME=/usr/lib/jvm/default-java
PATH=/usr/lib/lightdm/lightdm:/usr/local/sbin:/usr/local/bin:/usr/sbin:/usr/bin:/sbin:/bin:/usr/games:/usr/brlcad/bin
SHELL=/bin/bash
DISPLAY=:0.0

Signal Handlers:
SIGSEGV: [libjvm.so+0x83e8d0], sa_mask[0]=0x7ffbfeff, sa_flags=0x10000004
SIGBUS: [libjvm.so+0x83e8d0], sa_mask[0]=0x7ffbfeff, sa_flags=0x10000004
SIGFPE: [libjvm.so+0x6df1b0], sa_mask[0]=0x7ffbfeff, sa_flags=0x10000004
SIGPIPE: SIG_IGN, sa_mask[0]=0x00001000, sa_flags=0x10000000
SIGXFSZ: [libjvm.so+0x6df1b0], sa_mask[0]=0x7ffbfeff, sa_flags=0x10000004
SIGILL: [libjvm.so+0x6df1b0], sa_mask[0]=0x7ffbfeff, sa_flags=0x10000004
SIGUSR1: SIG_DFL, sa_mask[0]=0x00000000, sa_flags=0x00000000
SIGUSR2: [libjvm.so+0x6df580], sa_mask[0]=0x00000004, sa_flags=0x10000004
SIGHUP: [libjvm.so+0x6df6c0], sa_mask[0]=0x7ffbfeff, sa_flags=0x10000004
SIGINT: SIG_IGN, sa_mask[0]=0x00000000, sa_flags=0x00000000
SIGTERM: [libjvm.so+0x6df6c0], sa_mask[0]=0x7ffbfeff, sa_flags=0x10000004
SIGQUIT: [libjvm.so+0x6df6c0], sa_mask[0]=0x7ffbfeff, sa_flags=0x10000004


---------------  S Y S T E M  ---------------

OS:Ubuntu 12.04 (precise)
uname:Linux 3.2.0-38-generic #61-Ubuntu SMP Tue Feb 19 12:18:21 UTC 2013 x86_64
libc:glibc 2.15 NPTL 2.15 
rlimit: STACK 8192k, CORE 0k, NPROC 31491, NOFILE 4096, AS infinity
load average:0.44 0.53 0.86

/proc/meminfo:
MemTotal:        4048552 kB
MemFree:          122116 kB
Buffers:          221976 kB
Cached:           794556 kB
SwapCached:           44 kB
Active:          2295584 kB
Inactive:        1111912 kB
Active(anon):    1785136 kB
Inactive(anon):   628004 kB
Active(file):     510448 kB
Inactive(file):   483908 kB
Unevictable:          68 kB
Mlocked:              68 kB
SwapTotal:       3321852 kB
SwapFree:        3321752 kB
Dirty:               752 kB
Writeback:           148 kB
AnonPages:       2391040 kB
Mapped:           178208 kB
Shmem:             22128 kB
Slab:             364348 kB
SReclaimable:     321020 kB
SUnreclaim:        43328 kB
KernelStack:        4704 kB
PageTables:        42568 kB
NFS_Unstable:          0 kB
Bounce:                0 kB
WritebackTmp:          0 kB
CommitLimit:     5346128 kB
Committed_AS:    5184356 kB
VmallocTotal:   34359738367 kB
VmallocUsed:      322232 kB
VmallocChunk:   34359405564 kB
HardwareCorrupted:     0 kB
AnonHugePages:         0 kB
HugePages_Total:       0
HugePages_Free:        0
HugePages_Rsvd:        0
HugePages_Surp:        0
Hugepagesize:       2048 kB
DirectMap4k:      504704 kB
DirectMap2M:     3688448 kB


CPU:total 2 (2 cores per cpu, 1 threads per core) family 6 model 23 stepping 10, cmov, cx8, fxsr, mmx, sse, sse2, sse3, ssse3, tsc

/proc/cpuinfo:
processor	: 0
vendor_id	: GenuineIntel
cpu family	: 6
model		: 23
model name	: Pentium(R) Dual-Core  CPU      E6300  @ 2.80GHz
stepping	: 10
microcode	: 0xa07
cpu MHz		: 1600.000
cache size	: 2048 KB
physical id	: 0
siblings	: 2
core id		: 0
cpu cores	: 2
apicid		: 0
initial apicid	: 0
fpu		: yes
fpu_exception	: yes
cpuid level	: 13
wp		: yes
flags		: fpu vme de pse tsc msr pae mce cx8 apic sep mtrr pge mca cmov pat pse36 clflush dts acpi mmx fxsr sse sse2 ss ht tm pbe syscall nx lm constant_tsc arch_perfmon pebs bts rep_good nopl aperfmperf pni dtes64 monitor ds_cpl vmx est tm2 ssse3 cx16 xtpr pdcm xsave lahf_lm dtherm tpr_shadow vnmi flexpriority
bogomips	: 5600.59
clflush size	: 64
cache_alignment	: 64
address sizes	: 36 bits physical, 48 bits virtual
power management:

processor	: 1
vendor_id	: GenuineIntel
cpu family	: 6
model		: 23
model name	: Pentium(R) Dual-Core  CPU      E6300  @ 2.80GHz
stepping	: 10
microcode	: 0xa07
cpu MHz		: 1600.000
cache size	: 2048 KB
physical id	: 0
siblings	: 2
core id		: 1
cpu cores	: 2
apicid		: 1
initial apicid	: 1
fpu		: yes
fpu_exception	: yes
cpuid level	: 13
wp		: yes
flags		: fpu vme de pse tsc msr pae mce cx8 apic sep mtrr pge mca cmov pat pse36 clflush dts acpi mmx fxsr sse sse2 ss ht tm pbe syscall nx lm constant_tsc arch_perfmon pebs bts rep_good nopl aperfmperf pni dtes64 monitor ds_cpl vmx est tm2 ssse3 cx16 xtpr pdcm xsave lahf_lm dtherm tpr_shadow vnmi flexpriority
bogomips	: 5599.92
clflush size	: 64
cache_alignment	: 64
address sizes	: 36 bits physical, 48 bits virtual
power management:



Memory: 4k page, physical 4048552k(122116k free), swap 3321852k(3321752k free)

vm_info: OpenJDK 64-Bit Server VM (23.7-b01) for linux-amd64 JRE (1.7.0_15-b20), built on Feb 21 2013 00:56:59 by "buildd" with gcc 4.6.3

time: Wed Feb 27 16:28:08 2013
elapsed time: 103 seconds

