#
# A fatal error has been detected by the Java Runtime Environment:
#
#  SIGSEGV (0xb) at pc=0x0000000000017956, pid=14611, tid=139771006793472
#
# JRE version: 7.0_09-b30
# Java VM: OpenJDK 64-Bit Server VM (23.2-b09 mixed mode linux-amd64 compressed oops)
# Problematic frame:
# C  0x0000000000017956
[error occurred during error reporting (printing problematic frame), id 0xb]

# Failed to write core dump. Core dumps have been disabled. To enable core dumping, try "ulimit -c unlimited" before starting Java again
#
# If you would like to submit a bug report, please include
# instructions on how to reproduce the bug and visit:
#   https://bugs.launchpad.net/ubuntu/+source/openjdk-7/
# The crash happened outside the Java Virtual Machine in native code.
# See problematic frame for where to report the bug.
#

---------------  T H R E A D  ---------------

Current thread (0x00007f1f40561800):  JavaThread "LWJGL Application" [_thread_in_native, id=14635, stack(0x00007f1ef925b000,0x00007f1ef935c000)]

siginfo:si_signo=SIGSEGV: si_errno=0, si_code=1 (SEGV_MAPERR), si_addr=0x0000000000017956

Registers:
RAX=0x00000000ec8b13c8, RBX=0x00007f1f405619d8, RCX=0x0000000000000028, RDX=0x0000000000000040
RSP=0x00007f1ef935a628, RBP=0x00007f1ef935a670, RSI=0x00000000ec8b13c8, RDI=0x00007f1f044c9ac0
R8 =0x0000000000000010, R9 =0x00000000ec8b0f58, R10=0x0000000000000044, R11=0x00007f1f46ce2974
R12=0x00000000ec8b13c8, R13=0x0000000000000040, R14=0x00007f1f044c9ac0, R15=0x0000000000000000
RIP=0x0000000000017956, EFLAGS=0x0000000000010202, CSGSFS=0x0000000000000033, ERR=0x0000000000000014
  TRAPNO=0x000000000000000e

Top of Stack: (sp=0x00007f1ef935a628)
0x00007f1ef935a628:   00007f1efbdd57a7 0000000000000009
0x00007f1ef935a638:   0000000000000077 00007f1ef935a6b0
0x00007f1ef935a648:   0000000000000000 00000000000008b0
0x00007f1ef935a658:   00007f1ef935a6a0 00007f1f40561800
0x00007f1ef935a668:   00007f1f3d0c7803 00000000ec8b13b8
0x00007f1ef935a678:   00000000ec8b0f58 b7c0ce18fffffffe
0x00007f1ef935a688:   00000000c2326f28 5e314447f935a700
0x00007f1ef935a698:   000000000000001f 00000000ec8b73e8
0x00007f1ef935a6a8:   00007f1ef935a6a8 00000000ec8b0f58
0x00007f1ef935a6b8:   00007f1f3d0e4328 00000000ec8b0768
0x00007f1ef935a6c8:   00000000ec8b0560 00000010ec8b0768
0x00007f1ef935a6d8:   00000000ec885520 00000000ec8b0530
0x00007f1ef935a6e8:   00000000fe000000 fe000000ec8cb150
0x00007f1ef935a6f8:   0000000000000000 00000000eb748ab0
0x00007f1ef935a708:   00007f1f00000000 00000000ec8b0530
0x00007f1ef935a718:   00007f1f3d0be39c 0000000aec8b0530
0x00007f1ef935a728:   00000000ec886850 4329000000001cc9
0x00007f1ef935a738:   447a000041200000 00000000ec8b0518
0x00007f1ef935a748:   0000001f40400000 0000000000000000
0x00007f1ef935a758:   0000000000000000 00000000b7d79be0
0x00007f1ef935a768:   0000000000000000 00007f1ef935a7e8
0x00007f1ef935a778:   00007f1f3d006158 00007f1f3d006158
0x00007f1ef935a788:   00007f1f3d006158 000000000000000a
0x00007f1ef935a798:   00000000000000a9 00000000ec8b0518
0x00007f1ef935a7a8:   00007f1ef935a7a8 00000000b89f7c17
0x00007f1ef935a7b8:   00007f1ef935a808 00000000b89fb6b0
0x00007f1ef935a7c8:   00000000b8a95b70 00000000b89f7c78
0x00007f1ef935a7d8:   00007f1ef935a790 00007f1ef935a800
0x00007f1ef935a7e8:   00007f1ef935a850 00007f1f3d006158
0x00007f1ef935a7f8:   00000000eb76bbc8 00007f1f3c8b5c3e
0x00007f1ef935a808:   00000000ec8876e8 00007f1ef935a810
0x00007f1ef935a818:   00000000b7ece29d 00007f1ef935a868 

Instructions: (pc=0x0000000000017956)
0x0000000000017936:   
[error occurred during error reporting (printing registers, top of stack, instructions near pc), id 0xb]

Register to memory mapping:

RAX=0x00000000ec8b13c8 is an unknown value
RBX=0x00007f1f405619d8 is an unknown value
RCX=0x0000000000000028 is an unknown value
RDX=0x0000000000000040 is an unknown value
RSP=0x00007f1ef935a628 is pointing into the stack for thread: 0x00007f1f40561800
RBP=0x00007f1ef935a670 is pointing into the stack for thread: 0x00007f1f40561800
RSI=0x00000000ec8b13c8 is an unknown value
RDI=0x00007f1f044c9ac0 is an unknown value
R8 =0x0000000000000010 is an unknown value
R9 =0x00000000ec8b0f58 is an oop
java.nio.DirectFloatBufferU 
 - klass: 'java/nio/DirectFloatBufferU'
R10=0x0000000000000044 is an unknown value
R11=0x00007f1f46ce2974: <offset 0xc8b974> in /usr/lib/jvm/java-7-openjdk-amd64/jre/lib/amd64/server/libjvm.so at 0x00007f1f46057000
R12=0x00000000ec8b13c8 is an unknown value
R13=0x0000000000000040 is an unknown value
R14=0x00007f1f044c9ac0 is an unknown value
R15=0x0000000000000000 is an unknown value


Stack: [0x00007f1ef925b000,0x00007f1ef935c000],  sp=0x00007f1ef935a628,  free space=1021k
Native frames: (J=compiled Java code, j=interpreted, Vv=VM code, C=native code)
C  0x0000000000017956
[error occurred during error reporting (printing native stack), id 0xb]

Java frames: (J=compiled Java code, j=interpreted, Vv=VM code)
J  com.badlogic.gdx.utils.BufferUtils.copyJni([FLjava/nio/Buffer;II)V
J  com.badlogic.gdx.graphics.glutils.ImmediateModeRenderer20.end()V
J  mountainrangepvp.renderer.ShotRenderer.render(II)V
j  mountainrangepvp.game.GameScreen.render(F)V+151
j  mountainrangepvp.game.ServerGame.render()V+45
j  com.badlogic.gdx.backends.lwjgl.LwjglApplication.mainLoop()V+484
j  com.badlogic.gdx.backends.lwjgl.LwjglApplication$1.run()V+27
v  ~StubRoutines::call_stub

---------------  P R O C E S S  ---------------

Java Threads: ( => current thread )
  0x00007f1f04370000 JavaThread "Thread-1" [_thread_in_native, id=14639, stack(0x00007f1ef869d000,0x00007f1ef879e000)]
  0x00007f1f40009000 JavaThread "DestroyJavaVM" [_thread_blocked, id=14613, stack(0x00007f1f479f4000,0x00007f1f47af5000)]
=>0x00007f1f40561800 JavaThread "LWJGL Application" [_thread_in_native, id=14635, stack(0x00007f1ef925b000,0x00007f1ef935c000)]
  0x00000000020a8000 JavaThread "TimerQueue" daemon [_thread_blocked, id=14631, stack(0x00007f1f080c1000,0x00007f1f081c2000)]
  0x00007f1f402d5000 JavaThread "AWT-XAWT" daemon [_thread_in_native, id=14627, stack(0x00007f1f100e1000,0x00007f1f101e2000)]
  0x00007f1f402a4800 JavaThread "Java2D Disposer" daemon [_thread_blocked, id=14626, stack(0x00007f1f34055000,0x00007f1f34156000)]
  0x00007f1f4010b000 JavaThread "Service Thread" daemon [_thread_blocked, id=14624, stack(0x00007f1f34f0a000,0x00007f1f3500b000)]
  0x00007f1f40108800 JavaThread "C2 CompilerThread1" daemon [_thread_blocked, id=14623, stack(0x00007f1f3500b000,0x00007f1f3510c000)]
  0x00007f1f40105800 JavaThread "C2 CompilerThread0" daemon [_thread_blocked, id=14622, stack(0x00007f1f3510c000,0x00007f1f3520d000)]
  0x00007f1f40103800 JavaThread "Signal Dispatcher" daemon [_thread_blocked, id=14621, stack(0x00007f1f3520d000,0x00007f1f3530e000)]
  0x00007f1f400ad800 JavaThread "Finalizer" daemon [_thread_blocked, id=14620, stack(0x00007f1f355da000,0x00007f1f356db000)]
  0x00007f1f400ab000 JavaThread "Reference Handler" daemon [_thread_blocked, id=14619, stack(0x00007f1f356db000,0x00007f1f357dc000)]

Other Threads:
  0x00007f1f400a3000 VMThread [stack: 0x00007f1f357dc000,0x00007f1f358dd000] [id=14618]
  0x00007f1f40115800 WatcherThread [stack: 0x00007f1f34e09000,0x00007f1f34f0a000] [id=14625]

VM state:not at safepoint (normal execution)

VM Mutex/Monitor currently owned by a thread: None

Heap
 PSYoungGen      total 18432K, used 4151K [0x00000000eb600000, 0x00000000eca90000, 0x0000000100000000)
  eden space 15808K, 10% used [0x00000000eb600000,0x00000000eb793eb8,0x00000000ec570000)
  from space 2624K, 96% used [0x00000000ec800000,0x00000000eca7a110,0x00000000eca90000)
  to   space 2624K, 0% used [0x00000000ec570000,0x00000000ec570000,0x00000000ec800000)
 ParOldGen       total 42240K, used 1187K [0x00000000c2200000, 0x00000000c4b40000, 0x00000000eb600000)
  object space 42240K, 2% used [0x00000000c2200000,0x00000000c2328f28,0x00000000c4b40000)
 PSPermGen       total 21248K, used 14940K [0x00000000b7c00000, 0x00000000b90c0000, 0x00000000c2200000)
  object space 21248K, 70% used [0x00000000b7c00000,0x00000000b8a97070,0x00000000b90c0000)

Card table byte_map: [0x00007f1f4457a000,0x00007f1f447bd000] byte_map_base: 0x00007f1f43fbc000

Polling page: 0x00007f1f47b20000

Code Cache  [0x00007f1f3d000000, 0x00007f1f3d270000, 0x00007f1f40000000)
 total_blobs=837 nmethods=245 adapters=544 free_code_cache=48190Kb largest_free_block=49321344

Compilation events (10 events):
Event: 61.813 Thread 0x00007f1f40108800  244             java.util.HashMap$Entry::getValue (5 bytes)
Event: 61.814 Thread 0x00007f1f40108800 nmethod 244 0x00007f1f3d0ee950 code [0x00007f1f3d0eea80, 0x00007f1f3d0eead8]
Event: 62.413 Thread 0x00007f1f40108800  245             com.badlogic.gdx.graphics.glutils.ShapeRenderer::line (149 bytes)
Event: 62.420 Thread 0x00007f1f40108800 nmethod 245 0x00007f1f3d0ed610 code [0x00007f1f3d0ed800, 0x00007f1f3d0edd90]
Event: 62.530 Thread 0x00007f1f40105800  246             java.lang.StringBuilder::toString (17 bytes)
Event: 62.534 Thread 0x00007f1f40105800 nmethod 246 0x00007f1f3d0ecfd0 code [0x00007f1f3d0ed120, 0x00007f1f3d0ed3f8]
Event: 62.629 Thread 0x00007f1f40108800  247             java.lang.StringBuilder::<init> (7 bytes)
Event: 62.631 Thread 0x00007f1f40108800 nmethod 247 0x00007f1f3d0eccd0 code [0x00007f1f3d0ece20, 0x00007f1f3d0ecef8]
Event: 63.745 Thread 0x00007f1f40105800  248             sun.misc.FloatingDecimal::developLongDigits (380 bytes)
Event: 63.763 Thread 0x00007f1f40105800 nmethod 248 0x00007f1f3d0f3950 code [0x00007f1f3d0f3b00, 0x00007f1f3d0f4348]

GC Heap History (4 events):
Event: 9.663 GC heap before
{Heap before GC invocations=1 (full 0):
 PSYoungGen      total 18432K, used 15808K [0x00000000eb600000, 0x00000000eca90000, 0x0000000100000000)
  eden space 15808K, 100% used [0x00000000eb600000,0x00000000ec570000,0x00000000ec570000)
  from space 2624K, 0% used [0x00000000ec800000,0x00000000ec800000,0x00000000eca90000)
  to   space 2624K, 0% used [0x00000000ec570000,0x00000000ec570000,0x00000000ec800000)
 ParOldGen       total 42240K, used 0K [0x00000000c2200000, 0x00000000c4b40000, 0x00000000eb600000)
  object space 42240K, 0% used [0x00000000c2200000,0x00000000c2200000,0x00000000c4b40000)
 PSPermGen       total 21248K, used 14788K [0x00000000b7c00000, 0x00000000b90c0000, 0x00000000c2200000)
  object space 21248K, 69% used [0x00000000b7c00000,0x00000000b8a71390,0x00000000b90c0000)
Event: 9.682 GC heap after
Heap after GC invocations=1 (full 0):
 PSYoungGen      total 18432K, used 2614K [0x00000000eb600000, 0x00000000eca90000, 0x0000000100000000)
  eden space 15808K, 0% used [0x00000000eb600000,0x00000000eb600000,0x00000000ec570000)
  from space 2624K, 99% used [0x00000000ec570000,0x00000000ec7fd8f0,0x00000000ec800000)
  to   space 2624K, 0% used [0x00000000ec800000,0x00000000ec800000,0x00000000eca90000)
 ParOldGen       total 42240K, used 1179K [0x00000000c2200000, 0x00000000c4b40000, 0x00000000eb600000)
  object space 42240K, 2% used [0x00000000c2200000,0x00000000c2326f28,0x00000000c4b40000)
 PSPermGen       total 21248K, used 14788K [0x00000000b7c00000, 0x00000000b90c0000, 0x00000000c2200000)
  object space 21248K, 69% used [0x00000000b7c00000,0x00000000b8a71390,0x00000000b90c0000)
}
Event: 59.962 GC heap before
{Heap before GC invocations=2 (full 0):
 PSYoungGen      total 18432K, used 18422K [0x00000000eb600000, 0x00000000eca90000, 0x0000000100000000)
  eden space 15808K, 100% used [0x00000000eb600000,0x00000000ec570000,0x00000000ec570000)
  from space 2624K, 99% used [0x00000000ec570000,0x00000000ec7fd8f0,0x00000000ec800000)
  to   space 2624K, 0% used [0x00000000ec800000,0x00000000ec800000,0x00000000eca90000)
 ParOldGen       total 42240K, used 1179K [0x00000000c2200000, 0x00000000c4b40000, 0x00000000eb600000)
  object space 42240K, 2% used [0x00000000c2200000,0x00000000c2326f28,0x00000000c4b40000)
 PSPermGen       total 21248K, used 14939K [0x00000000b7c00000, 0x00000000b90c0000, 0x00000000c2200000)
  object space 21248K, 70% used [0x00000000b7c00000,0x00000000b8a96d98,0x00000000b90c0000)
Event: 59.971 GC heap after
Heap after GC invocations=2 (full 0):
 PSYoungGen      total 18432K, used 2536K [0x00000000eb600000, 0x00000000eca90000, 0x0000000100000000)
  eden space 15808K, 0% used [0x00000000eb600000,0x00000000eb600000,0x00000000ec570000)
  from space 2624K, 96% used [0x00000000ec800000,0x00000000eca7a110,0x00000000eca90000)
  to   space 2624K, 0% used [0x00000000ec570000,0x00000000ec570000,0x00000000ec800000)
 ParOldGen       total 42240K, used 1187K [0x00000000c2200000, 0x00000000c4b40000, 0x00000000eb600000)
  object space 42240K, 2% used [0x00000000c2200000,0x00000000c2328f28,0x00000000c4b40000)
 PSPermGen       total 21248K, used 14939K [0x00000000b7c00000, 0x00000000b90c0000, 0x00000000c2200000)
  object space 21248K, 70% used [0x00000000b7c00000,0x00000000b8a96d98,0x00000000b90c0000)
}

Deoptimization events (7 events):
Event: 0.496 Thread 0x00007f1f40009000 Uncommon trap -34 fr.pc 0x00007f1f3d079ab0
Event: 0.500 Thread 0x00007f1f40009000 Uncommon trap -34 fr.pc 0x00007f1f3d079ab0
Event: 0.503 Thread 0x00007f1f40009000 Uncommon trap -34 fr.pc 0x00007f1f3d079ab0
Event: 0.506 Thread 0x00007f1f40009000 Uncommon trap -34 fr.pc 0x00007f1f3d079ab0
Event: 2.355 Thread 0x00007f1f4038c800 Uncommon trap -34 fr.pc 0x00007f1f3d07c014
Event: 2.355 Thread 0x00007f1f4038c800 Uncommon trap -34 fr.pc 0x00007f1f3d07c014
Event: 2.355 Thread 0x00007f1f4038c800 Uncommon trap -34 fr.pc 0x00007f1f3d07c014

Internal exceptions (10 events):
Event: 10.477 Thread 0x00007f1f04370000 Threw 0x00000000eb710b98 at /build/buildd/openjdk-7-7u9-2.3.4/build/openjdk/hotspot/src/share/vm/prims/jvm.cpp:1166
Event: 10.477 Thread 0x00007f1f04370000 Threw 0x00000000eb714448 at /build/buildd/openjdk-7-7u9-2.3.4/build/openjdk/hotspot/src/share/vm/prims/jvm.cpp:1166
Event: 10.478 Thread 0x00007f1f04370000 Threw 0x00000000eb717bc8 at /build/buildd/openjdk-7-7u9-2.3.4/build/openjdk/hotspot/src/share/vm/prims/jvm.cpp:1166
Event: 10.478 Thread 0x00007f1f04370000 Threw 0x00000000eb71aa38 at /build/buildd/openjdk-7-7u9-2.3.4/build/openjdk/hotspot/src/share/vm/prims/jvm.cpp:1166
Event: 10.482 Thread 0x00007f1f18003800 Threw 0x00000000eb7390e0 at /build/buildd/openjdk-7-7u9-2.3.4/build/openjdk/hotspot/src/share/vm/prims/jvm.cpp:1166
Event: 10.483 Thread 0x00007f1f18003800 Threw 0x00000000eb73d390 at /build/buildd/openjdk-7-7u9-2.3.4/build/openjdk/hotspot/src/share/vm/prims/jvm.cpp:1166
Event: 13.831 Thread 0x00007f1f40561800 Threw 0x00000000eb8154e8 at /build/buildd/openjdk-7-7u9-2.3.4/build/openjdk/hotspot/src/share/vm/prims/jvm.cpp:1166
Event: 13.845 Thread 0x00007f1f40561800 Threw 0x00000000eb821d60 at /build/buildd/openjdk-7-7u9-2.3.4/build/openjdk/hotspot/src/share/vm/prims/jvm.cpp:1166
Event: 13.846 Thread 0x00007f1f40561800 Threw 0x00000000eb824818 at /build/buildd/openjdk-7-7u9-2.3.4/build/openjdk/hotspot/src/share/vm/prims/jvm.cpp:1166
Event: 56.795 Thread 0x00007f1f40561800 Threw 0x00000000ec4635f0 at /build/buildd/openjdk-7-7u9-2.3.4/build/openjdk/hotspot/src/share/vm/prims/jvm.cpp:1166

Events (10 events):
Event: 59.974 Executing VM operation: RevokeBias done
Event: 59.974 Executing VM operation: RevokeBias
Event: 59.974 Executing VM operation: RevokeBias done
Event: 59.974 Executing VM operation: RevokeBias
Event: 59.974 Executing VM operation: RevokeBias done
Event: 59.974 Executing VM operation: RevokeBias
Event: 59.974 Executing VM operation: RevokeBias done
Event: 59.974 Executing VM operation: RevokeBias
Event: 59.974 Executing VM operation: RevokeBias done
Event: 62.615 Thread 0x00007f1f04003000 Thread exited: 0x00007f1f04003000


Dynamic libraries:
00400000-00401000 r-xp 00000000 08:07 2229502                            /usr/lib/jvm/java-7-openjdk-amd64/jre/bin/java
00600000-00601000 r--p 00000000 08:07 2229502                            /usr/lib/jvm/java-7-openjdk-amd64/jre/bin/java
00601000-00602000 rw-p 00001000 08:07 2229502                            /usr/lib/jvm/java-7-openjdk-amd64/jre/bin/java
01fea000-0213a000 rw-p 00000000 00:00 0                                  [heap]
40aeb000-40b69000 rw-p 00000000 00:00 0 
40f8a000-40f8c000 r-xs 00000000 08:07 1572874                            /tmp/glvveJp0 (deleted)
415ce000-4164c000 rw-p 00000000 00:00 0 
b7c00000-b90c0000 rw-p 00000000 00:00 0 
b90c0000-c2200000 rw-p 00000000 00:00 0 
c2200000-c4b40000 rw-p 00000000 00:00 0 
c4b40000-eb600000 rw-p 00000000 00:00 0 
eb600000-eca90000 rw-p 00000000 00:00 0 
eca90000-100000000 rw-p 00000000 00:00 0 
7f1eedc15000-7f1eef5e5000 r-xp 00000000 08:07 2253650                    /usr/lib/nvidia-current-updates/libnvidia-glcore.so.304.64
7f1eef5e5000-7f1eef7e4000 ---p 019d0000 08:07 2253650                    /usr/lib/nvidia-current-updates/libnvidia-glcore.so.304.64
7f1eef7e4000-7f1eeffe5000 rwxp 019cf000 08:07 2253650                    /usr/lib/nvidia-current-updates/libnvidia-glcore.so.304.64
7f1eeffe5000-7f1eeffff000 rwxp 00000000 00:00 0 
7f1eeffff000-7f1ef4000000 rw-s 00000000 00:12 606876                     /run/shm/pulse-shm-2954808907
7f1ef4000000-7f1ef4021000 rw-p 00000000 00:00 0 
7f1ef4021000-7f1ef8000000 ---p 00000000 00:00 0 
7f1ef861c000-7f1ef869d000 rw-p 00000000 00:00 0 
7f1ef869d000-7f1ef86a0000 ---p 00000000 00:00 0 
7f1ef86a0000-7f1ef879e000 rw-p 00000000 00:00 0 
7f1ef879e000-7f1ef889e000 rw-s 130a0a000 00:05 9980                      /dev/nvidia0
7f1ef889e000-7f1ef889f000 rw-s e2c10000 00:05 9980                       /dev/nvidia0
7f1ef889f000-7f1ef88df000 rw-s 134bc5000 00:05 9980                      /dev/nvidia0
7f1ef88ff000-7f1ef899d000 rw-p 00000000 00:00 0 
7f1ef899d000-7f1ef8b9d000 rw-s 135401000 00:05 9980                      /dev/nvidia0
7f1ef8b9d000-7f1ef8c9d000 rw-s 132b08000 00:05 9980                      /dev/nvidia0
7f1ef8c9d000-7f1ef8d3b000 rw-p 00000000 00:00 0 
7f1ef8d3b000-7f1ef8d3e000 r-xp 00000000 08:07 2517911                    /usr/lib/nvidia-current-updates/tls/libnvidia-tls.so.304.64
7f1ef8d3e000-7f1ef8f3d000 ---p 00003000 08:07 2517911                    /usr/lib/nvidia-current-updates/tls/libnvidia-tls.so.304.64
7f1ef8f3d000-7f1ef8f3e000 rw-p 00002000 08:07 2517911                    /usr/lib/nvidia-current-updates/tls/libnvidia-tls.so.304.64
7f1ef8f3e000-7f1ef9008000 r-xp 00000000 08:07 2253651                    /usr/lib/nvidia-current-updates/libGL.so.304.64
7f1ef9008000-7f1ef9208000 ---p 000ca000 08:07 2253651                    /usr/lib/nvidia-current-updates/libGL.so.304.64
7f1ef9208000-7f1ef9245000 rwxp 000ca000 08:07 2253651                    /usr/lib/nvidia-current-updates/libGL.so.304.64
7f1ef9245000-7f1ef925b000 rwxp 00000000 00:00 0 
7f1ef925b000-7f1ef925e000 ---p 00000000 00:00 0 
7f1ef925e000-7f1ef935c000 rw-p 00000000 00:00 0 
7f1ef935c000-7f1ef935d000 ---p 00000000 00:00 0 
7f1ef935d000-7f1ef945d000 rw-p 00000000 00:00 0 
7f1ef945d000-7f1ef945e000 ---p 00000000 00:00 0 
7f1ef945e000-7f1ef9c5e000 rw-p 00000000 00:00 0 
7f1ef9c5e000-7f1ef9c64000 r-xp 00000000 08:07 1712289                    /usr/lib/x86_64-linux-gnu/libogg.so.0.7.1
7f1ef9c64000-7f1ef9e63000 ---p 00006000 08:07 1712289                    /usr/lib/x86_64-linux-gnu/libogg.so.0.7.1
7f1ef9e63000-7f1ef9e64000 r--p 00005000 08:07 1712289                    /usr/lib/x86_64-linux-gnu/libogg.so.0.7.1
7f1ef9e64000-7f1ef9e65000 rw-p 00006000 08:07 1712289                    /usr/lib/x86_64-linux-gnu/libogg.so.0.7.1
7f1ef9e65000-7f1ef9e90000 r-xp 00000000 08:07 1714001                    /usr/lib/x86_64-linux-gnu/libvorbis.so.0.4.5
7f1ef9e90000-7f1efa08f000 ---p 0002b000 08:07 1714001                    /usr/lib/x86_64-linux-gnu/libvorbis.so.0.4.5
7f1efa08f000-7f1efa090000 r--p 0002a000 08:07 1714001                    /usr/lib/x86_64-linux-gnu/libvorbis.so.0.4.5
7f1efa090000-7f1efa091000 rw-p 0002b000 08:07 1714001                    /usr/lib/x86_64-linux-gnu/libvorbis.so.0.4.5
7f1efa091000-7f1efa344000 r-xp 00000000 08:07 1713995                    /usr/lib/x86_64-linux-gnu/libvorbisenc.so.2.0.8
7f1efa344000-7f1efa543000 ---p 002b3000 08:07 1713995                    /usr/lib/x86_64-linux-gnu/libvorbisenc.so.2.0.8
7f1efa543000-7f1efa55f000 r--p 002b2000 08:07 1713995                    /usr/lib/x86_64-linux-gnu/libvorbisenc.so.2.0.8
7f1efa55f000-7f1efa560000 rw-p 002ce000 08:07 1713995                    /usr/lib/x86_64-linux-gnu/libvorbisenc.so.2.0.8
7f1efa560000-7f1efa5a8000 r-xp 00000000 08:07 1705649                    /usr/lib/x86_64-linux-gnu/libFLAC.so.8.2.0
7f1efa5a8000-7f1efa7a8000 ---p 00048000 08:07 1705649                    /usr/lib/x86_64-linux-gnu/libFLAC.so.8.2.0
7f1efa7a8000-7f1efa7a9000 r--p 00048000 08:07 1705649                    /usr/lib/x86_64-linux-gnu/libFLAC.so.8.2.0
7f1efa7a9000-7f1efa7aa000 rw-p 00049000 08:07 1705649                    /usr/lib/x86_64-linux-gnu/libFLAC.so.8.2.0
7f1efa7aa000-7f1efa7af000 r-xp 00000000 08:07 1712123                    /usr/lib/x86_64-linux-gnu/libasyncns.so.0.3.1
7f1efa7af000-7f1efa9ae000 ---p 00005000 08:07 1712123                    /usr/lib/x86_64-linux-gnu/libasyncns.so.0.3.1
7f1efa9ae000-7f1efa9af000 r--p 00004000 08:07 1712123                    /usr/lib/x86_64-linux-gnu/libasyncns.so.0.3.1
7f1efa9af000-7f1efa9b0000 rw-p 00005000 08:07 1712123                    /usr/lib/x86_64-linux-gnu/libasyncns.so.0.3.1
7f1efa9b0000-7f1efaa10000 r-xp 00000000 08:07 1714017                    /usr/lib/x86_64-linux-gnu/libsndfile.so.1.0.25
7f1efaa10000-7f1efac10000 ---p 00060000 08:07 1714017                    /usr/lib/x86_64-linux-gnu/libsndfile.so.1.0.25
7f1efac10000-7f1efac12000 r--p 00060000 08:07 1714017                    /usr/lib/x86_64-linux-gnu/libsndfile.so.1.0.25
7f1efac12000-7f1efac13000 rw-p 00062000 08:07 1714017                    /usr/lib/x86_64-linux-gnu/libsndfile.so.1.0.25
7f1efac13000-7f1efac17000 rw-p 00000000 00:00 0 
7f1efac17000-7f1efac1f000 r-xp 00000000 08:07 397167                     /lib/x86_64-linux-gnu/libwrap.so.0.7.6
7f1efac1f000-7f1efae1e000 ---p 00008000 08:07 397167                     /lib/x86_64-linux-gnu/libwrap.so.0.7.6
7f1efae1e000-7f1efae1f000 r--p 00007000 08:07 397167                     /lib/x86_64-linux-gnu/libwrap.so.0.7.6
7f1efae1f000-7f1efae20000 rw-p 00008000 08:07 397167                     /lib/x86_64-linux-gnu/libwrap.so.0.7.6
7f1efae20000-7f1efae7c000 r-xp 00000000 08:07 1703958                    /usr/lib/x86_64-linux-gnu/libpulsecommon-1.1.so
7f1efae7c000-7f1efb07c000 ---p 0005c000 08:07 1703958                    /usr/lib/x86_64-linux-gnu/libpulsecommon-1.1.so
7f1efb07c000-7f1efb07d000 r--p 0005c000 08:07 1703958                    /usr/lib/x86_64-linux-gnu/libpulsecommon-1.1.so
7f1efb07d000-7f1efb07e000 rw-p 0005d000 08:07 1703958                    /usr/lib/x86_64-linux-gnu/libpulsecommon-1.1.so
7f1efb07e000-7f1efb085000 r-xp 00000000 08:07 1712246                    /usr/lib/x86_64-linux-gnu/libjson.so.0.0.1
7f1efb085000-7f1efb284000 ---p 00007000 08:07 1712246                    /usr/lib/x86_64-linux-gnu/libjson.so.0.0.1
7f1efb284000-7f1efb285000 r--p 00006000 08:07 1712246                    /usr/lib/x86_64-linux-gnu/libjson.so.0.0.1
7f1efb285000-7f1efb286000 rw-p 00007000 08:07 1712246                    /usr/lib/x86_64-linux-gnu/libjson.so.0.0.1
7f1efb286000-7f1efb2cc000 r-xp 00000000 08:07 1706093                    /usr/lib/x86_64-linux-gnu/libpulse.so.0.13.5
7f1efb2cc000-7f1efb4cc000 ---p 00046000 08:07 1706093                    /usr/lib/x86_64-linux-gnu/libpulse.so.0.13.5
7f1efb4cc000-7f1efb4cd000 r--p 00046000 08:07 1706093                    /usr/lib/x86_64-linux-gnu/libpulse.so.0.13.5
7f1efb4cd000-7f1efb4ce000 rw-p 00047000 08:07 1706093                    /usr/lib/x86_64-linux-gnu/libpulse.so.0.13.5
7f1efb4ce000-7f1efb520000 r-xp 00000000 08:07 1572952                    /tmp/libgdxlachlan/4263204358/libopenal64.so
7f1efb520000-7f1efb71f000 ---p 00052000 08:07 1572952                    /tmp/libgdxlachlan/4263204358/libopenal64.so
7f1efb71f000-7f1efb721000 r--p 00051000 08:07 1572952                    /tmp/libgdxlachlan/4263204358/libopenal64.so
7f1efb721000-7f1efb722000 rw-p 00053000 08:07 1572952                    /tmp/libgdxlachlan/4263204358/libopenal64.so
7f1efb722000-7f1efb723000 rw-p 00000000 00:00 0 
7f1efb723000-7f1efb727000 r-xp 00000000 08:07 1709808                    /usr/lib/x86_64-linux-gnu/libXxf86vm.so.1.0.0
7f1efb727000-7f1efb926000 ---p 00004000 08:07 1709808                    /usr/lib/x86_64-linux-gnu/libXxf86vm.so.1.0.0
7f1efb926000-7f1efb927000 r--p 00003000 08:07 1709808                    /usr/lib/x86_64-linux-gnu/libXxf86vm.so.1.0.0
7f1efb927000-7f1efb928000 rw-p 00004000 08:07 1709808                    /usr/lib/x86_64-linux-gnu/libXxf86vm.so.1.0.0
7f1efb928000-7f1efb990000 r-xp 00000000 08:07 1572953                    /tmp/libgdxlachlan/4263204358/liblwjgl64.so
7f1efb990000-7f1efbb90000 ---p 00068000 08:07 1572953                    /tmp/libgdxlachlan/4263204358/liblwjgl64.so
7f1efbb90000-7f1efbb92000 r--p 00068000 08:07 1572953                    /tmp/libgdxlachlan/4263204358/liblwjgl64.so
7f1efbb92000-7f1efbb93000 rw-p 0006a000 08:07 1572953                    /tmp/libgdxlachlan/4263204358/liblwjgl64.so
7f1efbb93000-7f1efbb94000 r-xp 00000000 08:07 2649878                    /usr/lib/jvm/java-7-openjdk-amd64/jre/lib/amd64/libjawt.so
7f1efbb94000-7f1efbd93000 ---p 00001000 08:07 2649878                    /usr/lib/jvm/java-7-openjdk-amd64/jre/lib/amd64/libjawt.so
7f1efbd93000-7f1efbd94000 r--p 00000000 08:07 2649878                    /usr/lib/jvm/java-7-openjdk-amd64/jre/lib/amd64/libjawt.so
7f1efbd94000-7f1efbd95000 rw-p 00001000 08:07 2649878                    /usr/lib/jvm/java-7-openjdk-amd64/jre/lib/amd64/libjawt.so
7f1efbd95000-7f1efbdfd000 r-xp 00000000 08:07 1572951                    /tmp/libgdxlachlan/4263204358/libgdx64.so
7f1efbdfd000-7f1efbffc000 ---p 00068000 08:07 1572951                    /tmp/libgdxlachlan/4263204358/libgdx64.so
7f1efbffc000-7f1efbffe000 r--p 00067000 08:07 1572951                    /tmp/libgdxlachlan/4263204358/libgdx64.so
7f1efbffe000-7f1efbfff000 rw-p 00069000 08:07 1572951                    /tmp/libgdxlachlan/4263204358/libgdx64.so
7f1efbfff000-7f1efc000000 rw-p 00000000 00:00 0 
7f1efc000000-7f1efc021000 rw-p 00000000 00:00 0 
7f1efc021000-7f1f00000000 ---p 00000000 00:00 0 
7f1f00000000-7f1f00022000 rw-p 00000000 00:00 0 
7f1f00022000-7f1f04000000 ---p 00000000 00:00 0 
7f1f04000000-7f1f045ff000 rw-p 00000000 00:00 0 
7f1f045ff000-7f1f08000000 ---p 00000000 00:00 0 
7f1f08000000-7f1f08040000 rw-s 137c9a000 00:05 9980                      /dev/nvidia0
7f1f08040000-7f1f080c1000 rw-p 00000000 00:00 0 
7f1f080c1000-7f1f080c4000 ---p 00000000 00:00 0 
7f1f080c4000-7f1f081c2000 rw-p 00000000 00:00 0 
7f1f081c2000-7f1f081c5000 ---p 00000000 00:00 0 
7f1f081c5000-7f1f082c3000 rw-p 00000000 00:00 0 
7f1f082c3000-7f1f082c6000 ---p 00000000 00:00 0 
7f1f082c6000-7f1f083c4000 rw-p 00000000 00:00 0 
7f1f083c4000-7f1f083d4000 r-xp 00000000 08:07 2648445                    /usr/lib/jvm/java-7-openjdk-amd64/jre/lib/amd64/libnio.so
7f1f083d4000-7f1f085d3000 ---p 00010000 08:07 2648445                    /usr/lib/jvm/java-7-openjdk-amd64/jre/lib/amd64/libnio.so
7f1f085d3000-7f1f085d4000 r--p 0000f000 08:07 2648445                    /usr/lib/jvm/java-7-openjdk-amd64/jre/lib/amd64/libnio.so
7f1f085d4000-7f1f085d5000 rw-p 00010000 08:07 2648445                    /usr/lib/jvm/java-7-openjdk-amd64/jre/lib/amd64/libnio.so
7f1f085d5000-7f1f085eb000 r-xp 00000000 08:07 2648487                    /usr/lib/jvm/java-7-openjdk-amd64/jre/lib/amd64/libnet.so
7f1f085eb000-7f1f087ea000 ---p 00016000 08:07 2648487                    /usr/lib/jvm/java-7-openjdk-amd64/jre/lib/amd64/libnet.so
7f1f087ea000-7f1f087eb000 r--p 00015000 08:07 2648487                    /usr/lib/jvm/java-7-openjdk-amd64/jre/lib/amd64/libnet.so
7f1f087eb000-7f1f087ec000 rw-p 00016000 08:07 2648487                    /usr/lib/jvm/java-7-openjdk-amd64/jre/lib/amd64/libnet.so
7f1f087ec000-7f1f08827000 r-xp 00000000 08:07 2648497                    /usr/lib/jvm/java-7-openjdk-amd64/jre/lib/amd64/libfontmanager.so
7f1f08827000-7f1f08a26000 ---p 0003b000 08:07 2648497                    /usr/lib/jvm/java-7-openjdk-amd64/jre/lib/amd64/libfontmanager.so
7f1f08a26000-7f1f08a28000 r--p 0003a000 08:07 2648497                    /usr/lib/jvm/java-7-openjdk-amd64/jre/lib/amd64/libfontmanager.so
7f1f08a28000-7f1f08a29000 rw-p 0003c000 08:07 2648497                    /usr/lib/jvm/java-7-openjdk-amd64/jre/lib/amd64/libfontmanager.so
7f1f08a29000-7f1f08a2c000 ---p 00000000 00:00 0 
7f1f08a2c000-7f1f08b2a000 rw-p 00000000 00:00 0 
7f1f08b2a000-7f1f08b2d000 r-xp 00000000 08:07 396599                     /lib/x86_64-linux-gnu/libgpg-error.so.0.8.0
7f1f08b2d000-7f1f08d2c000 ---p 00003000 08:07 396599                     /lib/x86_64-linux-gnu/libgpg-error.so.0.8.0
7f1f08d2c000-7f1f08d2d000 r--p 00002000 08:07 396599                     /lib/x86_64-linux-gnu/libgpg-error.so.0.8.0
7f1f08d2d000-7f1f08d2e000 rw-p 00003000 08:07 396599                     /lib/x86_64-linux-gnu/libgpg-error.so.0.8.0
7f1f08d2e000-7f1f08d31000 r-xp 00000000 08:07 393322                     /lib/x86_64-linux-gnu/libkeyutils.so.1.4
7f1f08d31000-7f1f08f30000 ---p 00003000 08:07 393322                     /lib/x86_64-linux-gnu/libkeyutils.so.1.4
7f1f08f30000-7f1f08f31000 r--p 00002000 08:07 393322                     /lib/x86_64-linux-gnu/libkeyutils.so.1.4
7f1f08f31000-7f1f08f32000 rw-p 00003000 08:07 393322                     /lib/x86_64-linux-gnu/libkeyutils.so.1.4
7f1f08f32000-7f1f08f74000 r-xp 00000000 08:07 393283                     /lib/x86_64-linux-gnu/libdbus-1.so.3.5.8
7f1f08f74000-7f1f09174000 ---p 00042000 08:07 393283                     /lib/x86_64-linux-gnu/libdbus-1.so.3.5.8
7f1f09174000-7f1f09175000 r--p 00042000 08:07 393283                     /lib/x86_64-linux-gnu/libdbus-1.so.3.5.8
7f1f09175000-7f1f09176000 rw-p 00043000 08:07 393283                     /lib/x86_64-linux-gnu/libdbus-1.so.3.5.8
7f1f09176000-7f1f09187000 r-xp 00000000 08:07 1707850                    /usr/lib/x86_64-linux-gnu/libp11-kit.so.0.0.0
7f1f09187000-7f1f09386000 ---p 00011000 08:07 1707850                    /usr/lib/x86_64-linux-gnu/libp11-kit.so.0.0.0
7f1f09386000-7f1f09387000 r--p 00010000 08:07 1707850                    /usr/lib/x86_64-linux-gnu/libp11-kit.so.0.0.0
7f1f09387000-7f1f09388000 rw-p 00011000 08:07 1707850                    /usr/lib/x86_64-linux-gnu/libp11-kit.so.0.0.0
7f1f09388000-7f1f09402000 r-xp 00000000 08:07 396603                     /lib/x86_64-linux-gnu/libgcrypt.so.11.7.0
7f1f09402000-7f1f09602000 ---p 0007a000 08:07 396603                     /lib/x86_64-linux-gnu/libgcrypt.so.11.7.0
7f1f09602000-7f1f09603000 r--p 0007a000 08:07 396603                     /lib/x86_64-linux-gnu/libgcrypt.so.11.7.0
7f1f09603000-7f1f09606000 rw-p 0007b000 08:07 396603                     /lib/x86_64-linux-gnu/libgcrypt.so.11.7.0
7f1f09606000-7f1f09616000 r-xp 00000000 08:07 1710790                    /usr/lib/x86_64-linux-gnu/libtasn1.so.3.1.12
7f1f09616000-7f1f09815000 ---p 00010000 08:07 1710790                    /usr/lib/x86_64-linux-gnu/libtasn1.so.3.1.12
7f1f09815000-7f1f09816000 r--p 0000f000 08:07 1710790                    /usr/lib/x86_64-linux-gnu/libtasn1.so.3.1.12
7f1f09816000-7f1f09817000 rw-p 00010000 08:07 1710790                    /usr/lib/x86_64-linux-gnu/libtasn1.so.3.1.12
7f1f09817000-7f1f0981e000 r-xp 00000000 08:07 1704429                    /usr/lib/x86_64-linux-gnu/libkrb5support.so.0.1
7f1f0981e000-7f1f09a1d000 ---p 00007000 08:07 1704429                    /usr/lib/x86_64-linux-gnu/libkrb5support.so.0.1
7f1f09a1d000-7f1f09a1e000 r--p 00006000 08:07 1704429                    /usr/lib/x86_64-linux-gnu/libkrb5support.so.0.1
7f1f09a1e000-7f1f09a1f000 rw-p 00007000 08:07 1704429                    /usr/lib/x86_64-linux-gnu/libkrb5support.so.0.1
7f1f09a1f000-7f1f09a22000 r-xp 00000000 08:07 396595                     /lib/x86_64-linux-gnu/libcom_err.so.2.1
7f1f09a22000-7f1f09c21000 ---p 00003000 08:07 396595                     /lib/x86_64-linux-gnu/libcom_err.so.2.1
7f1f09c21000-7f1f09c22000 r--p 00002000 08:07 396595                     /lib/x86_64-linux-gnu/libcom_err.so.2.1
7f1f09c22000-7f1f09c23000 rw-p 00003000 08:07 396595                     /lib/x86_64-linux-gnu/libcom_err.so.2.1
7f1f09c23000-7f1f09c48000 r-xp 00000000 08:07 1704889                    /usr/lib/x86_64-linux-gnu/libk5crypto.so.3.1
7f1f09c48000-7f1f09e48000 ---p 00025000 08:07 1704889                    /usr/lib/x86_64-linux-gnu/libk5crypto.so.3.1
7f1f09e48000-7f1f09e49000 r--p 00025000 08:07 1704889                    /usr/lib/x86_64-linux-gnu/libk5crypto.so.3.1
7f1f09e49000-7f1f09e4a000 rw-p 00026000 08:07 1704889                    /usr/lib/x86_64-linux-gnu/libk5crypto.so.3.1
7f1f09e4a000-7f1f09e4b000 rw-p 00000000 00:00 0 
7f1f09e4b000-7f1f09f0f000 r-xp 00000000 08:07 1704426                    /usr/lib/x86_64-linux-gnu/libkrb5.so.3.3
7f1f09f0f000-7f1f0a10e000 ---p 000c4000 08:07 1704426                    /usr/lib/x86_64-linux-gnu/libkrb5.so.3.3
7f1f0a10e000-7f1f0a118000 r--p 000c3000 08:07 1704426                    /usr/lib/x86_64-linux-gnu/libkrb5.so.3.3
7f1f0a118000-7f1f0a119000 rw-p 000cd000 08:07 1704426                    /usr/lib/x86_64-linux-gnu/libkrb5.so.3.3
7f1f0a119000-7f1f0a121000 r-xp 00000000 08:07 1711480                    /usr/lib/x86_64-linux-gnu/libxcb-render.so.0.0.0
7f1f0a121000-7f1f0a321000 ---p 00008000 08:07 1711480                    /usr/lib/x86_64-linux-gnu/libxcb-render.so.0.0.0
7f1f0a321000-7f1f0a322000 r--p 00008000 08:07 1711480                    /usr/lib/x86_64-linux-gnu/libxcb-render.so.0.0.0
7f1f0a322000-7f1f0a323000 rw-p 00009000 08:07 1711480                    /usr/lib/x86_64-linux-gnu/libxcb-render.so.0.0.0
7f1f0a323000-7f1f0a325000 r-xp 00000000 08:07 1711484                    /usr/lib/x86_64-linux-gnu/libxcb-shm.so.0.0.0
7f1f0a325000-7f1f0a524000 ---p 00002000 08:07 1711484                    /usr/lib/x86_64-linux-gnu/libxcb-shm.so.0.0.0
7f1f0a524000-7f1f0a525000 r--p 00001000 08:07 1711484                    /usr/lib/x86_64-linux-gnu/libxcb-shm.so.0.0.0
7f1f0a525000-7f1f0a526000 rw-p 00002000 08:07 1711484                    /usr/lib/x86_64-linux-gnu/libxcb-shm.so.0.0.0
7f1f0a526000-7f1f0a54c000 r-xp 00000000 08:07 396629                     /lib/x86_64-linux-gnu/libpng12.so.0.46.0
7f1f0a54c000-7f1f0a74c000 ---p 00026000 08:07 396629                     /lib/x86_64-linux-gnu/libpng12.so.0.46.0
7f1f0a74c000-7f1f0a74d000 r--p 00026000 08:07 396629                     /lib/x86_64-linux-gnu/libpng12.so.0.46.0
7f1f0a74d000-7f1f0a74e000 rw-p 00027000 08:07 396629                     /lib/x86_64-linux-gnu/libpng12.so.0.46.0
7f1f0a74e000-7f1f0a7cf000 r-xp 00000000 08:07 1711453                    /usr/lib/x86_64-linux-gnu/libpixman-1.so.0.24.4
7f1f0a7cf000-7f1f0a9ce000 ---p 00081000 08:07 1711453                    /usr/lib/x86_64-linux-gnu/libpixman-1.so.0.24.4
7f1f0a9ce000-7f1f0a9d4000 r--p 00080000 08:07 1711453                    /usr/lib/x86_64-linux-gnu/libpixman-1.so.0.24.4
7f1f0a9d4000-7f1f0a9d5000 rw-p 00086000 08:07 1711453                    /usr/lib/x86_64-linux-gnu/libpixman-1.so.0.24.4
7f1f0a9d5000-7f1f0a9da000 r-xp 00000000 08:07 1711469                    /usr/lib/x86_64-linux-gnu/libXdmcp.so.6.0.0
7f1f0a9da000-7f1f0abd9000 ---p 00005000 08:07 1711469                    /usr/lib/x86_64-linux-gnu/libXdmcp.so.6.0.0
7f1f0abd9000-7f1f0abda000 r--p 00004000 08:07 1711469                    /usr/lib/x86_64-linux-gnu/libXdmcp.so.6.0.0
7f1f0abda000-7f1f0abdb000 rw-p 00005000 08:07 1711469                    /usr/lib/x86_64-linux-gnu/libXdmcp.so.6.0.0
7f1f0abdb000-7f1f0abdd000 r-xp 00000000 08:07 1711462                    /usr/lib/x86_64-linux-gnu/libXau.so.6.0.0
7f1f0abdd000-7f1f0addc000 ---p 00002000 08:07 1711462                    /usr/lib/x86_64-linux-gnu/libXau.so.6.0.0
7f1f0addc000-7f1f0addd000 r--p 00001000 08:07 1711462                    /usr/lib/x86_64-linux-gnu/libXau.so.6.0.0
7f1f0addd000-7f1f0adde000 rw-p 00002000 08:07 1711462                    /usr/lib/x86_64-linux-gnu/libXau.so.6.0.0
7f1f0adde000-7f1f0adee000 r-xp 00000000 08:07 1711535                    /usr/lib/x86_64-linux-gnu/libavahi-client.so.3.2.9
7f1f0adee000-7f1f0afed000 ---p 00010000 08:07 1711535                    /usr/lib/x86_64-linux-gnu/libavahi-client.so.3.2.9
7f1f0afed000-7f1f0afee000 r--p 0000f000 08:07 1711535                    /usr/lib/x86_64-linux-gnu/libavahi-client.so.3.2.9
7f1f0afee000-7f1f0afef000 rw-p 00010000 08:07 1711535                    /usr/lib/x86_64-linux-gnu/libavahi-client.so.3.2.9
7f1f0afef000-7f1f0affa000 r-xp 00000000 08:07 1711529                    /usr/lib/x86_64-linux-gnu/libavahi-common.so.3.5.3
7f1f0affa000-7f1f0b1f9000 ---p 0000b000 08:07 1711529                    /usr/lib/x86_64-linux-gnu/libavahi-common.so.3.5.3
7f1f0b1f9000-7f1f0b1fa000 r--p 0000a000 08:07 1711529                    /usr/lib/x86_64-linux-gnu/libavahi-common.so.3.5.3
7f1f0b1fa000-7f1f0b1fb000 rw-p 0000b000 08:07 1711529                    /usr/lib/x86_64-linux-gnu/libavahi-common.so.3.5.3
7f1f0b1fb000-7f1f0b2af000 r-xp 00000000 08:07 1708303                    /usr/lib/x86_64-linux-gnu/libgnutls.so.26.21.8
7f1f0b2af000-7f1f0b4af000 ---p 000b4000 08:07 1708303                    /usr/lib/x86_64-linux-gnu/libgnutls.so.26.21.8
7f1f0b4af000-7f1f0b4b5000 r--p 000b4000 08:07 1708303                    /usr/lib/x86_64-linux-gnu/libgnutls.so.26.21.8
7f1f0b4b5000-7f1f0b4b6000 rw-p 000ba000 08:07 1708303                    /usr/lib/x86_64-linux-gnu/libgnutls.so.26.21.8
7f1f0b4b6000-7f1f0b4b7000 rw-p 00000000 00:00 0 
7f1f0b4b7000-7f1f0b4f2000 r-xp 00000000 08:07 1704420                    /usr/lib/x86_64-linux-gnu/libgssapi_krb5.so.2.2
7f1f0b4f2000-7f1f0b6f2000 ---p 0003b000 08:07 1704420                    /usr/lib/x86_64-linux-gnu/libgssapi_krb5.so.2.2
7f1f0b6f2000-7f1f0b6f3000 r--p 0003b000 08:07 1704420                    /usr/lib/x86_64-linux-gnu/libgssapi_krb5.so.2.2
7f1f0b6f3000-7f1f0b6f5000 rw-p 0003c000 08:07 1704420                    /usr/lib/x86_64-linux-gnu/libgssapi_krb5.so.2.2
7f1f0b6f5000-7f1f0b731000 r-xp 00000000 08:07 393304                     /lib/x86_64-linux-gnu/libpcre.so.3.12.1
7f1f0b731000-7f1f0b930000 ---p 0003c000 08:07 393304                     /lib/x86_64-linux-gnu/libpcre.so.3.12.1
7f1f0b930000-7f1f0b931000 r--p 0003b000 08:07 393304                     /lib/x86_64-linux-gnu/libpcre.so.3.12.1
7f1f0b931000-7f1f0b932000 rw-p 0003c000 08:07 393304                     /lib/x86_64-linux-gnu/libpcre.so.3.12.1
7f1f0b932000-7f1f0b939000 r-xp 00000000 08:07 1704853                    /usr/lib/x86_64-linux-gnu/libffi.so.6.0.0
7f1f0b939000-7f1f0bb38000 ---p 00007000 08:07 1704853                    /usr/lib/x86_64-linux-gnu/libffi.so.6.0.0
7f1f0bb38000-7f1f0bb39000 r--p 00006000 08:07 1704853                    /usr/lib/x86_64-linux-gnu/libffi.so.6.0.0
7f1f0bb39000-7f1f0bb3a000 rw-p 00007000 08:07 1704853                    /usr/lib/x86_64-linux-gnu/libffi.so.6.0.0
7f1f0bb3a000-7f1f0bb61000 r-xp 00000000 08:07 396626                     /lib/x86_64-linux-gnu/libexpat.so.1.5.2
7f1f0bb61000-7f1f0bd61000 ---p 00027000 08:07 396626                     /lib/x86_64-linux-gnu/libexpat.so.1.5.2
7f1f0bd61000-7f1f0bd63000 r--p 00027000 08:07 396626                     /lib/x86_64-linux-gnu/libexpat.so.1.5.2
7f1f0bd63000-7f1f0bd64000 rw-p 00029000 08:07 396626                     /lib/x86_64-linux-gnu/libexpat.so.1.5.2
7f1f0bd64000-7f1f0bdfa000 r-xp 00000000 08:07 1710175                    /usr/lib/x86_64-linux-gnu/libfreetype.so.6.8.0
7f1f0bdfa000-7f1f0bff9000 ---p 00096000 08:07 1710175                    /usr/lib/x86_64-linux-gnu/libfreetype.so.6.8.0
7f1f0bff9000-7f1f0bfff000 r--p 00095000 08:07 1710175                    /usr/lib/x86_64-linux-gnu/libfreetype.so.6.8.0
7f1f0bfff000-7f1f0c000000 rw-p 0009b000 08:07 1710175                    /usr/lib/x86_64-linux-gnu/libfreetype.so.6.8.0
7f1f0c000000-7f1f0c021000 rw-p 00000000 00:00 0 
7f1f0c021000-7f1f10000000 ---p 00000000 00:00 0 
7f1f1000c000-7f1f1000e000 rw-p 00000000 00:00 0 
7f1f1000e000-7f1f10010000 rw-s 00000000 08:07 1572874                    /tmp/glvveJp0 (deleted)
7f1f10010000-7f1f10014000 rw-s 135eb9000 00:05 9980                      /dev/nvidia0
7f1f10014000-7f1f10018000 rw-s 1337ca000 00:05 9980                      /dev/nvidia0
7f1f10038000-7f1f100b9000 rw-p 00000000 00:00 0 
7f1f100b9000-7f1f100bc000 ---p 00000000 00:00 0 
7f1f100bc000-7f1f100e1000 rw-p 00000000 00:00 0 
7f1f100e1000-7f1f100e4000 ---p 00000000 00:00 0 
7f1f100e4000-7f1f101e2000 rw-p 00000000 00:00 0 
7f1f101e2000-7f1f101fa000 r-xp 00000000 08:07 408332                     /lib/x86_64-linux-gnu/libresolv-2.15.so
7f1f101fa000-7f1f103fa000 ---p 00018000 08:07 408332                     /lib/x86_64-linux-gnu/libresolv-2.15.so
7f1f103fa000-7f1f103fb000 r--p 00018000 08:07 408332                     /lib/x86_64-linux-gnu/libresolv-2.15.so
7f1f103fb000-7f1f103fc000 rw-p 00019000 08:07 408332                     /lib/x86_64-linux-gnu/libresolv-2.15.so
7f1f103fc000-7f1f103fe000 rw-p 00000000 00:00 0 
7f1f103fe000-7f1f1041b000 r-xp 00000000 08:07 396547                     /lib/x86_64-linux-gnu/libselinux.so.1
7f1f1041b000-7f1f1061a000 ---p 0001d000 08:07 396547                     /lib/x86_64-linux-gnu/libselinux.so.1
7f1f1061a000-7f1f1061b000 r--p 0001c000 08:07 396547                     /lib/x86_64-linux-gnu/libselinux.so.1
7f1f1061b000-7f1f1061c000 rw-p 0001d000 08:07 396547                     /lib/x86_64-linux-gnu/libselinux.so.1
7f1f1061c000-7f1f1061d000 rw-p 00000000 00:00 0 
7f1f1061d000-7f1f10620000 r-xp 00000000 08:07 1704902                    /usr/lib/x86_64-linux-gnu/libgmodule-2.0.so.0.3200.3
7f1f10620000-7f1f1081f000 ---p 00003000 08:07 1704902                    /usr/lib/x86_64-linux-gnu/libgmodule-2.0.so.0.3200.3
7f1f1081f000-7f1f10820000 r--p 00002000 08:07 1704902                    /usr/lib/x86_64-linux-gnu/libgmodule-2.0.so.0.3200.3
7f1f10820000-7f1f10821000 rw-p 00003000 08:07 1704902                    /usr/lib/x86_64-linux-gnu/libgmodule-2.0.so.0.3200.3
7f1f10821000-7f1f10823000 r-xp 00000000 08:07 1711543                    /usr/lib/x86_64-linux-gnu/libXdamage.so.1.1.0
7f1f10823000-7f1f10a22000 ---p 00002000 08:07 1711543                    /usr/lib/x86_64-linux-gnu/libXdamage.so.1.1.0
7f1f10a22000-7f1f10a23000 r--p 00001000 08:07 1711543                    /usr/lib/x86_64-linux-gnu/libXdamage.so.1.1.0
7f1f10a23000-7f1f10a24000 rw-p 00002000 08:07 1711543                    /usr/lib/x86_64-linux-gnu/libXdamage.so.1.1.0
7f1f10a24000-7f1f10a26000 r-xp 00000000 08:07 1711539                    /usr/lib/x86_64-linux-gnu/libXcomposite.so.1.0.0
7f1f10a26000-7f1f10c25000 ---p 00002000 08:07 1711539                    /usr/lib/x86_64-linux-gnu/libXcomposite.so.1.0.0
7f1f10c25000-7f1f10c26000 r--p 00001000 08:07 1711539                    /usr/lib/x86_64-linux-gnu/libXcomposite.so.1.0.0
7f1f10c26000-7f1f10c27000 rw-p 00002000 08:07 1711539                    /usr/lib/x86_64-linux-gnu/libXcomposite.so.1.0.0
7f1f10c27000-7f1f10c30000 r-xp 00000000 08:07 1712093                    /usr/lib/x86_64-linux-gnu/libXcursor.so.1.0.2
7f1f10c30000-7f1f10e2f000 ---p 00009000 08:07 1712093                    /usr/lib/x86_64-linux-gnu/libXcursor.so.1.0.2
7f1f10e2f000-7f1f10e30000 r--p 00008000 08:07 1712093                    /usr/lib/x86_64-linux-gnu/libXcursor.so.1.0.2
7f1f10e30000-7f1f10e31000 rw-p 00009000 08:07 1712093                    /usr/lib/x86_64-linux-gnu/libXcursor.so.1.0.2
7f1f10e31000-7f1f10e39000 r-xp 00000000 08:07 1712109                    /usr/lib/x86_64-linux-gnu/libXrandr.so.2.2.0
7f1f10e39000-7f1f11038000 ---p 00008000 08:07 1712109                    /usr/lib/x86_64-linux-gnu/libXrandr.so.2.2.0
7f1f11038000-7f1f11039000 r--p 00007000 08:07 1712109                    /usr/lib/x86_64-linux-gnu/libXrandr.so.2.2.0
7f1f11039000-7f1f1103a000 rw-p 00008000 08:07 1712109                    /usr/lib/x86_64-linux-gnu/libXrandr.so.2.2.0
7f1f1103a000-7f1f1103c000 r-xp 00000000 08:07 1709455                    /usr/lib/x86_64-linux-gnu/libXinerama.so.1.0.0
7f1f1103c000-7f1f1123b000 ---p 00002000 08:07 1709455                    /usr/lib/x86_64-linux-gnu/libXinerama.so.1.0.0
7f1f1123b000-7f1f1123c000 r--p 00001000 08:07 1709455                    /usr/lib/x86_64-linux-gnu/libXinerama.so.1.0.0
7f1f1123c000-7f1f1123d000 rw-p 00002000 08:07 1709455                    /usr/lib/x86_64-linux-gnu/libXinerama.so.1.0.0
7f1f1123d000-7f1f11266000 r-xp 00000000 08:07 1705786                    /usr/lib/x86_64-linux-gnu/libpangoft2-1.0.so.0.3000.0
7f1f11266000-7f1f11465000 ---p 00029000 08:07 1705786                    /usr/lib/x86_64-linux-gnu/libpangoft2-1.0.so.0.3000.0
7f1f11465000-7f1f11466000 r--p 00028000 08:07 1705786                    /usr/lib/x86_64-linux-gnu/libpangoft2-1.0.so.0.3000.0
7f1f11466000-7f1f11467000 rw-p 00029000 08:07 1705786                    /usr/lib/x86_64-linux-gnu/libpangoft2-1.0.so.0.3000.0
7f1f11467000-7f1f11520000 r-xp 00000000 08:07 1704354                    /usr/lib/x86_64-linux-gnu/libcairo.so.2.11000.2
7f1f11520000-7f1f1171f000 ---p 000b9000 08:07 1704354                    /usr/lib/x86_64-linux-gnu/libcairo.so.2.11000.2
7f1f1171f000-7f1f11721000 r--p 000b8000 08:07 1704354                    /usr/lib/x86_64-linux-gnu/libcairo.so.2.11000.2
7f1f11721000-7f1f11722000 rw-p 000ba000 08:07 1704354                    /usr/lib/x86_64-linux-gnu/libcairo.so.2.11000.2
7f1f11722000-7f1f11725000 rw-p 00000000 00:00 0 
7f1f11725000-7f1f11744000 r-xp 00000000 08:07 1711525                    /usr/lib/x86_64-linux-gnu/libatk-1.0.so.0.20409.1
7f1f11744000-7f1f11944000 ---p 0001f000 08:07 1711525                    /usr/lib/x86_64-linux-gnu/libatk-1.0.so.0.20409.1
7f1f11944000-7f1f11946000 r--p 0001f000 08:07 1711525                    /usr/lib/x86_64-linux-gnu/libatk-1.0.so.0.20409.1
7f1f11946000-7f1f11947000 rw-p 00021000 08:07 1711525                    /usr/lib/x86_64-linux-gnu/libatk-1.0.so.0.20409.1
7f1f11947000-7f1f1194c000 r-xp 00000000 08:07 1704102                    /usr/lib/x86_64-linux-gnu/libXfixes.so.3.1.0
7f1f1194c000-7f1f11b4b000 ---p 00005000 08:07 1704102                    /usr/lib/x86_64-linux-gnu/libXfixes.so.3.1.0
7f1f11b4b000-7f1f11b4c000 r--p 00004000 08:07 1704102                    /usr/lib/x86_64-linux-gnu/libXfixes.so.3.1.0
7f1f11b4c000-7f1f11b4d000 rw-p 00005000 08:07 1704102                    /usr/lib/x86_64-linux-gnu/libXfixes.so.3.1.0
7f1f11b4d000-7f1f11b58000 r-xp 00000000 08:07 1705801                    /usr/lib/x86_64-linux-gnu/libpangocairo-1.0.so.0.3000.0
7f1f11b58000-7f1f11d57000 ---p 0000b000 08:07 1705801                    /usr/lib/x86_64-linux-gnu/libpangocairo-1.0.so.0.3000.0
7f1f11d57000-7f1f11d58000 r--p 0000a000 08:07 1705801                    /usr/lib/x86_64-linux-gnu/libpangocairo-1.0.so.0.3000.0
7f1f11d58000-7f1f11d59000 rw-p 0000b000 08:07 1705801                    /usr/lib/x86_64-linux-gnu/libpangocairo-1.0.so.0.3000.0
7f1f11d59000-7f1f11d76000 r-xp 00000000 08:07 1711474                    /usr/lib/x86_64-linux-gnu/libxcb.so.1.1.0
7f1f11d76000-7f1f11f75000 ---p 0001d000 08:07 1711474                    /usr/lib/x86_64-linux-gnu/libxcb.so.1.1.0
7f1f11f75000-7f1f11f76000 r--p 0001c000 08:07 1711474                    /usr/lib/x86_64-linux-gnu/libxcb.so.1.1.0
7f1f11f76000-7f1f11f77000 rw-p 0001d000 08:07 1711474                    /usr/lib/x86_64-linux-gnu/libxcb.so.1.1.0
7f1f11f77000-7f1f11fc7000 r-xp 00000000 08:07 1707137                    /usr/lib/x86_64-linux-gnu/libcups.so.2
7f1f11fc7000-7f1f121c6000 ---p 00050000 08:07 1707137                    /usr/lib/x86_64-linux-gnu/libcups.so.2
7f1f121c6000-7f1f121ca000 r--p 0004f000 08:07 1707137                    /usr/lib/x86_64-linux-gnu/libcups.so.2
7f1f121ca000-7f1f121cb000 rw-p 00053000 08:07 1707137                    /usr/lib/x86_64-linux-gnu/libcups.so.2
7f1f121cb000-7f1f122bd000 r-xp 00000000 08:07 396565                     /lib/x86_64-linux-gnu/libglib-2.0.so.0.3200.3
7f1f122bd000-7f1f124bd000 ---p 000f2000 08:07 396565                     /lib/x86_64-linux-gnu/libglib-2.0.so.0.3200.3
7f1f124bd000-7f1f124be000 r--p 000f2000 08:07 396565                     /lib/x86_64-linux-gnu/libglib-2.0.so.0.3200.3
7f1f124be000-7f1f124bf000 rw-p 000f3000 08:07 396565                     /lib/x86_64-linux-gnu/libglib-2.0.so.0.3200.3
7f1f124bf000-7f1f124c0000 rw-p 00000000 00:00 0 
7f1f124c0000-7f1f124c1000 r-xp 00000000 08:07 1704833                    /usr/lib/x86_64-linux-gnu/libgthread-2.0.so.0.3200.3
7f1f124c1000-7f1f126c0000 ---p 00001000 08:07 1704833                    /usr/lib/x86_64-linux-gnu/libgthread-2.0.so.0.3200.3
7f1f126c0000-7f1f126c1000 r--p 00000000 08:07 1704833                    /usr/lib/x86_64-linux-gnu/libgthread-2.0.so.0.3200.3
7f1f126c1000-7f1f126c2000 rw-p 00001000 08:07 1704833                    /usr/lib/x86_64-linux-gnu/libgthread-2.0.so.0.3200.3
7f1f126c2000-7f1f1270f000 r-xp 00000000 08:07 1705666                    /usr/lib/x86_64-linux-gnu/libgobject-2.0.so.0.3200.3
7f1f1270f000-7f1f1290f000 ---p 0004d000 08:07 1705666                    /usr/lib/x86_64-linux-gnu/libgobject-2.0.so.0.3200.3
7f1f1290f000-7f1f12910000 r--p 0004d000 08:07 1705666                    /usr/lib/x86_64-linux-gnu/libgobject-2.0.so.0.3200.3
7f1f12910000-7f1f12911000 rw-p 0004e000 08:07 1705666                    /usr/lib/x86_64-linux-gnu/libgobject-2.0.so.0.3200.3
7f1f12911000-7f1f12945000 r-xp 00000000 08:07 1709155                    /usr/lib/x86_64-linux-gnu/libfontconfig.so.1.4.4
7f1f12945000-7f1f12b45000 ---p 00034000 08:07 1709155                    /usr/lib/x86_64-linux-gnu/libfontconfig.so.1.4.4
7f1f12b45000-7f1f12b46000 r--p 00034000 08:07 1709155                    /usr/lib/x86_64-linux-gnu/libfontconfig.so.1.4.4
7f1f12b46000-7f1f12b47000 rw-p 00035000 08:07 1709155                    /usr/lib/x86_64-linux-gnu/libfontconfig.so.1.4.4
7f1f12b47000-7f1f12b8d000 r-xp 00000000 08:07 1705793                    /usr/lib/x86_64-linux-gnu/libpango-1.0.so.0.3000.0
7f1f12b8d000-7f1f12d8d000 ---p 00046000 08:07 1705793                    /usr/lib/x86_64-linux-gnu/libpango-1.0.so.0.3000.0
7f1f12d8d000-7f1f12d8f000 r--p 00046000 08:07 1705793                    /usr/lib/x86_64-linux-gnu/libpango-1.0.so.0.3000.0
7f1f12d8f000-7f1f12d90000 rw-p 00048000 08:07 1705793                    /usr/lib/x86_64-linux-gnu/libpango-1.0.so.0.3000.0
7f1f12d90000-7f1f12dae000 r-xp 00000000 08:07 1707347                    /usr/lib/x86_64-linux-gnu/libgdk_pixbuf-2.0.so.0.2600.1
7f1f12dae000-7f1f12fae000 ---p 0001e000 08:07 1707347                    /usr/lib/x86_64-linux-gnu/libgdk_pixbuf-2.0.so.0.2600.1
7f1f12fae000-7f1f12faf000 r--p 0001e000 08:07 1707347                    /usr/lib/x86_64-linux-gnu/libgdk_pixbuf-2.0.so.0.2600.1
7f1f12faf000-7f1f12fb0000 rw-p 0001f000 08:07 1707347                    /usr/lib/x86_64-linux-gnu/libgdk_pixbuf-2.0.so.0.2600.1
7f1f12fb0000-7f1f130f8000 r-xp 00000000 08:07 1704991                    /usr/lib/x86_64-linux-gnu/libgio-2.0.so.0.3200.3
7f1f130f8000-7f1f132f7000 ---p 00148000 08:07 1704991                    /usr/lib/x86_64-linux-gnu/libgio-2.0.so.0.3200.3
7f1f132f7000-7f1f132fb000 r--p 00147000 08:07 1704991                    /usr/lib/x86_64-linux-gnu/libgio-2.0.so.0.3200.3
7f1f132fb000-7f1f132fd000 rw-p 0014b000 08:07 1704991                    /usr/lib/x86_64-linux-gnu/libgio-2.0.so.0.3200.3
7f1f132fd000-7f1f132ff000 rw-p 00000000 00:00 0 
7f1f132ff000-7f1f133ac000 r-xp 00000000 08:07 1704231                    /usr/lib/x86_64-linux-gnu/libgdk-x11-2.0.so.0.2400.10
7f1f133ac000-7f1f135ab000 ---p 000ad000 08:07 1704231                    /usr/lib/x86_64-linux-gnu/libgdk-x11-2.0.so.0.2400.10
7f1f135ab000-7f1f135af000 r--p 000ac000 08:07 1704231                    /usr/lib/x86_64-linux-gnu/libgdk-x11-2.0.so.0.2400.10
7f1f135af000-7f1f135b1000 rw-p 000b0000 08:07 1704231                    /usr/lib/x86_64-linux-gnu/libgdk-x11-2.0.so.0.2400.10
7f1f135b1000-7f1f139de000 r-xp 00000000 08:07 1704230                    /usr/lib/x86_64-linux-gnu/libgtk-x11-2.0.so.0.2400.10
7f1f139de000-7f1f13bde000 ---p 0042d000 08:07 1704230                    /usr/lib/x86_64-linux-gnu/libgtk-x11-2.0.so.0.2400.10
7f1f13bde000-7f1f13be5000 r--p 0042d000 08:07 1704230                    /usr/lib/x86_64-linux-gnu/libgtk-x11-2.0.so.0.2400.10
7f1f13be5000-7f1f13be9000 rw-p 00434000 08:07 1704230                    /usr/lib/x86_64-linux-gnu/libgtk-x11-2.0.so.0.2400.10
7f1f13be9000-7f1f13beb000 rw-p 00000000 00:00 0 
7f1f13beb000-7f1f13bf9000 r-xp 00000000 08:07 1708893                    /usr/lib/x86_64-linux-gnu/libXi.so.6.1.0
7f1f13bf9000-7f1f13df8000 ---p 0000e000 08:07 1708893                    /usr/lib/x86_64-linux-gnu/libXi.so.6.1.0
7f1f13df8000-7f1f13df9000 r--p 0000d000 08:07 1708893                    /usr/lib/x86_64-linux-gnu/libXi.so.6.1.0
7f1f13df9000-7f1f13dfa000 rw-p 0000e000 08:07 1708893                    /usr/lib/x86_64-linux-gnu/libXi.so.6.1.0
7f1f13dfa000-7f1f13dff000 r-xp 00000000 08:07 1707146                    /usr/lib/x86_64-linux-gnu/libXtst.so.6.1.0
7f1f13dff000-7f1f13ffe000 ---p 00005000 08:07 1707146                    /usr/lib/x86_64-linux-gnu/libXtst.so.6.1.0
7f1f13ffe000-7f1f13fff000 r--p 00004000 08:07 1707146                    /usr/lib/x86_64-linux-gnu/libXtst.so.6.1.0
7f1f13fff000-7f1f14000000 rw-p 00005000 08:07 1707146                    /usr/lib/x86_64-linux-gnu/libXtst.so.6.1.0
7f1f14000000-7f1f1426e000 rw-p 00000000 00:00 0 
7f1f1426e000-7f1f18000000 ---p 00000000 00:00 0 
7f1f18000000-7f1f18021000 rw-p 00000000 00:00 0 
7f1f18021000-7f1f1c000000 ---p 00000000 00:00 0 
7f1f1c000000-7f1f1c021000 rw-p 00000000 00:00 0 
7f1f1c021000-7f1f20000000 ---p 00000000 00:00 0 
7f1f20000000-7f1f203ca000 rw-p 00000000 00:00 0 
7f1f203ca000-7f1f24000000 ---p 00000000 00:00 0 
7f1f24000000-7f1f24021000 rw-p 00000000 00:00 0 
7f1f24021000-7f1f28000000 ---p 00000000 00:00 0 
7f1f28000000-7f1f28021000 rw-p 00000000 00:00 0 
7f1f28021000-7f1f2c000000 ---p 00000000 00:00 0 
7f1f2c000000-7f1f2c021000 rw-p 00000000 00:00 0 
7f1f2c021000-7f1f30000000 ---p 00000000 00:00 0 
7f1f30000000-7f1f30021000 rw-p 00000000 00:00 0 
7f1f30021000-7f1f34000000 ---p 00000000 00:00 0 
7f1f34000000-7f1f34001000 rw-s d000d000 00:05 9980                       /dev/nvidia0
7f1f34001000-7f1f34002000 rw-s 130a3b000 00:05 9980                      /dev/nvidia0
7f1f34002000-7f1f34003000 rw-s e2642000 00:05 9980                       /dev/nvidia0
7f1f34003000-7f1f34004000 rw-s d000a000 00:05 9980                       /dev/nvidia0
7f1f34004000-7f1f34005000 rw-s 1337e6000 00:05 9980                      /dev/nvidia0
7f1f34005000-7f1f34009000 rw-s 135bc2000 00:05 9980                      /dev/nvidia0
7f1f34009000-7f1f34024000 rw-s 00000000 00:04 33980419                   /SYSV00000000 (deleted)
7f1f34024000-7f1f34055000 rw-p 00000000 00:00 0 
7f1f34055000-7f1f34058000 ---p 00000000 00:00 0 
7f1f34058000-7f1f34156000 rw-p 00000000 00:00 0 
7f1f34156000-7f1f3415f000 r-xp 00000000 08:07 1711485                    /usr/lib/x86_64-linux-gnu/libXrender.so.1.3.0
7f1f3415f000-7f1f3435e000 ---p 00009000 08:07 1711485                    /usr/lib/x86_64-linux-gnu/libXrender.so.1.3.0
7f1f3435e000-7f1f3435f000 r--p 00008000 08:07 1711485                    /usr/lib/x86_64-linux-gnu/libXrender.so.1.3.0
7f1f3435f000-7f1f34360000 rw-p 00009000 08:07 1711485                    /usr/lib/x86_64-linux-gnu/libXrender.so.1.3.0
7f1f34360000-7f1f3448f000 r-xp 00000000 08:07 1710722                    /usr/lib/x86_64-linux-gnu/libX11.so.6.3.0
7f1f3448f000-7f1f3468f000 ---p 0012f000 08:07 1710722                    /usr/lib/x86_64-linux-gnu/libX11.so.6.3.0
7f1f3468f000-7f1f34690000 r--p 0012f000 08:07 1710722                    /usr/lib/x86_64-linux-gnu/libX11.so.6.3.0
7f1f34690000-7f1f34694000 rw-p 00130000 08:07 1710722                    /usr/lib/x86_64-linux-gnu/libX11.so.6.3.0
7f1f34694000-7f1f346a4000 r-xp 00000000 08:07 1712090                    /usr/lib/x86_64-linux-gnu/libXext.so.6.4.0
7f1f346a4000-7f1f348a3000 ---p 00010000 08:07 1712090                    /usr/lib/x86_64-linux-gnu/libXext.so.6.4.0
7f1f348a3000-7f1f348a4000 r--p 0000f000 08:07 1712090                    /usr/lib/x86_64-linux-gnu/libXext.so.6.4.0
7f1f348a4000-7f1f348a5000 rw-p 00010000 08:07 1712090                    /usr/lib/x86_64-linux-gnu/libXext.so.6.4.0
7f1f348a5000-7f1f348a6000 rw-s b4e2b000 00:05 9980                       /dev/nvidia0
7f1f348a6000-7f1f348a7000 rw-s 1378b1000 00:05 9980                      /dev/nvidia0
7f1f348a7000-7f1f348a8000 rw-s e2c0e000 00:05 9980                       /dev/nvidia0
7f1f348a8000-7f1f348c5000 rw-s 108d6d000 00:05 9980                      /dev/nvidia0
7f1f348c5000-7f1f348cc000 r--s 00000000 08:07 2123786                    /usr/lib/x86_64-linux-gnu/gconv/gconv-modules.cache
7f1f348cc000-7f1f3491e000 r-xp 00000000 08:07 2648432                    /usr/lib/jvm/java-7-openjdk-amd64/jre/lib/amd64/xawt/libmawt.so
7f1f3491e000-7f1f34b1e000 ---p 00052000 08:07 2648432                    /usr/lib/jvm/java-7-openjdk-amd64/jre/lib/amd64/xawt/libmawt.so
7f1f34b1e000-7f1f34b1f000 r--p 00052000 08:07 2648432                    /usr/lib/jvm/java-7-openjdk-amd64/jre/lib/amd64/xawt/libmawt.so
7f1f34b1f000-7f1f34b22000 rw-p 00053000 08:07 2648432                    /usr/lib/jvm/java-7-openjdk-amd64/jre/lib/amd64/xawt/libmawt.so
7f1f34b22000-7f1f34b23000 rw-p 00000000 00:00 0 
7f1f34b23000-7f1f34bc5000 r-xp 00000000 08:07 2649849                    /usr/lib/jvm/java-7-openjdk-amd64/jre/lib/amd64/libawt.so
7f1f34bc5000-7f1f34dc4000 ---p 000a2000 08:07 2649849                    /usr/lib/jvm/java-7-openjdk-amd64/jre/lib/amd64/libawt.so
7f1f34dc4000-7f1f34dc5000 r--p 000a1000 08:07 2649849                    /usr/lib/jvm/java-7-openjdk-amd64/jre/lib/amd64/libawt.so
7f1f34dc5000-7f1f34dd0000 rw-p 000a2000 08:07 2649849                    /usr/lib/jvm/java-7-openjdk-amd64/jre/lib/amd64/libawt.so
7f1f34dd0000-7f1f34df5000 rw-p 00000000 00:00 0 
7f1f34df5000-7f1f34e00000 r--s 001fb000 08:07 1974408                    /usr/lib/jvm/java-7-openjdk-common/jre/lib/charsets.jar
7f1f34e00000-7f1f34e09000 r--s 000bc000 08:07 1974412                    /usr/lib/jvm/java-7-openjdk-common/jre/lib/resources.jar
7f1f34e09000-7f1f34e0a000 ---p 00000000 00:00 0 
7f1f34e0a000-7f1f34f0a000 rw-p 00000000 00:00 0 
7f1f34f0a000-7f1f34f0d000 ---p 00000000 00:00 0 
7f1f34f0d000-7f1f3500b000 rw-p 00000000 00:00 0 
7f1f3500b000-7f1f3500e000 ---p 00000000 00:00 0 
7f1f3500e000-7f1f3510c000 rw-p 00000000 00:00 0 
7f1f3510c000-7f1f3510f000 ---p 00000000 00:00 0 
7f1f3510f000-7f1f3520d000 rw-p 00000000 00:00 0 
7f1f3520d000-7f1f35210000 ---p 00000000 00:00 0 
7f1f35210000-7f1f3530e000 rw-p 00000000 00:00 0 
7f1f3530e000-7f1f355da000 r--p 00000000 08:07 1705502                    /usr/lib/locale/locale-archive
7f1f355da000-7f1f355dd000 ---p 00000000 00:00 0 
7f1f355dd000-7f1f356db000 rw-p 00000000 00:00 0 
7f1f356db000-7f1f356de000 ---p 00000000 00:00 0 
7f1f356de000-7f1f357dc000 rw-p 00000000 00:00 0 
7f1f357dc000-7f1f357dd000 ---p 00000000 00:00 0 
7f1f357dd000-7f1f38000000 rw-p 00000000 00:00 0 
7f1f38000000-7f1f38021000 rw-p 00000000 00:00 0 
7f1f38021000-7f1f3c000000 ---p 00000000 00:00 0 
7f1f3c000000-7f1f3c001000 rw-s e2641000 00:05 9980                       /dev/nvidia0
7f1f3c001000-7f1f3c010000 r--s 00101000 08:02 3412147                    /home/lachlan/Desktop/Programming/libraries/libgdx/gdx-openal.jar
7f1f3c010000-7f1f3c023000 r--s 00140000 08:02 3412145                    /home/lachlan/Desktop/Programming/libraries/libgdx/gdx-backend-lwjgl.jar
7f1f3c023000-7f1f3d000000 rw-p 00000000 00:00 0 
7f1f3d000000-7f1f3d270000 rwxp 00000000 00:00 0 
7f1f3d270000-7f1f40574000 rw-p 00000000 00:00 0 
7f1f40574000-7f1f44000000 ---p 00000000 00:00 0 
7f1f44000000-7f1f44001000 rw-s 54223000 00:05 9980                       /dev/nvidia0
7f1f44001000-7f1f44002000 rw-s 135ab5000 00:05 9980                      /dev/nvidia0
7f1f44002000-7f1f44003000 rw-s e2060000 00:05 9980                       /dev/nvidia0
7f1f44003000-7f1f44004000 rw-s e2060000 00:05 9980                       /dev/nvidia0
7f1f44004000-7f1f44007000 r--p 00000000 08:07 2367808                    /usr/share/locale-langpack/en_AU/LC_MESSAGES/pulseaudio.mo
7f1f44007000-7f1f441b3000 r--s 01cdb000 08:07 2386377                    /usr/lib/jvm/java-7-openjdk-amd64/jre/lib/rt.jar
7f1f441b3000-7f1f441db000 rw-p 00000000 00:00 0 
7f1f441db000-7f1f441dc000 ---p 00000000 00:00 0 
7f1f441dc000-7f1f442dc000 rw-p 00000000 00:00 0 
7f1f442dc000-7f1f442dd000 ---p 00000000 00:00 0 
7f1f442dd000-7f1f443e8000 rw-p 00000000 00:00 0 
7f1f443e8000-7f1f44430000 rw-p 00000000 00:00 0 
7f1f44430000-7f1f44445000 rw-p 00000000 00:00 0 
7f1f44445000-7f1f4457a000 rw-p 00000000 00:00 0 
7f1f4457a000-7f1f44585000 rw-p 00000000 00:00 0 
7f1f44585000-7f1f445cd000 rw-p 00000000 00:00 0 
7f1f445cd000-7f1f445e2000 rw-p 00000000 00:00 0 
7f1f445e2000-7f1f44717000 rw-p 00000000 00:00 0 
7f1f44717000-7f1f44722000 rw-p 00000000 00:00 0 
7f1f44722000-7f1f447bc000 rw-p 00000000 00:00 0 
7f1f447bc000-7f1f447bd000 rw-p 00000000 00:00 0 
7f1f447bd000-7f1f447c5000 r-xp 00000000 08:07 2649879                    /usr/lib/jvm/java-7-openjdk-amd64/jre/lib/amd64/libzip.so
7f1f447c5000-7f1f449c4000 ---p 00008000 08:07 2649879                    /usr/lib/jvm/java-7-openjdk-amd64/jre/lib/amd64/libzip.so
7f1f449c4000-7f1f449c5000 r--p 00007000 08:07 2649879                    /usr/lib/jvm/java-7-openjdk-amd64/jre/lib/amd64/libzip.so
7f1f449c5000-7f1f449c6000 rw-p 00008000 08:07 2649879                    /usr/lib/jvm/java-7-openjdk-amd64/jre/lib/amd64/libzip.so
7f1f449c6000-7f1f449d2000 r-xp 00000000 08:07 408337                     /lib/x86_64-linux-gnu/libnss_files-2.15.so
7f1f449d2000-7f1f44bd1000 ---p 0000c000 08:07 408337                     /lib/x86_64-linux-gnu/libnss_files-2.15.so
7f1f44bd1000-7f1f44bd2000 r--p 0000b000 08:07 408337                     /lib/x86_64-linux-gnu/libnss_files-2.15.so
7f1f44bd2000-7f1f44bd3000 rw-p 0000c000 08:07 408337                     /lib/x86_64-linux-gnu/libnss_files-2.15.so
7f1f44bd3000-7f1f44bdd000 r-xp 00000000 08:07 408333                     /lib/x86_64-linux-gnu/libnss_nis-2.15.so
7f1f44bdd000-7f1f44ddd000 ---p 0000a000 08:07 408333                     /lib/x86_64-linux-gnu/libnss_nis-2.15.so
7f1f44ddd000-7f1f44dde000 r--p 0000a000 08:07 408333                     /lib/x86_64-linux-gnu/libnss_nis-2.15.so
7f1f44dde000-7f1f44ddf000 rw-p 0000b000 08:07 408333                     /lib/x86_64-linux-gnu/libnss_nis-2.15.so
7f1f44ddf000-7f1f44df6000 r-xp 00000000 08:07 408346                     /lib/x86_64-linux-gnu/libnsl-2.15.so
7f1f44df6000-7f1f44ff5000 ---p 00017000 08:07 408346                     /lib/x86_64-linux-gnu/libnsl-2.15.so
7f1f44ff5000-7f1f44ff6000 r--p 00016000 08:07 408346                     /lib/x86_64-linux-gnu/libnsl-2.15.so
7f1f44ff6000-7f1f44ff7000 rw-p 00017000 08:07 408346                     /lib/x86_64-linux-gnu/libnsl-2.15.so
7f1f44ff7000-7f1f44ff9000 rw-p 00000000 00:00 0 
7f1f44ff9000-7f1f45001000 r-xp 00000000 08:07 408338                     /lib/x86_64-linux-gnu/libnss_compat-2.15.so
7f1f45001000-7f1f45200000 ---p 00008000 08:07 408338                     /lib/x86_64-linux-gnu/libnss_compat-2.15.so
7f1f45200000-7f1f45201000 r--p 00007000 08:07 408338                     /lib/x86_64-linux-gnu/libnss_compat-2.15.so
7f1f45201000-7f1f45202000 rw-p 00008000 08:07 408338                     /lib/x86_64-linux-gnu/libnss_compat-2.15.so
7f1f45202000-7f1f4522b000 r-xp 00000000 08:07 2648501                    /usr/lib/jvm/java-7-openjdk-amd64/jre/lib/amd64/libjava.so
7f1f4522b000-7f1f4542a000 ---p 00029000 08:07 2648501                    /usr/lib/jvm/java-7-openjdk-amd64/jre/lib/amd64/libjava.so
7f1f4542a000-7f1f4542b000 r--p 00028000 08:07 2648501                    /usr/lib/jvm/java-7-openjdk-amd64/jre/lib/amd64/libjava.so
7f1f4542b000-7f1f4542d000 rw-p 00029000 08:07 2648501                    /usr/lib/jvm/java-7-openjdk-amd64/jre/lib/amd64/libjava.so
7f1f4542d000-7f1f4543b000 r-xp 00000000 08:07 2648500                    /usr/lib/jvm/java-7-openjdk-amd64/jre/lib/amd64/libverify.so
7f1f4543b000-7f1f4563a000 ---p 0000e000 08:07 2648500                    /usr/lib/jvm/java-7-openjdk-amd64/jre/lib/amd64/libverify.so
7f1f4563a000-7f1f4563c000 r--p 0000d000 08:07 2648500                    /usr/lib/jvm/java-7-openjdk-amd64/jre/lib/amd64/libverify.so
7f1f4563c000-7f1f4563d000 rw-p 0000f000 08:07 2648500                    /usr/lib/jvm/java-7-openjdk-amd64/jre/lib/amd64/libverify.so
7f1f4563d000-7f1f45644000 r-xp 00000000 08:07 408331                     /lib/x86_64-linux-gnu/librt-2.15.so
7f1f45644000-7f1f45843000 ---p 00007000 08:07 408331                     /lib/x86_64-linux-gnu/librt-2.15.so
7f1f45843000-7f1f45844000 r--p 00006000 08:07 408331                     /lib/x86_64-linux-gnu/librt-2.15.so
7f1f45844000-7f1f45845000 rw-p 00007000 08:07 408331                     /lib/x86_64-linux-gnu/librt-2.15.so
7f1f45845000-7f1f4585a000 r-xp 00000000 08:07 393258                     /lib/x86_64-linux-gnu/libgcc_s.so.1
7f1f4585a000-7f1f45a59000 ---p 00015000 08:07 393258                     /lib/x86_64-linux-gnu/libgcc_s.so.1
7f1f45a59000-7f1f45a5a000 r--p 00014000 08:07 393258                     /lib/x86_64-linux-gnu/libgcc_s.so.1
7f1f45a5a000-7f1f45a5b000 rw-p 00015000 08:07 393258                     /lib/x86_64-linux-gnu/libgcc_s.so.1
7f1f45a5b000-7f1f45b56000 r-xp 00000000 08:07 408335                     /lib/x86_64-linux-gnu/libm-2.15.so
7f1f45b56000-7f1f45d55000 ---p 000fb000 08:07 408335                     /lib/x86_64-linux-gnu/libm-2.15.so
7f1f45d55000-7f1f45d56000 r--p 000fa000 08:07 408335                     /lib/x86_64-linux-gnu/libm-2.15.so
7f1f45d56000-7f1f45d57000 rw-p 000fb000 08:07 408335                     /lib/x86_64-linux-gnu/libm-2.15.so
7f1f45d57000-7f1f45e39000 r-xp 00000000 08:07 1708388                    /usr/lib/x86_64-linux-gnu/libstdc++.so.6.0.16
7f1f45e39000-7f1f46038000 ---p 000e2000 08:07 1708388                    /usr/lib/x86_64-linux-gnu/libstdc++.so.6.0.16
7f1f46038000-7f1f46040000 r--p 000e1000 08:07 1708388                    /usr/lib/x86_64-linux-gnu/libstdc++.so.6.0.16
7f1f46040000-7f1f46042000 rw-p 000e9000 08:07 1708388                    /usr/lib/x86_64-linux-gnu/libstdc++.so.6.0.16
7f1f46042000-7f1f46057000 rw-p 00000000 00:00 0 
7f1f46057000-7f1f46a30000 r-xp 00000000 08:07 3047565                    /usr/lib/jvm/java-7-openjdk-amd64/jre/lib/amd64/server/libjvm.so
7f1f46a30000-7f1f46c30000 ---p 009d9000 08:07 3047565                    /usr/lib/jvm/java-7-openjdk-amd64/jre/lib/amd64/server/libjvm.so
7f1f46c30000-7f1f46caf000 r--p 009d9000 08:07 3047565                    /usr/lib/jvm/java-7-openjdk-amd64/jre/lib/amd64/server/libjvm.so
7f1f46caf000-7f1f46cd2000 rw-p 00a58000 08:07 3047565                    /usr/lib/jvm/java-7-openjdk-amd64/jre/lib/amd64/server/libjvm.so
7f1f46cd2000-7f1f46cfc000 rw-p 00000000 00:00 0 
7f1f46cfc000-7f1f46d12000 r-xp 00000000 08:07 396577                     /lib/x86_64-linux-gnu/libz.so.1.2.3.4
7f1f46d12000-7f1f46f11000 ---p 00016000 08:07 396577                     /lib/x86_64-linux-gnu/libz.so.1.2.3.4
7f1f46f11000-7f1f46f12000 r--p 00015000 08:07 396577                     /lib/x86_64-linux-gnu/libz.so.1.2.3.4
7f1f46f12000-7f1f46f13000 rw-p 00016000 08:07 396577                     /lib/x86_64-linux-gnu/libz.so.1.2.3.4
7f1f46f13000-7f1f46f2b000 r-xp 00000000 08:07 408329                     /lib/x86_64-linux-gnu/libpthread-2.15.so
7f1f46f2b000-7f1f4712a000 ---p 00018000 08:07 408329                     /lib/x86_64-linux-gnu/libpthread-2.15.so
7f1f4712a000-7f1f4712b000 r--p 00017000 08:07 408329                     /lib/x86_64-linux-gnu/libpthread-2.15.so
7f1f4712b000-7f1f4712c000 rw-p 00018000 08:07 408329                     /lib/x86_64-linux-gnu/libpthread-2.15.so
7f1f4712c000-7f1f47130000 rw-p 00000000 00:00 0 
7f1f47130000-7f1f47132000 r-xp 00000000 08:07 408326                     /lib/x86_64-linux-gnu/libdl-2.15.so
7f1f47132000-7f1f47332000 ---p 00002000 08:07 408326                     /lib/x86_64-linux-gnu/libdl-2.15.so
7f1f47332000-7f1f47333000 r--p 00002000 08:07 408326                     /lib/x86_64-linux-gnu/libdl-2.15.so
7f1f47333000-7f1f47334000 rw-p 00003000 08:07 408326                     /lib/x86_64-linux-gnu/libdl-2.15.so
7f1f47334000-7f1f474e9000 r-xp 00000000 08:07 408327                     /lib/x86_64-linux-gnu/libc-2.15.so
7f1f474e9000-7f1f476e8000 ---p 001b5000 08:07 408327                     /lib/x86_64-linux-gnu/libc-2.15.so
7f1f476e8000-7f1f476ec000 r--p 001b4000 08:07 408327                     /lib/x86_64-linux-gnu/libc-2.15.so
7f1f476ec000-7f1f476ee000 rw-p 001b8000 08:07 408327                     /lib/x86_64-linux-gnu/libc-2.15.so
7f1f476ee000-7f1f476f3000 rw-p 00000000 00:00 0 
7f1f476f3000-7f1f476ff000 r-xp 00000000 08:07 2885441                    /usr/lib/jvm/java-7-openjdk-amd64/jre/lib/amd64/jli/libjli.so
7f1f476ff000-7f1f478ff000 ---p 0000c000 08:07 2885441                    /usr/lib/jvm/java-7-openjdk-amd64/jre/lib/amd64/jli/libjli.so
7f1f478ff000-7f1f47900000 r--p 0000c000 08:07 2885441                    /usr/lib/jvm/java-7-openjdk-amd64/jre/lib/amd64/jli/libjli.so
7f1f47900000-7f1f47901000 rw-p 0000d000 08:07 2885441                    /usr/lib/jvm/java-7-openjdk-amd64/jre/lib/amd64/jli/libjli.so
7f1f47901000-7f1f47923000 r-xp 00000000 08:07 408341                     /lib/x86_64-linux-gnu/ld-2.15.so
7f1f47923000-7f1f47924000 rw-s 132de1000 00:05 9980                      /dev/nvidia0
7f1f47924000-7f1f47934000 r--s 000f0000 08:02 3412149                    /home/lachlan/Desktop/Programming/libraries/libgdx/gdx.jar
7f1f47934000-7f1f4793e000 rw-p 00000000 00:00 0 
7f1f4793e000-7f1f479f4000 rw-p 00000000 00:00 0 
7f1f479f4000-7f1f479f7000 ---p 00000000 00:00 0 
7f1f479f7000-7f1f47afa000 rw-p 00000000 00:00 0 
7f1f47afa000-7f1f47afb000 r--p 00000000 08:07 2367788                    /usr/share/locale-langpack/en_AU/LC_MESSAGES/libc.mo
7f1f47afb000-7f1f47b06000 r--s 001fb000 08:07 1974408                    /usr/lib/jvm/java-7-openjdk-common/jre/lib/charsets.jar
7f1f47b06000-7f1f47b07000 r--s 00004000 08:02 3412130                    /home/lachlan/Desktop/Programming/libraries/libgdx/extensions/gdx-freetype.jar
7f1f47b07000-7f1f47b08000 r--s 001e7000 08:02 3412129                    /home/lachlan/Desktop/Programming/libraries/libgdx/extensions/gdx-freetype-natives.jar
7f1f47b08000-7f1f47b09000 r--s 0011a000 08:02 3412146                    /home/lachlan/Desktop/Programming/libraries/libgdx/gdx-natives.jar
7f1f47b09000-7f1f47b0a000 r--s 00169000 08:02 3412144                    /home/lachlan/Desktop/Programming/libraries/libgdx/gdx-backend-lwjgl-natives.jar
7f1f47b0a000-7f1f47b0d000 r--s 0000f000 08:07 2234591                    /usr/lib/jvm/java-7-openjdk-common/jre/lib/ext/pulse-java.jar
7f1f47b0d000-7f1f47b0f000 r--s 00014000 08:07 2497778                    /usr/lib/jvm/java-7-openjdk-amd64/jre/lib/ext/servlet-api-2.5.jar
7f1f47b0f000-7f1f47b12000 r--s 0003c000 08:07 2229375                    /usr/lib/jvm/java-7-openjdk-common/jre/lib/ext/sunpkcs11.jar
7f1f47b12000-7f1f47b16000 r--s 00085000 08:07 2231791                    /usr/lib/jvm/java-7-openjdk-common/jre/lib/ext/localedata.jar
7f1f47b16000-7f1f47b17000 r--s 00007000 08:07 2097747                    /usr/share/java/java-atk-wrapper.jar
7f1f47b17000-7f1f47b1f000 rw-s 00000000 08:07 1572873                    /tmp/hsperfdata_lachlan/14611
7f1f47b1f000-7f1f47b20000 rw-p 00000000 00:00 0 
7f1f47b20000-7f1f47b21000 r--p 00000000 00:00 0 
7f1f47b21000-7f1f47b23000 rw-p 00000000 00:00 0 
7f1f47b23000-7f1f47b24000 r--p 00022000 08:07 408341                     /lib/x86_64-linux-gnu/ld-2.15.so
7f1f47b24000-7f1f47b26000 rw-p 00023000 08:07 408341                     /lib/x86_64-linux-gnu/ld-2.15.so
7fff99f16000-7fff99f37000 rw-p 00000000 00:00 0                          [stack]
7fff99fd9000-7fff99fda000 r-xp 00000000 00:00 0                          [vdso]
ffffffffff600000-ffffffffff601000 r-xp 00000000 00:00 0                  [vsyscall]

VM Arguments:
jvm_args: -Dfile.encoding=UTF-8 
java_command: mountainrangepvp.Main
Launcher Type: SUN_STANDARD

Environment Variables:
JAVA_HOME=/usr/lib/jvm/default-java
PATH=/usr/lib/lightdm/lightdm:/usr/local/sbin:/usr/local/bin:/usr/sbin:/usr/bin:/sbin:/bin:/usr/games:/usr/brlcad/bin
SHELL=/bin/bash
DISPLAY=:0.0

Signal Handlers:
SIGSEGV: [libjvm.so+0x83e840], sa_mask[0]=0x7ffbfeff, sa_flags=0x10000004
SIGBUS: [libjvm.so+0x83e840], sa_mask[0]=0x7ffbfeff, sa_flags=0x10000004
SIGFPE: [libjvm.so+0x6df120], sa_mask[0]=0x7ffbfeff, sa_flags=0x10000004
SIGPIPE: [libjvm.so+0x6df120], sa_mask[0]=0x7ffbfeff, sa_flags=0x10000004
SIGXFSZ: [libjvm.so+0x6df120], sa_mask[0]=0x7ffbfeff, sa_flags=0x10000004
SIGILL: [libjvm.so+0x6df120], sa_mask[0]=0x7ffbfeff, sa_flags=0x10000004
SIGUSR1: SIG_DFL, sa_mask[0]=0x00000000, sa_flags=0x00000000
SIGUSR2: [libjvm.so+0x6df4f0], sa_mask[0]=0x00000004, sa_flags=0x10000004
SIGHUP: [libjvm.so+0x6df630], sa_mask[0]=0x7ffbfeff, sa_flags=0x10000004
SIGINT: SIG_IGN, sa_mask[0]=0x00000000, sa_flags=0x00000000
SIGTERM: [libjvm.so+0x6df630], sa_mask[0]=0x7ffbfeff, sa_flags=0x10000004
SIGQUIT: [libjvm.so+0x6df630], sa_mask[0]=0x7ffbfeff, sa_flags=0x10000004


---------------  S Y S T E M  ---------------

OS:Ubuntu 12.04 (precise)
uname:Linux 3.2.0-37-generic #58-Ubuntu SMP Thu Jan 24 15:28:10 UTC 2013 x86_64
libc:glibc 2.15 NPTL 2.15 
rlimit: STACK 8192k, CORE 0k, NPROC 31491, NOFILE 4096, AS infinity
load average:0.49 0.51 0.52

/proc/meminfo:
MemTotal:        4048552 kB
MemFree:          530000 kB
Buffers:          229372 kB
Cached:           721536 kB
SwapCached:         2376 kB
Active:          1937864 kB
Inactive:        1084776 kB
Active(anon):    1488104 kB
Inactive(anon):   647772 kB
Active(file):     449760 kB
Inactive(file):   437004 kB
Unevictable:          68 kB
Mlocked:              68 kB
SwapTotal:       3321852 kB
SwapFree:        3283504 kB
Dirty:               376 kB
Writeback:             0 kB
AnonPages:       2070044 kB
Mapped:           170152 kB
Shmem:             64140 kB
Slab:             347240 kB
SReclaimable:     303732 kB
SUnreclaim:        43508 kB
KernelStack:        4312 kB
PageTables:        41168 kB
NFS_Unstable:          0 kB
Bounce:                0 kB
WritebackTmp:          0 kB
CommitLimit:     5346128 kB
Committed_AS:    4825200 kB
VmallocTotal:   34359738367 kB
VmallocUsed:      321848 kB
VmallocChunk:   34359392764 kB
HardwareCorrupted:     0 kB
AnonHugePages:         0 kB
HugePages_Total:       0
HugePages_Free:        0
HugePages_Rsvd:        0
HugePages_Surp:        0
Hugepagesize:       2048 kB
DirectMap4k:      357248 kB
DirectMap2M:     3835904 kB


CPU:total 2 (2 cores per cpu, 1 threads per core) family 6 model 23 stepping 10, cmov, cx8, fxsr, mmx, sse, sse2, sse3, ssse3, tsc

/proc/cpuinfo:
processor	: 0
vendor_id	: GenuineIntel
cpu family	: 6
model		: 23
model name	: Pentium(R) Dual-Core  CPU      E6300  @ 2.80GHz
stepping	: 10
microcode	: 0xa07
cpu MHz		: 1600.000
cache size	: 2048 KB
physical id	: 0
siblings	: 2
core id		: 0
cpu cores	: 2
apicid		: 0
initial apicid	: 0
fpu		: yes
fpu_exception	: yes
cpuid level	: 13
wp		: yes
flags		: fpu vme de pse tsc msr pae mce cx8 apic sep mtrr pge mca cmov pat pse36 clflush dts acpi mmx fxsr sse sse2 ss ht tm pbe syscall nx lm constant_tsc arch_perfmon pebs bts rep_good nopl aperfmperf pni dtes64 monitor ds_cpl vmx est tm2 ssse3 cx16 xtpr pdcm xsave lahf_lm dtherm tpr_shadow vnmi flexpriority
bogomips	: 5599.64
clflush size	: 64
cache_alignment	: 64
address sizes	: 36 bits physical, 48 bits virtual
power management:

processor	: 1
vendor_id	: GenuineIntel
cpu family	: 6
model		: 23
model name	: Pentium(R) Dual-Core  CPU      E6300  @ 2.80GHz
stepping	: 10
microcode	: 0xa07
cpu MHz		: 1600.000
cache size	: 2048 KB
physical id	: 0
siblings	: 2
core id		: 1
cpu cores	: 2
apicid		: 1
initial apicid	: 1
fpu		: yes
fpu_exception	: yes
cpuid level	: 13
wp		: yes
flags		: fpu vme de pse tsc msr pae mce cx8 apic sep mtrr pge mca cmov pat pse36 clflush dts acpi mmx fxsr sse sse2 ss ht tm pbe syscall nx lm constant_tsc arch_perfmon pebs bts rep_good nopl aperfmperf pni dtes64 monitor ds_cpl vmx est tm2 ssse3 cx16 xtpr pdcm xsave lahf_lm dtherm tpr_shadow vnmi flexpriority
bogomips	: 5599.90
clflush size	: 64
cache_alignment	: 64
address sizes	: 36 bits physical, 48 bits virtual
power management:



Memory: 4k page, physical 4048552k(530000k free), swap 3321852k(3283504k free)

vm_info: OpenJDK 64-Bit Server VM (23.2-b09) for linux-amd64 JRE (1.7.0_09-b30), built on Jan 16 2013 22:10:42 by "buildd" with gcc 4.6.3

time: Wed Feb  6 19:28:05 2013
elapsed time: 64 seconds

