#
# A fatal error has been detected by the Java Runtime Environment:
#
#  SIGSEGV (0xb) at pc=0x0000000000017956, pid=8537, tid=139935100344064
#
# JRE version: 7.0_13-b20
# Java VM: OpenJDK 64-Bit Server VM (23.7-b01 mixed mode linux-amd64 compressed oops)
# Problematic frame:
# C  0x0000000000017956
[error occurred during error reporting (printing problematic frame), id 0xb]

# Failed to write core dump. Core dumps have been disabled. To enable core dumping, try "ulimit -c unlimited" before starting Java again
#
# If you would like to submit a bug report, please include
# instructions on how to reproduce the bug and visit:
#   https://bugs.launchpad.net/ubuntu/+source/openjdk-7/
# The crash happened outside the Java Virtual Machine in native code.
# See problematic frame for where to report the bug.
#

---------------  T H R E A D  ---------------

Current thread (0x00007f45241a3800):  JavaThread "LWJGL Application" [_thread_in_native, id=8564, stack(0x00007f452de29000,0x00007f452df2a000)]

siginfo:si_signo=SIGSEGV: si_errno=0, si_code=1 (SEGV_MAPERR), si_addr=0x0000000000017956

Registers:
RAX=0x00000000ebca6770, RBX=0x00007f45241a39d8, RCX=0x0000000000000028, RDX=0x0000000000000040
RSP=0x00007f452df285c8, RBP=0x00007f452df28610, RSI=0x00000000ebca6770, RDI=0x00007f45383d98e0
R8 =0x0000000000000010, R9 =0x00000000ebd05388, R10=0x0000000000000016, R11=0x00007f457302a994
R12=0x00000000ebca6770, R13=0x0000000000000040, R14=0x00007f45383d98e0, R15=0x0000000000000000
RIP=0x0000000000017956, EFLAGS=0x0000000000010202, CSGSFS=0x0000000000000033, ERR=0x0000000000000014
  TRAPNO=0x000000000000000e

Top of Stack: (sp=0x00007f452df285c8)
0x00007f452df285c8:   00007f452c2187a7 00007f45241a3800
0x00007f452df285d8:   00000000b8e87248 00007f452df28650
0x00007f452df285e8:   0000000000000000 00007f452df28698
0x00007f452df285f8:   00007f452df28640 00007f45241a3800
0x00007f452df28608:   00007f4569104203 00000000ebca6760
0x00007f452df28618:   00000000ebd05388 00000000ebd04ae0
0x00007f452df28628:   00000000ec0db518 b7c0ce18fffffffe
0x00007f452df28638:   00000000ec0db518 00000000ebccc330
0x00007f452df28648:   00007f45241a3800 00000000ebd05388
0x00007f452df28658:   00007f4569100378 00007f4500000010
0x00007f452df28668:   00000000b7c9e800 00007f452df286b0
0x00007f452df28678:   00000000b7d8f780 00007f452df286f8
0x00007f452df28688:   00007f4569006158 00007f4569006158
0x00007f452df28698:   0000000000000000 0000000000000010
0x00007f452df286a8:   00000000ebd05388 00000000ebca6760
0x00007f452df286b8:   00007f452df286b8 00000000b8e8fbd3
0x00007f452df286c8:   00007f452df28730 00000000b8e93380
0x00007f452df286d8:   00000000b8f41a38 00000000b8e8fc40
0x00007f452df286e8:   00007f452df28698 00007f452df28718
0x00007f452df286f8:   00007f452df28778 00007f4569006158
0x00007f452df28708:   0000000000000000 00000000eb991b20
0x00007f452df28718:   0000000000000000 00000000ebca66f8
0x00007f452df28728:   00000000ec0db518 00000000ebcfe580
0x00007f452df28738:   00007f452df28738 00000000b8e8faa4
0x00007f452df28748:   00007f452df28798 00000000b8e93380
0x00007f452df28758:   00000000b8f418f0 00000000b8e8fad8
0x00007f452df28768:   00007f452df28718 00007f452df28788
0x00007f452df28778:   00007f452df287e0 00007f4569006158
0x00007f452df28788:   00000000ebca66f8 00000000ec0db518
0x00007f452df28798:   00000000ebcfe580 00007f452df287a0
0x00007f452df287a8:   00000000b8e6a120 00007f452df287f8
0x00007f452df287b8:   00000000b8e6a928 00000000b8f44350 

Instructions: (pc=0x0000000000017956)
0x0000000000017936:   
[error occurred during error reporting (printing registers, top of stack, instructions near pc), id 0xb]

Register to memory mapping:

RAX=0x00000000ebca6770 is an unknown value
RBX=0x00007f45241a39d8 is an unknown value
RCX=0x0000000000000028 is an unknown value
RDX=0x0000000000000040 is an unknown value
RSP=0x00007f452df285c8 is pointing into the stack for thread: 0x00007f45241a3800
RBP=0x00007f452df28610 is pointing into the stack for thread: 0x00007f45241a3800
RSI=0x00000000ebca6770 is an unknown value
RDI=0x00007f45383d98e0 is an unknown value
R8 =0x0000000000000010 is an unknown value
R9 =0x00000000ebd05388 is an oop
java.nio.DirectFloatBufferU 
 - klass: 'java/nio/DirectFloatBufferU'
R10=0x0000000000000016 is an unknown value
R11=0x00007f457302a994: <offset 0xc8b994> in /usr/lib/jvm/java-7-openjdk-amd64/jre/lib/amd64/server/libjvm.so at 0x00007f457239f000
R12=0x00000000ebca6770 is an unknown value
R13=0x0000000000000040 is an unknown value
R14=0x00007f45383d98e0 is an unknown value
R15=0x0000000000000000 is an unknown value


Stack: [0x00007f452de29000,0x00007f452df2a000],  sp=0x00007f452df285c8,  free space=1021k
Native frames: (J=compiled Java code, j=interpreted, Vv=VM code, C=native code)
C  0x0000000000017956
[error occurred during error reporting (printing native stack), id 0xb]

Java frames: (J=compiled Java code, j=interpreted, Vv=VM code)
J  com.badlogic.gdx.utils.BufferUtils.copyJni([FLjava/nio/Buffer;II)V
J  com.badlogic.gdx.utils.BufferUtils.copy([FLjava/nio/Buffer;II)V
j  com.badlogic.gdx.graphics.glutils.ShaderProgram.setUniformMatrix(Ljava/lang/String;Lcom/badlogic/gdx/math/Matrix4;Z)V+43
j  com.badlogic.gdx.graphics.glutils.ShaderProgram.setUniformMatrix(Ljava/lang/String;Lcom/badlogic/gdx/math/Matrix4;)V+4
j  com.badlogic.gdx.graphics.g2d.SpriteBatch.setupMatrices()V+152
j  com.badlogic.gdx.graphics.g2d.SpriteBatch.begin()V+81
j  mountainrangepvp.renderer.BackgroundRenderer.render(Lcom/badlogic/gdx/math/Vector2;)V+42
j  mountainrangepvp.renderer.WorldRenderer.render(Lcom/badlogic/gdx/math/Vector2;)V+43
j  mountainrangepvp.game.GameScreen.render(F)V+122
j  mountainrangepvp.game.ClientGame.render()V+52
j  com.badlogic.gdx.backends.lwjgl.LwjglApplication.mainLoop()V+484
j  com.badlogic.gdx.backends.lwjgl.LwjglApplication$1.run()V+27
v  ~StubRoutines::call_stub

---------------  P R O C E S S  ---------------

Java Threads: ( => current thread )
  0x00007f4538376000 JavaThread "Game Client" [_thread_in_native, id=8568, stack(0x00007f45216fa000,0x00007f45217fb000)]
  0x00007f4538010000 JavaThread "process reaper" daemon [_thread_blocked, id=8566, stack(0x00007f45640c5000,0x00007f45640ed000)]
=>0x00007f45241a3800 JavaThread "LWJGL Application" [_thread_in_native, id=8564, stack(0x00007f452de29000,0x00007f452df2a000)]
  0x00007f456c009800 JavaThread "DestroyJavaVM" [_thread_blocked, id=8539, stack(0x00007f4573d3c000,0x00007f4573e3d000)]
  0x00007f456c62e800 JavaThread "TimerQueue" daemon [_thread_blocked, id=8560, stack(0x00007f452c5b0000,0x00007f452c6b1000)]
  0x00007f456c52d000 JavaThread "Timer-0" daemon [_thread_blocked, id=8556, stack(0x00007f452c9b4000,0x00007f452cab5000)]
  0x00007f456c345800 JavaThread "AWT-XAWT" daemon [_thread_in_native, id=8553, stack(0x00007f453c0d9000,0x00007f453c1da000)]
  0x00007f456c314000 JavaThread "Java2D Disposer" daemon [_thread_blocked, id=8552, stack(0x00007f45640ed000,0x00007f45641ee000)]
  0x00007f456c10b000 JavaThread "Service Thread" daemon [_thread_blocked, id=8550, stack(0x00007f45651bc000,0x00007f45652bd000)]
  0x00007f456c109000 JavaThread "C2 CompilerThread1" daemon [_thread_blocked, id=8549, stack(0x00007f45652bd000,0x00007f45653be000)]
  0x00007f456c106000 JavaThread "C2 CompilerThread0" daemon [_thread_blocked, id=8548, stack(0x00007f45653be000,0x00007f45654bf000)]
  0x00007f456c103800 JavaThread "Signal Dispatcher" daemon [_thread_blocked, id=8547, stack(0x00007f45654bf000,0x00007f45655c0000)]
  0x00007f456c0ad800 JavaThread "Finalizer" daemon [_thread_blocked, id=8546, stack(0x00007f456588c000,0x00007f456598d000)]
  0x00007f456c0ab800 JavaThread "Reference Handler" daemon [_thread_blocked, id=8545, stack(0x00007f456598d000,0x00007f4565a8e000)]

Other Threads:
  0x00007f456c0a3000 VMThread [stack: 0x00007f4565a8e000,0x00007f4565b8f000] [id=8544]
  0x00007f456c116000 WatcherThread [stack: 0x00007f45650bb000,0x00007f45651bc000] [id=8551]

VM state:not at safepoint (normal execution)

VM Mutex/Monitor currently owned by a thread: None

Heap
 PSYoungGen      total 18432K, used 16661K [0x00000000eb600000, 0x00000000eca90000, 0x0000000100000000)
  eden space 15808K, 88% used [0x00000000eb600000,0x00000000ec3b8d58,0x00000000ec570000)
  from space 2624K, 99% used [0x00000000ec570000,0x00000000ec7fc958,0x00000000ec800000)
  to   space 2624K, 0% used [0x00000000ec800000,0x00000000ec800000,0x00000000eca90000)
 ParOldGen       total 42240K, used 2209K [0x00000000c2200000, 0x00000000c4b40000, 0x00000000eb600000)
  object space 42240K, 5% used [0x00000000c2200000,0x00000000c2428560,0x00000000c4b40000)
 PSPermGen       total 21248K, used 19731K [0x00000000b7c00000, 0x00000000b90c0000, 0x00000000c2200000)
  object space 21248K, 92% used [0x00000000b7c00000,0x00000000b8f44f58,0x00000000b90c0000)

Card table byte_map: [0x00007f45708c2000,0x00007f4570b05000] byte_map_base: 0x00007f4570304000

Polling page: 0x00007f4573e68000

Code Cache  [0x00007f4569000000, 0x00007f4569270000, 0x00007f456c000000)
 total_blobs=887 nmethods=234 adapters=605 free_code_cache=48055Kb largest_free_block=49162496

Compilation events (10 events):
Event: 17.005 Thread 0x00007f456c106000  221             com.badlogic.gdx.graphics.glutils.ShaderProgram::fetchUniformLocation (92 bytes)
Event: 17.008 Thread 0x00007f456c106000 nmethod 221 0x00007f456910c690 code [0x00007f456910c800, 0x00007f456910c998]
Event: 17.288 Thread 0x00007f456c106000  222             com.badlogic.gdx.graphics.g2d.SpriteBatch::renderMesh (264 bytes)
Event: 17.358 Thread 0x00007f456c106000 nmethod 222 0x00007f45691170d0 code [0x00007f4569117620, 0x00007f4569119480]
Event: 17.604 Thread 0x00007f456c109000  223             mountainrangepvp.terrain.Terrain$Slice::<init> (106 bytes)
Event: 17.609 Thread 0x00007f456c109000 nmethod 223 0x00007f456910e3d0 code [0x00007f456910e520, 0x00007f456910e7e8]
Event: 17.804 Thread 0x00007f456c106000  224             com.badlogic.gdx.backends.lwjgl.LwjglGL20::glDepthMask (5 bytes)
Event: 17.806 Thread 0x00007f456c109000  225             org.lwjgl.opengl.GL11::glDepthMask (19 bytes)
Event: 17.807 Thread 0x00007f456c106000 nmethod 224 0x00007f456910dfd0 code [0x00007f456910e120, 0x00007f456910e228]
Event: 17.808 Thread 0x00007f456c109000 nmethod 225 0x00007f456907c750 code [0x00007f456907c8a0, 0x00007f456907c988]

GC Heap History (2 events):
Event: 3.717 GC heap before
{Heap before GC invocations=1 (full 0):
 PSYoungGen      total 18432K, used 15808K [0x00000000eb600000, 0x00000000eca90000, 0x0000000100000000)
  eden space 15808K, 100% used [0x00000000eb600000,0x00000000ec570000,0x00000000ec570000)
  from space 2624K, 0% used [0x00000000ec800000,0x00000000ec800000,0x00000000eca90000)
  to   space 2624K, 0% used [0x00000000ec570000,0x00000000ec570000,0x00000000ec800000)
 ParOldGen       total 42240K, used 0K [0x00000000c2200000, 0x00000000c4b40000, 0x00000000eb600000)
  object space 42240K, 0% used [0x00000000c2200000,0x00000000c2200000,0x00000000c4b40000)
 PSPermGen       total 21248K, used 17074K [0x00000000b7c00000, 0x00000000b90c0000, 0x00000000c2200000)
  object space 21248K, 80% used [0x00000000b7c00000,0x00000000b8cac910,0x00000000b90c0000)
Event: 3.739 GC heap after
Heap after GC invocations=1 (full 0):
 PSYoungGen      total 18432K, used 2610K [0x00000000eb600000, 0x00000000eca90000, 0x0000000100000000)
  eden space 15808K, 0% used [0x00000000eb600000,0x00000000eb600000,0x00000000ec570000)
  from space 2624K, 99% used [0x00000000ec570000,0x00000000ec7fc958,0x00000000ec800000)
  to   space 2624K, 0% used [0x00000000ec800000,0x00000000ec800000,0x00000000eca90000)
 ParOldGen       total 42240K, used 2209K [0x00000000c2200000, 0x00000000c4b40000, 0x00000000eb600000)
  object space 42240K, 5% used [0x00000000c2200000,0x00000000c2428560,0x00000000c4b40000)
 PSPermGen       total 21248K, used 17074K [0x00000000b7c00000, 0x00000000b90c0000, 0x00000000c2200000)
  object space 21248K, 80% used [0x00000000b7c00000,0x00000000b8cac910,0x00000000b90c0000)
}

Deoptimization events (10 events):
Event: 0.603 Thread 0x00007f456c009800 Uncommon trap 22 fr.pc 0x00007f456907e098
Event: 0.603 Thread 0x00007f456c009800 Uncommon trap -67 fr.pc 0x00007f456908343c
Event: 1.203 Thread 0x00007f456c009800 Uncommon trap -83 fr.pc 0x00007f45690947e4
Event: 1.204 Thread 0x00007f456c009800 Uncommon trap -83 fr.pc 0x00007f456907c764
Event: 1.294 Thread 0x00007f456c009800 Uncommon trap -34 fr.pc 0x00007f456907ab54
Event: 1.294 Thread 0x00007f456c009800 Uncommon trap -34 fr.pc 0x00007f456907ab54
Event: 1.294 Thread 0x00007f456c009800 Uncommon trap -34 fr.pc 0x00007f456907ab54
Event: 1.294 Thread 0x00007f456c009800 Uncommon trap -34 fr.pc 0x00007f456907ab54
Event: 4.623 Thread 0x00007f45241a3800 Uncommon trap -83 fr.pc 0x00007f45690c421c
Event: 5.216 Thread 0x00007f45241a3800 Uncommon trap 305 fr.pc 0x00007f45690ec038

Internal exceptions (10 events):
Event: 5.295 Thread 0x00007f45241a3800 Threw 0x00000000ec0d67b8 at /build/buildd/openjdk-7-7u13-2.3.6/build/openjdk/hotspot/src/share/vm/prims/jvm.cpp:1166
Event: 5.297 Thread 0x00007f45241a3800 Threw 0x00000000ec0d92f8 at /build/buildd/openjdk-7-7u13-2.3.6/build/openjdk/hotspot/src/share/vm/prims/jvm.cpp:1166
Event: 5.310 Thread 0x00007f45241a3800 Threw 0x00000000ec0dc5f0 at /build/buildd/openjdk-7-7u13-2.3.6/build/openjdk/hotspot/src/share/vm/prims/jvm.cpp:1166
Event: 5.338 Thread 0x00007f45241a3800 Threw 0x00000000ec0e20b0 at /build/buildd/openjdk-7-7u13-2.3.6/build/openjdk/hotspot/src/share/vm/prims/jvm.cpp:1166
Event: 5.348 Thread 0x00007f45241a3800 Threw 0x00000000ec0e6560 at /build/buildd/openjdk-7-7u13-2.3.6/build/openjdk/hotspot/src/share/vm/prims/jvm.cpp:1166
Event: 5.360 Thread 0x00007f45241a3800 Threw 0x00000000ec0f15d0 at /build/buildd/openjdk-7-7u13-2.3.6/build/openjdk/hotspot/src/share/vm/prims/jvm.cpp:1166
Event: 5.374 Thread 0x00007f45241a3800 Threw 0x00000000ec0fc650 at /build/buildd/openjdk-7-7u13-2.3.6/build/openjdk/hotspot/src/share/vm/prims/jvm.cpp:1166
Event: 5.935 Thread 0x00007f45241a3800 Threw 0x00000000ec11bec0 at /build/buildd/openjdk-7-7u13-2.3.6/build/openjdk/hotspot/src/share/vm/prims/jvm.cpp:1166
Event: 5.936 Thread 0x00007f45241a3800 Threw 0x00000000ec11f020 at /build/buildd/openjdk-7-7u13-2.3.6/build/openjdk/hotspot/src/share/vm/prims/jvm.cpp:1166
Event: 6.635 Thread 0x00007f45241a3800 Threw 0x00000000ec13d8f0 at /build/buildd/openjdk-7-7u13-2.3.6/build/openjdk/hotspot/src/share/vm/prims/jvm.cpp:1166

Events (10 events):
Event: 5.935 loading class 0x00007f452417e210 done
Event: 5.936 loading class 0x00007f45241a17c0
Event: 5.936 loading class 0x00007f45241a17c0 done
Event: 6.635 loading class 0x00007f452404bd00
Event: 6.635 loading class 0x00007f452404bd00 done
Event: 17.609 Thread 0x00007f456c109000 flushing nmethod 0x00007f456907a810
Event: 17.609 Thread 0x00007f456c109000 flushing nmethod 0x00007f456907c290
Event: 17.807 Thread 0x00007f456c106000 flushing nmethod 0x00007f456907df10
Event: 17.807 Thread 0x00007f456c106000 flushing nmethod 0x00007f456907e710
Event: 17.808 Thread 0x00007f456c109000 flushing nmethod 0x00007f4569083090


Dynamic libraries:
00400000-00401000 r-xp 00000000 08:07 2229794                            /usr/lib/jvm/java-7-openjdk-amd64/jre/bin/java
00600000-00601000 r--p 00000000 08:07 2229794                            /usr/lib/jvm/java-7-openjdk-amd64/jre/bin/java
00601000-00602000 rw-p 00001000 08:07 2229794                            /usr/lib/jvm/java-7-openjdk-amd64/jre/bin/java
00a37000-00a58000 rw-p 00000000 00:00 0                                  [heap]
4077f000-407fd000 rw-p 00000000 00:00 0 
4133c000-413ba000 rw-p 00000000 00:00 0 
41502000-41504000 r-xs 00000000 08:07 1572980                            /tmp/glUBnVMj (deleted)
b7c00000-b90c0000 rw-p 00000000 00:00 0 
b90c0000-c2200000 rw-p 00000000 00:00 0 
c2200000-c4b40000 rw-p 00000000 00:00 0 
c4b40000-eb600000 rw-p 00000000 00:00 0 
eb600000-eca90000 rw-p 00000000 00:00 0 
eca90000-100000000 rw-p 00000000 00:00 0 
7f4515c15000-7f45175e5000 r-xp 00000000 08:07 2233329                    /usr/lib/nvidia-current-updates/libnvidia-glcore.so.304.64
7f45175e5000-7f45177e4000 ---p 019d0000 08:07 2233329                    /usr/lib/nvidia-current-updates/libnvidia-glcore.so.304.64
7f45177e4000-7f4517fe5000 rwxp 019cf000 08:07 2233329                    /usr/lib/nvidia-current-updates/libnvidia-glcore.so.304.64
7f4517fe5000-7f4517fff000 rwxp 00000000 00:00 0 
7f4517fff000-7f451c000000 rw-s 00000000 00:12 222947                     /run/shm/pulse-shm-2216375362
7f451c000000-7f451c022000 rw-p 00000000 00:00 0 
7f451c022000-7f4520000000 ---p 00000000 00:00 0 
7f4520e60000-7f4521060000 rw-s 6f487000 00:05 9709                       /dev/nvidia0
7f4521060000-7f4521262000 rw-p 00000000 00:00 0 
7f4521262000-7f45212ff000 r-xp 00000000 08:07 1572979                    /tmp/jnigen/487559545/libgdx-freetype64.so
7f45212ff000-7f45214fe000 ---p 0009d000 08:07 1572979                    /tmp/jnigen/487559545/libgdx-freetype64.so
7f45214fe000-7f4521504000 r--p 0009c000 08:07 1572979                    /tmp/jnigen/487559545/libgdx-freetype64.so
7f4521504000-7f4521505000 rw-p 000a2000 08:07 1572979                    /tmp/jnigen/487559545/libgdx-freetype64.so
7f4521505000-7f45216fa000 rw-p 00000000 00:00 0 
7f45216fa000-7f45216fd000 ---p 00000000 00:00 0 
7f45216fd000-7f45217fb000 rw-p 00000000 00:00 0 
7f45217fb000-7f45218fb000 rw-s 1c7f6000 00:05 9709                       /dev/nvidia0
7f45218fb000-7f4521afb000 rw-s 1c903000 00:05 9709                       /dev/nvidia0
7f4521afb000-7f4521afc000 ---p 00000000 00:00 0 
7f4521afc000-7f45222fc000 rw-p 00000000 00:00 0 
7f45222fc000-7f45225af000 r-xp 00000000 08:07 1713995                    /usr/lib/x86_64-linux-gnu/libvorbisenc.so.2.0.8
7f45225af000-7f45227ae000 ---p 002b3000 08:07 1713995                    /usr/lib/x86_64-linux-gnu/libvorbisenc.so.2.0.8
7f45227ae000-7f45227ca000 r--p 002b2000 08:07 1713995                    /usr/lib/x86_64-linux-gnu/libvorbisenc.so.2.0.8
7f45227ca000-7f45227cb000 rw-p 002ce000 08:07 1713995                    /usr/lib/x86_64-linux-gnu/libvorbisenc.so.2.0.8
7f45227cb000-7f4522813000 r-xp 00000000 08:07 1705649                    /usr/lib/x86_64-linux-gnu/libFLAC.so.8.2.0
7f4522813000-7f4522a13000 ---p 00048000 08:07 1705649                    /usr/lib/x86_64-linux-gnu/libFLAC.so.8.2.0
7f4522a13000-7f4522a14000 r--p 00048000 08:07 1705649                    /usr/lib/x86_64-linux-gnu/libFLAC.so.8.2.0
7f4522a14000-7f4522a15000 rw-p 00049000 08:07 1705649                    /usr/lib/x86_64-linux-gnu/libFLAC.so.8.2.0
7f4522a15000-7f4522a1a000 r-xp 00000000 08:07 1712123                    /usr/lib/x86_64-linux-gnu/libasyncns.so.0.3.1
7f4522a1a000-7f4522c19000 ---p 00005000 08:07 1712123                    /usr/lib/x86_64-linux-gnu/libasyncns.so.0.3.1
7f4522c19000-7f4522c1a000 r--p 00004000 08:07 1712123                    /usr/lib/x86_64-linux-gnu/libasyncns.so.0.3.1
7f4522c1a000-7f4522c1b000 rw-p 00005000 08:07 1712123                    /usr/lib/x86_64-linux-gnu/libasyncns.so.0.3.1
7f4522c1b000-7f4522c7b000 r-xp 00000000 08:07 1714017                    /usr/lib/x86_64-linux-gnu/libsndfile.so.1.0.25
7f4522c7b000-7f4522e7b000 ---p 00060000 08:07 1714017                    /usr/lib/x86_64-linux-gnu/libsndfile.so.1.0.25
7f4522e7b000-7f4522e7d000 r--p 00060000 08:07 1714017                    /usr/lib/x86_64-linux-gnu/libsndfile.so.1.0.25
7f4522e7d000-7f4522e7e000 rw-p 00062000 08:07 1714017                    /usr/lib/x86_64-linux-gnu/libsndfile.so.1.0.25
7f4522e7e000-7f4522e82000 rw-p 00000000 00:00 0 
7f4522e82000-7f4522e8a000 r-xp 00000000 08:07 397167                     /lib/x86_64-linux-gnu/libwrap.so.0.7.6
7f4522e8a000-7f4523089000 ---p 00008000 08:07 397167                     /lib/x86_64-linux-gnu/libwrap.so.0.7.6
7f4523089000-7f452308a000 r--p 00007000 08:07 397167                     /lib/x86_64-linux-gnu/libwrap.so.0.7.6
7f452308a000-7f452308b000 rw-p 00008000 08:07 397167                     /lib/x86_64-linux-gnu/libwrap.so.0.7.6
7f452308b000-7f45230e7000 r-xp 00000000 08:07 1703958                    /usr/lib/x86_64-linux-gnu/libpulsecommon-1.1.so
7f45230e7000-7f45232e7000 ---p 0005c000 08:07 1703958                    /usr/lib/x86_64-linux-gnu/libpulsecommon-1.1.so
7f45232e7000-7f45232e8000 r--p 0005c000 08:07 1703958                    /usr/lib/x86_64-linux-gnu/libpulsecommon-1.1.so
7f45232e8000-7f45232e9000 rw-p 0005d000 08:07 1703958                    /usr/lib/x86_64-linux-gnu/libpulsecommon-1.1.so
7f45232e9000-7f45232f0000 r-xp 00000000 08:07 1712246                    /usr/lib/x86_64-linux-gnu/libjson.so.0.0.1
7f45232f0000-7f45234ef000 ---p 00007000 08:07 1712246                    /usr/lib/x86_64-linux-gnu/libjson.so.0.0.1
7f45234ef000-7f45234f0000 r--p 00006000 08:07 1712246                    /usr/lib/x86_64-linux-gnu/libjson.so.0.0.1
7f45234f0000-7f45234f1000 rw-p 00007000 08:07 1712246                    /usr/lib/x86_64-linux-gnu/libjson.so.0.0.1
7f45234f1000-7f4523537000 r-xp 00000000 08:07 1706093                    /usr/lib/x86_64-linux-gnu/libpulse.so.0.13.5
7f4523537000-7f4523737000 ---p 00046000 08:07 1706093                    /usr/lib/x86_64-linux-gnu/libpulse.so.0.13.5
7f4523737000-7f4523738000 r--p 00046000 08:07 1706093                    /usr/lib/x86_64-linux-gnu/libpulse.so.0.13.5
7f4523738000-7f4523739000 rw-p 00047000 08:07 1706093                    /usr/lib/x86_64-linux-gnu/libpulse.so.0.13.5
7f4523739000-7f452378b000 r-xp 00000000 08:07 1572973                    /tmp/libgdxlachlan/4263204358/libopenal64.so
7f452378b000-7f452398a000 ---p 00052000 08:07 1572973                    /tmp/libgdxlachlan/4263204358/libopenal64.so
7f452398a000-7f452398c000 r--p 00051000 08:07 1572973                    /tmp/libgdxlachlan/4263204358/libopenal64.so
7f452398c000-7f452398d000 rw-p 00053000 08:07 1572973                    /tmp/libgdxlachlan/4263204358/libopenal64.so
7f452398d000-7f452398e000 rw-p 00000000 00:00 0 
7f452398e000-7f4523992000 r-xp 00000000 08:07 1709808                    /usr/lib/x86_64-linux-gnu/libXxf86vm.so.1.0.0
7f4523992000-7f4523b91000 ---p 00004000 08:07 1709808                    /usr/lib/x86_64-linux-gnu/libXxf86vm.so.1.0.0
7f4523b91000-7f4523b92000 r--p 00003000 08:07 1709808                    /usr/lib/x86_64-linux-gnu/libXxf86vm.so.1.0.0
7f4523b92000-7f4523b93000 rw-p 00004000 08:07 1709808                    /usr/lib/x86_64-linux-gnu/libXxf86vm.so.1.0.0
7f4523b93000-7f4523bfb000 r-xp 00000000 08:07 1572974                    /tmp/libgdxlachlan/4263204358/liblwjgl64.so
7f4523bfb000-7f4523dfb000 ---p 00068000 08:07 1572974                    /tmp/libgdxlachlan/4263204358/liblwjgl64.so
7f4523dfb000-7f4523dfd000 r--p 00068000 08:07 1572974                    /tmp/libgdxlachlan/4263204358/liblwjgl64.so
7f4523dfd000-7f4523dfe000 rw-p 0006a000 08:07 1572974                    /tmp/libgdxlachlan/4263204358/liblwjgl64.so
7f4523dfe000-7f4523dff000 r-xp 00000000 08:07 2648498                    /usr/lib/jvm/java-7-openjdk-amd64/jre/lib/amd64/libjawt.so
7f4523dff000-7f4523ffe000 ---p 00001000 08:07 2648498                    /usr/lib/jvm/java-7-openjdk-amd64/jre/lib/amd64/libjawt.so
7f4523ffe000-7f4523fff000 r--p 00000000 08:07 2648498                    /usr/lib/jvm/java-7-openjdk-amd64/jre/lib/amd64/libjawt.so
7f4523fff000-7f4524000000 rw-p 00001000 08:07 2648498                    /usr/lib/jvm/java-7-openjdk-amd64/jre/lib/amd64/libjawt.so
7f4524000000-7f45241b8000 rw-p 00000000 00:00 0 
7f45241b8000-7f4528000000 ---p 00000000 00:00 0 
7f4528000000-7f4528021000 rw-p 00000000 00:00 0 
7f4528021000-7f452c000000 ---p 00000000 00:00 0 
7f452c016000-7f452c097000 rw-p 00000000 00:00 0 
7f452c097000-7f452c098000 rw-s e2c10000 00:05 9709                       /dev/nvidia0
7f452c098000-7f452c0d8000 rw-s 29311000 00:05 9709                       /dev/nvidia0
7f452c0d8000-7f452c1d8000 rw-s 6f455000 00:05 9709                       /dev/nvidia0
7f452c1d8000-7f452c240000 r-xp 00000000 08:07 1572972                    /tmp/libgdxlachlan/4263204358/libgdx64.so
7f452c240000-7f452c43f000 ---p 00068000 08:07 1572972                    /tmp/libgdxlachlan/4263204358/libgdx64.so
7f452c43f000-7f452c441000 r--p 00067000 08:07 1572972                    /tmp/libgdxlachlan/4263204358/libgdx64.so
7f452c441000-7f452c442000 rw-p 00069000 08:07 1572972                    /tmp/libgdxlachlan/4263204358/libgdx64.so
7f452c442000-7f452c443000 rw-p 00000000 00:00 0 
7f452c443000-7f452c550000 rw-s 00000000 00:04 18087946                   /SYSV00000000 (deleted)
7f452c550000-7f452c5b0000 rw-s 00000000 00:04 18055175                   /SYSV00000000 (deleted)
7f452c5b0000-7f452c5b3000 ---p 00000000 00:00 0 
7f452c5b3000-7f452c6b1000 rw-p 00000000 00:00 0 
7f452c6b1000-7f452c6b4000 ---p 00000000 00:00 0 
7f452c6b4000-7f452c7b2000 rw-p 00000000 00:00 0 
7f452c7b2000-7f452c7b5000 ---p 00000000 00:00 0 
7f452c7b5000-7f452c8b3000 rw-p 00000000 00:00 0 
7f452c8b3000-7f452c8b6000 ---p 00000000 00:00 0 
7f452c8b6000-7f452c9b4000 rw-p 00000000 00:00 0 
7f452c9b4000-7f452c9b7000 ---p 00000000 00:00 0 
7f452c9b7000-7f452cab5000 rw-p 00000000 00:00 0 
7f452cab5000-7f452cac1000 r-xp 00000000 08:07 393350                     /lib/x86_64-linux-gnu/libudev.so.0.13.0
7f452cac1000-7f452ccc0000 ---p 0000c000 08:07 393350                     /lib/x86_64-linux-gnu/libudev.so.0.13.0
7f452ccc0000-7f452ccc1000 r--p 0000b000 08:07 393350                     /lib/x86_64-linux-gnu/libudev.so.0.13.0
7f452ccc1000-7f452ccc2000 rw-p 0000c000 08:07 393350                     /lib/x86_64-linux-gnu/libudev.so.0.13.0
7f452ccc2000-7f452ccd8000 r-xp 00000000 08:07 1705125                    /usr/lib/x86_64-linux-gnu/gvfs/libgvfscommon.so
7f452ccd8000-7f452ced7000 ---p 00016000 08:07 1705125                    /usr/lib/x86_64-linux-gnu/gvfs/libgvfscommon.so
7f452ced7000-7f452ced8000 r--p 00015000 08:07 1705125                    /usr/lib/x86_64-linux-gnu/gvfs/libgvfscommon.so
7f452ced8000-7f452ced9000 rw-p 00016000 08:07 1705125                    /usr/lib/x86_64-linux-gnu/gvfs/libgvfscommon.so
7f452ced9000-7f452cf01000 r-xp 00000000 08:07 2098814                    /usr/lib/x86_64-linux-gnu/gio/modules/libgvfsdbus.so
7f452cf01000-7f452d100000 ---p 00028000 08:07 2098814                    /usr/lib/x86_64-linux-gnu/gio/modules/libgvfsdbus.so
7f452d100000-7f452d101000 r--p 00027000 08:07 2098814                    /usr/lib/x86_64-linux-gnu/gio/modules/libgvfsdbus.so
7f452d101000-7f452d102000 rw-p 00028000 08:07 2098814                    /usr/lib/x86_64-linux-gnu/gio/modules/libgvfsdbus.so
7f452d102000-7f452d146000 r-xp 00000000 08:07 1712772                    /usr/lib/x86_64-linux-gnu/libibus-1.0.so.0.401.0
7f452d146000-7f452d345000 ---p 00044000 08:07 1712772                    /usr/lib/x86_64-linux-gnu/libibus-1.0.so.0.401.0
7f452d345000-7f452d347000 r--p 00043000 08:07 1712772                    /usr/lib/x86_64-linux-gnu/libibus-1.0.so.0.401.0
7f452d347000-7f452d348000 rw-p 00045000 08:07 1712772                    /usr/lib/x86_64-linux-gnu/libibus-1.0.so.0.401.0
7f452d348000-7f452d349000 rw-p 00000000 00:00 0 
7f452d370000-7f452d376000 r-xp 00000000 08:07 2102164                    /usr/lib/x86_64-linux-gnu/gtk-2.0/2.10.0/immodules/im-ibus.so
7f452d376000-7f452d575000 ---p 00006000 08:07 2102164                    /usr/lib/x86_64-linux-gnu/gtk-2.0/2.10.0/immodules/im-ibus.so
7f452d575000-7f452d576000 r--p 00005000 08:07 2102164                    /usr/lib/x86_64-linux-gnu/gtk-2.0/2.10.0/immodules/im-ibus.so
7f452d576000-7f452d577000 rw-p 00006000 08:07 2102164                    /usr/lib/x86_64-linux-gnu/gtk-2.0/2.10.0/immodules/im-ibus.so
7f452d577000-7f452d594000 r--p 00000000 08:07 2490767                    /usr/share/fonts/truetype/droid/DroidSansMono.ttf
7f452d594000-7f452d5eb000 r--p 00000000 08:07 2493594                    /usr/share/fonts/truetype/ubuntu-font-family/Ubuntu-R.ttf
7f452d5eb000-7f452d5ed000 r-xp 00000000 08:07 2101773                    /usr/lib/x86_64-linux-gnu/pango/1.6.0/modules/pango-basic-fc.so
7f452d5ed000-7f452d7ec000 ---p 00002000 08:07 2101773                    /usr/lib/x86_64-linux-gnu/pango/1.6.0/modules/pango-basic-fc.so
7f452d7ec000-7f452d7ed000 r--p 00001000 08:07 2101773                    /usr/lib/x86_64-linux-gnu/pango/1.6.0/modules/pango-basic-fc.so
7f452d7ed000-7f452d7ee000 rw-p 00002000 08:07 2101773                    /usr/lib/x86_64-linux-gnu/pango/1.6.0/modules/pango-basic-fc.so
7f452d82b000-7f452d8c9000 rw-p 00000000 00:00 0 
7f452d8c9000-7f452d909000 rw-s 6f4fc000 00:05 9709                       /dev/nvidia0
7f452d909000-7f452d90c000 r-xp 00000000 08:07 2490599                    /usr/lib/nvidia-current-updates/tls/libnvidia-tls.so.304.64
7f452d90c000-7f452db0b000 ---p 00003000 08:07 2490599                    /usr/lib/nvidia-current-updates/tls/libnvidia-tls.so.304.64
7f452db0b000-7f452db0c000 rw-p 00002000 08:07 2490599                    /usr/lib/nvidia-current-updates/tls/libnvidia-tls.so.304.64
7f452db0c000-7f452dbd6000 r-xp 00000000 08:07 2230074                    /usr/lib/nvidia-current-updates/libGL.so.304.64
7f452dbd6000-7f452ddd6000 ---p 000ca000 08:07 2230074                    /usr/lib/nvidia-current-updates/libGL.so.304.64
7f452ddd6000-7f452de13000 rwxp 000ca000 08:07 2230074                    /usr/lib/nvidia-current-updates/libGL.so.304.64
7f452de13000-7f452de29000 rwxp 00000000 00:00 0 
7f452de29000-7f452de2c000 ---p 00000000 00:00 0 
7f452de2c000-7f452df2a000 rw-p 00000000 00:00 0 
7f452df2a000-7f452df65000 r-xp 00000000 08:07 2648454                    /usr/lib/jvm/java-7-openjdk-amd64/jre/lib/amd64/libfontmanager.so
7f452df65000-7f452e164000 ---p 0003b000 08:07 2648454                    /usr/lib/jvm/java-7-openjdk-amd64/jre/lib/amd64/libfontmanager.so
7f452e164000-7f452e166000 r--p 0003a000 08:07 2648454                    /usr/lib/jvm/java-7-openjdk-amd64/jre/lib/amd64/libfontmanager.so
7f452e166000-7f452e167000 rw-p 0003c000 08:07 2648454                    /usr/lib/jvm/java-7-openjdk-amd64/jre/lib/amd64/libfontmanager.so
7f452e167000-7f452e196000 r-xp 00000000 08:07 2099478                    /usr/lib/x86_64-linux-gnu/gtk-2.0/2.10.0/engines/libmurrine.so
7f452e196000-7f452e396000 ---p 0002f000 08:07 2099478                    /usr/lib/x86_64-linux-gnu/gtk-2.0/2.10.0/engines/libmurrine.so
7f452e396000-7f452e397000 r--p 0002f000 08:07 2099478                    /usr/lib/x86_64-linux-gnu/gtk-2.0/2.10.0/engines/libmurrine.so
7f452e397000-7f452e398000 rw-p 00030000 08:07 2099478                    /usr/lib/x86_64-linux-gnu/gtk-2.0/2.10.0/engines/libmurrine.so
7f452e398000-7f452e399000 ---p 00000000 00:00 0 
7f452e399000-7f452eb99000 rw-p 00000000 00:00 0 
7f452eb99000-7f452eb9f000 r-xp 00000000 08:07 1712289                    /usr/lib/x86_64-linux-gnu/libogg.so.0.7.1
7f452eb9f000-7f452ed9e000 ---p 00006000 08:07 1712289                    /usr/lib/x86_64-linux-gnu/libogg.so.0.7.1
7f452ed9e000-7f452ed9f000 r--p 00005000 08:07 1712289                    /usr/lib/x86_64-linux-gnu/libogg.so.0.7.1
7f452ed9f000-7f452eda0000 rw-p 00006000 08:07 1712289                    /usr/lib/x86_64-linux-gnu/libogg.so.0.7.1
7f452eda0000-7f452edcb000 r-xp 00000000 08:07 1714001                    /usr/lib/x86_64-linux-gnu/libvorbis.so.0.4.5
7f452edcb000-7f452efca000 ---p 0002b000 08:07 1714001                    /usr/lib/x86_64-linux-gnu/libvorbis.so.0.4.5
7f452efca000-7f452efcb000 r--p 0002a000 08:07 1714001                    /usr/lib/x86_64-linux-gnu/libvorbis.so.0.4.5
7f452efcb000-7f452efcc000 rw-p 0002b000 08:07 1714001                    /usr/lib/x86_64-linux-gnu/libvorbis.so.0.4.5
7f452efcc000-7f452efd4000 r-xp 00000000 08:07 1704173                    /usr/lib/x86_64-linux-gnu/libltdl.so.7.3.0
7f452efd4000-7f452f1d4000 ---p 00008000 08:07 1704173                    /usr/lib/x86_64-linux-gnu/libltdl.so.7.3.0
7f452f1d4000-7f452f1d5000 r--p 00008000 08:07 1704173                    /usr/lib/x86_64-linux-gnu/libltdl.so.7.3.0
7f452f1d5000-7f452f1d6000 rw-p 00009000 08:07 1704173                    /usr/lib/x86_64-linux-gnu/libltdl.so.7.3.0
7f452f1d6000-7f452f1e6000 r-xp 00000000 08:07 1703967                    /usr/lib/x86_64-linux-gnu/libtdb.so.1.2.9
7f452f1e6000-7f452f3e5000 ---p 00010000 08:07 1703967                    /usr/lib/x86_64-linux-gnu/libtdb.so.1.2.9
7f452f3e5000-7f452f3e6000 r--p 0000f000 08:07 1703967                    /usr/lib/x86_64-linux-gnu/libtdb.so.1.2.9
7f452f3e6000-7f452f3e7000 rw-p 00010000 08:07 1703967                    /usr/lib/x86_64-linux-gnu/libtdb.so.1.2.9
7f452f3e7000-7f452f3ee000 r-xp 00000000 08:07 1713998                    /usr/lib/x86_64-linux-gnu/libvorbisfile.so.3.3.4
7f452f3ee000-7f452f5ed000 ---p 00007000 08:07 1713998                    /usr/lib/x86_64-linux-gnu/libvorbisfile.so.3.3.4
7f452f5ed000-7f452f5ee000 r--p 00006000 08:07 1713998                    /usr/lib/x86_64-linux-gnu/libvorbisfile.so.3.3.4
7f452f5ee000-7f452f5ef000 rw-p 00007000 08:07 1713998                    /usr/lib/x86_64-linux-gnu/libvorbisfile.so.3.3.4
7f452f5ef000-7f452f5fe000 r-xp 00000000 08:07 1704724                    /usr/lib/x86_64-linux-gnu/libcanberra.so.0.2.5
7f452f5fe000-7f452f7fd000 ---p 0000f000 08:07 1704724                    /usr/lib/x86_64-linux-gnu/libcanberra.so.0.2.5
7f452f7fd000-7f452f7fe000 r--p 0000e000 08:07 1704724                    /usr/lib/x86_64-linux-gnu/libcanberra.so.0.2.5
7f452f7fe000-7f452f7ff000 rw-p 0000f000 08:07 1704724                    /usr/lib/x86_64-linux-gnu/libcanberra.so.0.2.5
7f452f7ff000-7f452f800000 ---p 00000000 00:00 0 
7f452f800000-7f4530000000 rw-p 00000000 00:00 0 
7f4530000000-7f4530021000 rw-p 00000000 00:00 0 
7f4530021000-7f4534000000 ---p 00000000 00:00 0 
7f4534001000-7f4534004000 r--p 00000000 08:07 2387685                    /usr/share/locale-langpack/en_AU/LC_MESSAGES/pulseaudio.mo
7f4534033000-7f45340d1000 rw-p 00000000 00:00 0 
7f45340d1000-7f45340d2000 r--s 00000000 08:07 2623763                    /var/cache/fontconfig/c05880de57d1f5e948fdfacc138775d9-le64.cache-3
7f45340d2000-7f45340db000 r--s 00000000 08:07 2623759                    /var/cache/fontconfig/945677eb7aeaf62f1d50efc3fb3ec7d8-le64.cache-3
7f45340db000-7f45340dd000 r--s 00000000 08:07 2626556                    /var/cache/fontconfig/99e8ed0e538f840c565b6ed5dad60d56-le64.cache-3
7f45340dd000-7f45340e5000 r--s 00000000 08:07 2626555                    /var/cache/fontconfig/a6d8cf8e4ec09cdbc8633c31745a07dd-le64.cache-3
7f45340e5000-7f45340e9000 r--s 00000000 08:07 2626554                    /var/cache/fontconfig/2cd17615ca594fa2959ae173292e504c-le64.cache-3
7f45340e9000-7f45340ea000 r--s 00000000 08:07 2626553                    /var/cache/fontconfig/e7071f4a29fa870f4323321c154eba04-le64.cache-3
7f45340ea000-7f45340ed000 r--s 00000000 08:07 2626552                    /var/cache/fontconfig/b5ea634b0fb353b8ea17632d1f9ef766-le64.cache-3
7f45340ed000-7f45340ee000 r--s 00000000 08:07 2626551                    /var/cache/fontconfig/0d8c3b2ac0904cb8a57a757ad11a4a08-le64.cache-3
7f45340ee000-7f45340f4000 r--s 00000000 08:07 2626550                    /var/cache/fontconfig/a755afe4a08bf5b97852ceb7400b47bc-le64.cache-3
7f45340f4000-7f45340fd000 r--s 00000000 08:07 2626549                    /var/cache/fontconfig/6d41288fd70b0be22e8c3a91e032eec0-le64.cache-3
7f45340fd000-7f453410d000 r--s 00000000 08:07 2626548                    /var/cache/fontconfig/04aabc0a78ac019cf9454389977116d2-le64.cache-3
7f453410d000-7f453413b000 r--s 00000000 08:07 2626544                    /var/cache/fontconfig/365b55f210c0a22e9a19e35191240f32-le64.cache-3
7f453413b000-7f453413f000 r-xp 00000000 08:07 1705758                    /usr/lib/x86_64-linux-gnu/libcanberra-gtk.so.0.1.8
7f453413f000-7f453433e000 ---p 00004000 08:07 1705758                    /usr/lib/x86_64-linux-gnu/libcanberra-gtk.so.0.1.8
7f453433e000-7f453433f000 r--p 00003000 08:07 1705758                    /usr/lib/x86_64-linux-gnu/libcanberra-gtk.so.0.1.8
7f453433f000-7f4534340000 rw-p 00004000 08:07 1705758                    /usr/lib/x86_64-linux-gnu/libcanberra-gtk.so.0.1.8
7f4534340000-7f4534345000 r-xp 00000000 08:07 2102165                    /usr/lib/x86_64-linux-gnu/gtk-2.0/modules/libcanberra-gtk-module.so
7f4534345000-7f4534544000 ---p 00005000 08:07 2102165                    /usr/lib/x86_64-linux-gnu/gtk-2.0/modules/libcanberra-gtk-module.so
7f4534544000-7f4534545000 r--p 00004000 08:07 2102165                    /usr/lib/x86_64-linux-gnu/gtk-2.0/modules/libcanberra-gtk-module.so
7f4534545000-7f4534546000 rw-p 00005000 08:07 2102165                    /usr/lib/x86_64-linux-gnu/gtk-2.0/modules/libcanberra-gtk-module.so
7f4534546000-7f453454d000 r-xp 00000000 08:07 2100530                    /usr/lib/x86_64-linux-gnu/gio/modules/libdconfsettings.so
7f453454d000-7f453474c000 ---p 00007000 08:07 2100530                    /usr/lib/x86_64-linux-gnu/gio/modules/libdconfsettings.so
7f453474c000-7f453474d000 r--p 00006000 08:07 2100530                    /usr/lib/x86_64-linux-gnu/gio/modules/libdconfsettings.so
7f453474d000-7f453474e000 rw-p 00007000 08:07 2100530                    /usr/lib/x86_64-linux-gnu/gio/modules/libdconfsettings.so
7f453474e000-7f453475e000 r-xp 00000000 08:07 1704967                    /usr/lib/liboverlay-scrollbar-0.2.so.0.0.16
7f453475e000-7f453495d000 ---p 00010000 08:07 1704967                    /usr/lib/liboverlay-scrollbar-0.2.so.0.0.16
7f453495d000-7f453495e000 r--p 0000f000 08:07 1704967                    /usr/lib/liboverlay-scrollbar-0.2.so.0.0.16
7f453495e000-7f453495f000 rw-p 00010000 08:07 1704967                    /usr/lib/liboverlay-scrollbar-0.2.so.0.0.16
7f453495f000-7f4534962000 r-xp 00000000 08:07 396599                     /lib/x86_64-linux-gnu/libgpg-error.so.0.8.0
7f4534962000-7f4534b61000 ---p 00003000 08:07 396599                     /lib/x86_64-linux-gnu/libgpg-error.so.0.8.0
7f4534b61000-7f4534b62000 r--p 00002000 08:07 396599                     /lib/x86_64-linux-gnu/libgpg-error.so.0.8.0
7f4534b62000-7f4534b63000 rw-p 00003000 08:07 396599                     /lib/x86_64-linux-gnu/libgpg-error.so.0.8.0
7f4534b63000-7f4534b66000 r-xp 00000000 08:07 393322                     /lib/x86_64-linux-gnu/libkeyutils.so.1.4
7f4534b66000-7f4534d65000 ---p 00003000 08:07 393322                     /lib/x86_64-linux-gnu/libkeyutils.so.1.4
7f4534d65000-7f4534d66000 r--p 00002000 08:07 393322                     /lib/x86_64-linux-gnu/libkeyutils.so.1.4
7f4534d66000-7f4534d67000 rw-p 00003000 08:07 393322                     /lib/x86_64-linux-gnu/libkeyutils.so.1.4
7f4534d67000-7f4534da9000 r-xp 00000000 08:07 393283                     /lib/x86_64-linux-gnu/libdbus-1.so.3.5.8
7f4534da9000-7f4534fa9000 ---p 00042000 08:07 393283                     /lib/x86_64-linux-gnu/libdbus-1.so.3.5.8
7f4534fa9000-7f4534faa000 r--p 00042000 08:07 393283                     /lib/x86_64-linux-gnu/libdbus-1.so.3.5.8
7f4534faa000-7f4534fab000 rw-p 00043000 08:07 393283                     /lib/x86_64-linux-gnu/libdbus-1.so.3.5.8
7f4534fab000-7f4534fbc000 r-xp 00000000 08:07 1707850                    /usr/lib/x86_64-linux-gnu/libp11-kit.so.0.0.0
7f4534fbc000-7f45351bb000 ---p 00011000 08:07 1707850                    /usr/lib/x86_64-linux-gnu/libp11-kit.so.0.0.0
7f45351bb000-7f45351bc000 r--p 00010000 08:07 1707850                    /usr/lib/x86_64-linux-gnu/libp11-kit.so.0.0.0
7f45351bc000-7f45351bd000 rw-p 00011000 08:07 1707850                    /usr/lib/x86_64-linux-gnu/libp11-kit.so.0.0.0
7f45351bd000-7f4535237000 r-xp 00000000 08:07 396603                     /lib/x86_64-linux-gnu/libgcrypt.so.11.7.0
7f4535237000-7f4535437000 ---p 0007a000 08:07 396603                     /lib/x86_64-linux-gnu/libgcrypt.so.11.7.0
7f4535437000-7f4535438000 r--p 0007a000 08:07 396603                     /lib/x86_64-linux-gnu/libgcrypt.so.11.7.0
7f4535438000-7f453543b000 rw-p 0007b000 08:07 396603                     /lib/x86_64-linux-gnu/libgcrypt.so.11.7.0
7f453543b000-7f453544b000 r-xp 00000000 08:07 1710790                    /usr/lib/x86_64-linux-gnu/libtasn1.so.3.1.12
7f453544b000-7f453564a000 ---p 00010000 08:07 1710790                    /usr/lib/x86_64-linux-gnu/libtasn1.so.3.1.12
7f453564a000-7f453564b000 r--p 0000f000 08:07 1710790                    /usr/lib/x86_64-linux-gnu/libtasn1.so.3.1.12
7f453564b000-7f453564c000 rw-p 00010000 08:07 1710790                    /usr/lib/x86_64-linux-gnu/libtasn1.so.3.1.12
7f453564c000-7f4535653000 r-xp 00000000 08:07 1704429                    /usr/lib/x86_64-linux-gnu/libkrb5support.so.0.1
7f4535653000-7f4535852000 ---p 00007000 08:07 1704429                    /usr/lib/x86_64-linux-gnu/libkrb5support.so.0.1
7f4535852000-7f4535853000 r--p 00006000 08:07 1704429                    /usr/lib/x86_64-linux-gnu/libkrb5support.so.0.1
7f4535853000-7f4535854000 rw-p 00007000 08:07 1704429                    /usr/lib/x86_64-linux-gnu/libkrb5support.so.0.1
7f4535854000-7f4535857000 r-xp 00000000 08:07 396595                     /lib/x86_64-linux-gnu/libcom_err.so.2.1
7f4535857000-7f4535a56000 ---p 00003000 08:07 396595                     /lib/x86_64-linux-gnu/libcom_err.so.2.1
7f4535a56000-7f4535a57000 r--p 00002000 08:07 396595                     /lib/x86_64-linux-gnu/libcom_err.so.2.1
7f4535a57000-7f4535a58000 rw-p 00003000 08:07 396595                     /lib/x86_64-linux-gnu/libcom_err.so.2.1
7f4535a58000-7f4535a7d000 r-xp 00000000 08:07 1704889                    /usr/lib/x86_64-linux-gnu/libk5crypto.so.3.1
7f4535a7d000-7f4535c7d000 ---p 00025000 08:07 1704889                    /usr/lib/x86_64-linux-gnu/libk5crypto.so.3.1
7f4535c7d000-7f4535c7e000 r--p 00025000 08:07 1704889                    /usr/lib/x86_64-linux-gnu/libk5crypto.so.3.1
7f4535c7e000-7f4535c7f000 rw-p 00026000 08:07 1704889                    /usr/lib/x86_64-linux-gnu/libk5crypto.so.3.1
7f4535c7f000-7f4535c80000 rw-p 00000000 00:00 0 
7f4535c80000-7f4535d44000 r-xp 00000000 08:07 1704426                    /usr/lib/x86_64-linux-gnu/libkrb5.so.3.3
7f4535d44000-7f4535f43000 ---p 000c4000 08:07 1704426                    /usr/lib/x86_64-linux-gnu/libkrb5.so.3.3
7f4535f43000-7f4535f4d000 r--p 000c3000 08:07 1704426                    /usr/lib/x86_64-linux-gnu/libkrb5.so.3.3
7f4535f4d000-7f4535f4e000 rw-p 000cd000 08:07 1704426                    /usr/lib/x86_64-linux-gnu/libkrb5.so.3.3
7f4535f4e000-7f4535f56000 r-xp 00000000 08:07 1711480                    /usr/lib/x86_64-linux-gnu/libxcb-render.so.0.0.0
7f4535f56000-7f4536156000 ---p 00008000 08:07 1711480                    /usr/lib/x86_64-linux-gnu/libxcb-render.so.0.0.0
7f4536156000-7f4536157000 r--p 00008000 08:07 1711480                    /usr/lib/x86_64-linux-gnu/libxcb-render.so.0.0.0
7f4536157000-7f4536158000 rw-p 00009000 08:07 1711480                    /usr/lib/x86_64-linux-gnu/libxcb-render.so.0.0.0
7f4536158000-7f453615a000 r-xp 00000000 08:07 1711484                    /usr/lib/x86_64-linux-gnu/libxcb-shm.so.0.0.0
7f453615a000-7f4536359000 ---p 00002000 08:07 1711484                    /usr/lib/x86_64-linux-gnu/libxcb-shm.so.0.0.0
7f4536359000-7f453635a000 r--p 00001000 08:07 1711484                    /usr/lib/x86_64-linux-gnu/libxcb-shm.so.0.0.0
7f453635a000-7f453635b000 rw-p 00002000 08:07 1711484                    /usr/lib/x86_64-linux-gnu/libxcb-shm.so.0.0.0
7f453635b000-7f4536381000 r-xp 00000000 08:07 396629                     /lib/x86_64-linux-gnu/libpng12.so.0.46.0
7f4536381000-7f4536581000 ---p 00026000 08:07 396629                     /lib/x86_64-linux-gnu/libpng12.so.0.46.0
7f4536581000-7f4536582000 r--p 00026000 08:07 396629                     /lib/x86_64-linux-gnu/libpng12.so.0.46.0
7f4536582000-7f4536583000 rw-p 00027000 08:07 396629                     /lib/x86_64-linux-gnu/libpng12.so.0.46.0
7f4536583000-7f4536604000 r-xp 00000000 08:07 1711453                    /usr/lib/x86_64-linux-gnu/libpixman-1.so.0.24.4
7f4536604000-7f4536803000 ---p 00081000 08:07 1711453                    /usr/lib/x86_64-linux-gnu/libpixman-1.so.0.24.4
7f4536803000-7f4536809000 r--p 00080000 08:07 1711453                    /usr/lib/x86_64-linux-gnu/libpixman-1.so.0.24.4
7f4536809000-7f453680a000 rw-p 00086000 08:07 1711453                    /usr/lib/x86_64-linux-gnu/libpixman-1.so.0.24.4
7f453680a000-7f453680f000 r-xp 00000000 08:07 1711469                    /usr/lib/x86_64-linux-gnu/libXdmcp.so.6.0.0
7f453680f000-7f4536a0e000 ---p 00005000 08:07 1711469                    /usr/lib/x86_64-linux-gnu/libXdmcp.so.6.0.0
7f4536a0e000-7f4536a0f000 r--p 00004000 08:07 1711469                    /usr/lib/x86_64-linux-gnu/libXdmcp.so.6.0.0
7f4536a0f000-7f4536a10000 rw-p 00005000 08:07 1711469                    /usr/lib/x86_64-linux-gnu/libXdmcp.so.6.0.0
7f4536a10000-7f4536a12000 r-xp 00000000 08:07 1711462                    /usr/lib/x86_64-linux-gnu/libXau.so.6.0.0
7f4536a12000-7f4536c11000 ---p 00002000 08:07 1711462                    /usr/lib/x86_64-linux-gnu/libXau.so.6.0.0
7f4536c11000-7f4536c12000 r--p 00001000 08:07 1711462                    /usr/lib/x86_64-linux-gnu/libXau.so.6.0.0
7f4536c12000-7f4536c13000 rw-p 00002000 08:07 1711462                    /usr/lib/x86_64-linux-gnu/libXau.so.6.0.0
7f4536c13000-7f4536c23000 r-xp 00000000 08:07 1711535                    /usr/lib/x86_64-linux-gnu/libavahi-client.so.3.2.9
7f4536c23000-7f4536e22000 ---p 00010000 08:07 1711535                    /usr/lib/x86_64-linux-gnu/libavahi-client.so.3.2.9
7f4536e22000-7f4536e23000 r--p 0000f000 08:07 1711535                    /usr/lib/x86_64-linux-gnu/libavahi-client.so.3.2.9
7f4536e23000-7f4536e24000 rw-p 00010000 08:07 1711535                    /usr/lib/x86_64-linux-gnu/libavahi-client.so.3.2.9
7f4536e24000-7f4536e2f000 r-xp 00000000 08:07 1711529                    /usr/lib/x86_64-linux-gnu/libavahi-common.so.3.5.3
7f4536e2f000-7f453702e000 ---p 0000b000 08:07 1711529                    /usr/lib/x86_64-linux-gnu/libavahi-common.so.3.5.3
7f453702e000-7f453702f000 r--p 0000a000 08:07 1711529                    /usr/lib/x86_64-linux-gnu/libavahi-common.so.3.5.3
7f453702f000-7f4537030000 rw-p 0000b000 08:07 1711529                    /usr/lib/x86_64-linux-gnu/libavahi-common.so.3.5.3
7f4537030000-7f45370e4000 r-xp 00000000 08:07 1708303                    /usr/lib/x86_64-linux-gnu/libgnutls.so.26.21.8
7f45370e4000-7f45372e4000 ---p 000b4000 08:07 1708303                    /usr/lib/x86_64-linux-gnu/libgnutls.so.26.21.8
7f45372e4000-7f45372ea000 r--p 000b4000 08:07 1708303                    /usr/lib/x86_64-linux-gnu/libgnutls.so.26.21.8
7f45372ea000-7f45372eb000 rw-p 000ba000 08:07 1708303                    /usr/lib/x86_64-linux-gnu/libgnutls.so.26.21.8
7f45372eb000-7f45372ec000 rw-p 00000000 00:00 0 
7f45372ec000-7f4537327000 r-xp 00000000 08:07 1704420                    /usr/lib/x86_64-linux-gnu/libgssapi_krb5.so.2.2
7f4537327000-7f4537527000 ---p 0003b000 08:07 1704420                    /usr/lib/x86_64-linux-gnu/libgssapi_krb5.so.2.2
7f4537527000-7f4537528000 r--p 0003b000 08:07 1704420                    /usr/lib/x86_64-linux-gnu/libgssapi_krb5.so.2.2
7f4537528000-7f453752a000 rw-p 0003c000 08:07 1704420                    /usr/lib/x86_64-linux-gnu/libgssapi_krb5.so.2.2
7f453752a000-7f4537551000 r-xp 00000000 08:07 396626                     /lib/x86_64-linux-gnu/libexpat.so.1.5.2
7f4537551000-7f4537751000 ---p 00027000 08:07 396626                     /lib/x86_64-linux-gnu/libexpat.so.1.5.2
7f4537751000-7f4537753000 r--p 00027000 08:07 396626                     /lib/x86_64-linux-gnu/libexpat.so.1.5.2
7f4537753000-7f4537754000 rw-p 00029000 08:07 396626                     /lib/x86_64-linux-gnu/libexpat.so.1.5.2
7f4537754000-7f45377ea000 r-xp 00000000 08:07 1710175                    /usr/lib/x86_64-linux-gnu/libfreetype.so.6.8.0
7f45377ea000-7f45379e9000 ---p 00096000 08:07 1710175                    /usr/lib/x86_64-linux-gnu/libfreetype.so.6.8.0
7f45379e9000-7f45379ef000 r--p 00095000 08:07 1710175                    /usr/lib/x86_64-linux-gnu/libfreetype.so.6.8.0
7f45379ef000-7f45379f0000 rw-p 0009b000 08:07 1710175                    /usr/lib/x86_64-linux-gnu/libfreetype.so.6.8.0
7f45379f0000-7f45379f2000 r-xp 00000000 08:07 1711543                    /usr/lib/x86_64-linux-gnu/libXdamage.so.1.1.0
7f45379f2000-7f4537bf1000 ---p 00002000 08:07 1711543                    /usr/lib/x86_64-linux-gnu/libXdamage.so.1.1.0
7f4537bf1000-7f4537bf2000 r--p 00001000 08:07 1711543                    /usr/lib/x86_64-linux-gnu/libXdamage.so.1.1.0
7f4537bf2000-7f4537bf3000 rw-p 00002000 08:07 1711543                    /usr/lib/x86_64-linux-gnu/libXdamage.so.1.1.0
7f4537bf3000-7f4537bf5000 r-xp 00000000 08:07 1711539                    /usr/lib/x86_64-linux-gnu/libXcomposite.so.1.0.0
7f4537bf5000-7f4537df4000 ---p 00002000 08:07 1711539                    /usr/lib/x86_64-linux-gnu/libXcomposite.so.1.0.0
7f4537df4000-7f4537df5000 r--p 00001000 08:07 1711539                    /usr/lib/x86_64-linux-gnu/libXcomposite.so.1.0.0
7f4537df5000-7f4537df6000 rw-p 00002000 08:07 1711539                    /usr/lib/x86_64-linux-gnu/libXcomposite.so.1.0.0
7f4537df6000-7f4537dff000 r-xp 00000000 08:07 1712093                    /usr/lib/x86_64-linux-gnu/libXcursor.so.1.0.2
7f4537dff000-7f4537ffe000 ---p 00009000 08:07 1712093                    /usr/lib/x86_64-linux-gnu/libXcursor.so.1.0.2
7f4537ffe000-7f4537fff000 r--p 00008000 08:07 1712093                    /usr/lib/x86_64-linux-gnu/libXcursor.so.1.0.2
7f4537fff000-7f4538000000 rw-p 00009000 08:07 1712093                    /usr/lib/x86_64-linux-gnu/libXcursor.so.1.0.2
7f4538000000-7f453879e000 rw-p 00000000 00:00 0 
7f453879e000-7f453c000000 ---p 00000000 00:00 0 
7f453c000000-7f453c001000 r--p 00000000 08:07 2367818                    /usr/share/locale-langpack/en_AU/LC_MESSAGES/gdk-pixbuf.mo
7f453c00a000-7f453c00d000 r--s 00000000 08:07 2626547                    /var/cache/fontconfig/385c0604a188198f04d133e54aba7fe7-le64.cache-3
7f453c00d000-7f453c012000 r--s 00000000 08:07 2626540                    /var/cache/fontconfig/b47c4e1ecd0709278f4910c18777a504-le64.cache-3
7f453c012000-7f453c019000 r--s 00000000 08:07 2626539                    /var/cache/fontconfig/ce677e824a231659fde4a3a246a10ea3-le64.cache-3
7f453c019000-7f453c021000 r--s 00000000 08:07 2626537                    /var/cache/fontconfig/52f7bdb7ce746bfd7eaa1985bd9cfa93-le64.cache-3
7f453c021000-7f453c031000 r--s 00000000 08:07 2626517                    /var/cache/fontconfig/d52a8644073d54c13679302ca1180695-le64.cache-3
7f453c031000-7f453c044000 r--s 00000000 08:07 2623667                    /var/cache/fontconfig/e13b20fdb08344e0e664864cc2ede53d-le64.cache-3
7f453c058000-7f453c0d9000 rw-p 00000000 00:00 0 
7f453c0d9000-7f453c0dc000 ---p 00000000 00:00 0 
7f453c0dc000-7f453c1da000 rw-p 00000000 00:00 0 
7f453c1da000-7f453c1e2000 r-xp 00000000 08:07 1712109                    /usr/lib/x86_64-linux-gnu/libXrandr.so.2.2.0
7f453c1e2000-7f453c3e1000 ---p 00008000 08:07 1712109                    /usr/lib/x86_64-linux-gnu/libXrandr.so.2.2.0
7f453c3e1000-7f453c3e2000 r--p 00007000 08:07 1712109                    /usr/lib/x86_64-linux-gnu/libXrandr.so.2.2.0
7f453c3e2000-7f453c3e3000 rw-p 00008000 08:07 1712109                    /usr/lib/x86_64-linux-gnu/libXrandr.so.2.2.0
7f453c3e3000-7f453c3e5000 r-xp 00000000 08:07 1709455                    /usr/lib/x86_64-linux-gnu/libXinerama.so.1.0.0
7f453c3e5000-7f453c5e4000 ---p 00002000 08:07 1709455                    /usr/lib/x86_64-linux-gnu/libXinerama.so.1.0.0
7f453c5e4000-7f453c5e5000 r--p 00001000 08:07 1709455                    /usr/lib/x86_64-linux-gnu/libXinerama.so.1.0.0
7f453c5e5000-7f453c5e6000 rw-p 00002000 08:07 1709455                    /usr/lib/x86_64-linux-gnu/libXinerama.so.1.0.0
7f453c5e6000-7f453c60f000 r-xp 00000000 08:07 1705786                    /usr/lib/x86_64-linux-gnu/libpangoft2-1.0.so.0.3000.0
7f453c60f000-7f453c80e000 ---p 00029000 08:07 1705786                    /usr/lib/x86_64-linux-gnu/libpangoft2-1.0.so.0.3000.0
7f453c80e000-7f453c80f000 r--p 00028000 08:07 1705786                    /usr/lib/x86_64-linux-gnu/libpangoft2-1.0.so.0.3000.0
7f453c80f000-7f453c810000 rw-p 00029000 08:07 1705786                    /usr/lib/x86_64-linux-gnu/libpangoft2-1.0.so.0.3000.0
7f453c810000-7f453c8c9000 r-xp 00000000 08:07 1704354                    /usr/lib/x86_64-linux-gnu/libcairo.so.2.11000.2
7f453c8c9000-7f453cac8000 ---p 000b9000 08:07 1704354                    /usr/lib/x86_64-linux-gnu/libcairo.so.2.11000.2
7f453cac8000-7f453caca000 r--p 000b8000 08:07 1704354                    /usr/lib/x86_64-linux-gnu/libcairo.so.2.11000.2
7f453caca000-7f453cacb000 rw-p 000ba000 08:07 1704354                    /usr/lib/x86_64-linux-gnu/libcairo.so.2.11000.2
7f453cacb000-7f453cace000 rw-p 00000000 00:00 0 
7f453cace000-7f453caed000 r-xp 00000000 08:07 1711525                    /usr/lib/x86_64-linux-gnu/libatk-1.0.so.0.20409.1
7f453caed000-7f453cced000 ---p 0001f000 08:07 1711525                    /usr/lib/x86_64-linux-gnu/libatk-1.0.so.0.20409.1
7f453cced000-7f453ccef000 r--p 0001f000 08:07 1711525                    /usr/lib/x86_64-linux-gnu/libatk-1.0.so.0.20409.1
7f453ccef000-7f453ccf0000 rw-p 00021000 08:07 1711525                    /usr/lib/x86_64-linux-gnu/libatk-1.0.so.0.20409.1
7f453ccf0000-7f453ccf5000 r-xp 00000000 08:07 1704102                    /usr/lib/x86_64-linux-gnu/libXfixes.so.3.1.0
7f453ccf5000-7f453cef4000 ---p 00005000 08:07 1704102                    /usr/lib/x86_64-linux-gnu/libXfixes.so.3.1.0
7f453cef4000-7f453cef5000 r--p 00004000 08:07 1704102                    /usr/lib/x86_64-linux-gnu/libXfixes.so.3.1.0
7f453cef5000-7f453cef6000 rw-p 00005000 08:07 1704102                    /usr/lib/x86_64-linux-gnu/libXfixes.so.3.1.0
7f453cef6000-7f453cf01000 r-xp 00000000 08:07 1705801                    /usr/lib/x86_64-linux-gnu/libpangocairo-1.0.so.0.3000.0
7f453cf01000-7f453d100000 ---p 0000b000 08:07 1705801                    /usr/lib/x86_64-linux-gnu/libpangocairo-1.0.so.0.3000.0
7f453d100000-7f453d101000 r--p 0000a000 08:07 1705801                    /usr/lib/x86_64-linux-gnu/libpangocairo-1.0.so.0.3000.0
7f453d101000-7f453d102000 rw-p 0000b000 08:07 1705801                    /usr/lib/x86_64-linux-gnu/libpangocairo-1.0.so.0.3000.0
7f453d102000-7f453d11f000 r-xp 00000000 08:07 1711474                    /usr/lib/x86_64-linux-gnu/libxcb.so.1.1.0
7f453d11f000-7f453d31e000 ---p 0001d000 08:07 1711474                    /usr/lib/x86_64-linux-gnu/libxcb.so.1.1.0
7f453d31e000-7f453d31f000 r--p 0001c000 08:07 1711474                    /usr/lib/x86_64-linux-gnu/libxcb.so.1.1.0
7f453d31f000-7f453d320000 rw-p 0001d000 08:07 1711474                    /usr/lib/x86_64-linux-gnu/libxcb.so.1.1.0
7f453d320000-7f453d370000 r-xp 00000000 08:07 1707137                    /usr/lib/x86_64-linux-gnu/libcups.so.2
7f453d370000-7f453d56f000 ---p 00050000 08:07 1707137                    /usr/lib/x86_64-linux-gnu/libcups.so.2
7f453d56f000-7f453d573000 r--p 0004f000 08:07 1707137                    /usr/lib/x86_64-linux-gnu/libcups.so.2
7f453d573000-7f453d574000 rw-p 00053000 08:07 1707137                    /usr/lib/x86_64-linux-gnu/libcups.so.2
7f453d574000-7f453d575000 r-xp 00000000 08:07 1704833                    /usr/lib/x86_64-linux-gnu/libgthread-2.0.so.0.3200.3
7f453d575000-7f453d774000 ---p 00001000 08:07 1704833                    /usr/lib/x86_64-linux-gnu/libgthread-2.0.so.0.3200.3
7f453d774000-7f453d775000 r--p 00000000 08:07 1704833                    /usr/lib/x86_64-linux-gnu/libgthread-2.0.so.0.3200.3
7f453d775000-7f453d776000 rw-p 00001000 08:07 1704833                    /usr/lib/x86_64-linux-gnu/libgthread-2.0.so.0.3200.3
7f453d776000-7f453d7aa000 r-xp 00000000 08:07 1709155                    /usr/lib/x86_64-linux-gnu/libfontconfig.so.1.4.4
7f453d7aa000-7f453d9aa000 ---p 00034000 08:07 1709155                    /usr/lib/x86_64-linux-gnu/libfontconfig.so.1.4.4
7f453d9aa000-7f453d9ab000 r--p 00034000 08:07 1709155                    /usr/lib/x86_64-linux-gnu/libfontconfig.so.1.4.4
7f453d9ab000-7f453d9ac000 rw-p 00035000 08:07 1709155                    /usr/lib/x86_64-linux-gnu/libfontconfig.so.1.4.4
7f453d9ac000-7f453d9f2000 r-xp 00000000 08:07 1705793                    /usr/lib/x86_64-linux-gnu/libpango-1.0.so.0.3000.0
7f453d9f2000-7f453dbf2000 ---p 00046000 08:07 1705793                    /usr/lib/x86_64-linux-gnu/libpango-1.0.so.0.3000.0
7f453dbf2000-7f453dbf4000 r--p 00046000 08:07 1705793                    /usr/lib/x86_64-linux-gnu/libpango-1.0.so.0.3000.0
7f453dbf4000-7f453dbf5000 rw-p 00048000 08:07 1705793                    /usr/lib/x86_64-linux-gnu/libpango-1.0.so.0.3000.0
7f453dbf5000-7f453dc13000 r-xp 00000000 08:07 1707347                    /usr/lib/x86_64-linux-gnu/libgdk_pixbuf-2.0.so.0.2600.1
7f453dc13000-7f453de13000 ---p 0001e000 08:07 1707347                    /usr/lib/x86_64-linux-gnu/libgdk_pixbuf-2.0.so.0.2600.1
7f453de13000-7f453de14000 r--p 0001e000 08:07 1707347                    /usr/lib/x86_64-linux-gnu/libgdk_pixbuf-2.0.so.0.2600.1
7f453de14000-7f453de15000 rw-p 0001f000 08:07 1707347                    /usr/lib/x86_64-linux-gnu/libgdk_pixbuf-2.0.so.0.2600.1
7f453de15000-7f453dec2000 r-xp 00000000 08:07 1704231                    /usr/lib/x86_64-linux-gnu/libgdk-x11-2.0.so.0.2400.10
7f453dec2000-7f453e0c1000 ---p 000ad000 08:07 1704231                    /usr/lib/x86_64-linux-gnu/libgdk-x11-2.0.so.0.2400.10
7f453e0c1000-7f453e0c5000 r--p 000ac000 08:07 1704231                    /usr/lib/x86_64-linux-gnu/libgdk-x11-2.0.so.0.2400.10
7f453e0c5000-7f453e0c7000 rw-p 000b0000 08:07 1704231                    /usr/lib/x86_64-linux-gnu/libgdk-x11-2.0.so.0.2400.10
7f453e0c7000-7f453e4f4000 r-xp 00000000 08:07 1704230                    /usr/lib/x86_64-linux-gnu/libgtk-x11-2.0.so.0.2400.10
7f453e4f4000-7f453e6f4000 ---p 0042d000 08:07 1704230                    /usr/lib/x86_64-linux-gnu/libgtk-x11-2.0.so.0.2400.10
7f453e6f4000-7f453e6fb000 r--p 0042d000 08:07 1704230                    /usr/lib/x86_64-linux-gnu/libgtk-x11-2.0.so.0.2400.10
7f453e6fb000-7f453e6ff000 rw-p 00434000 08:07 1704230                    /usr/lib/x86_64-linux-gnu/libgtk-x11-2.0.so.0.2400.10
7f453e6ff000-7f453e701000 rw-p 00000000 00:00 0 
7f453e701000-7f453e70f000 r-xp 00000000 08:07 1708893                    /usr/lib/x86_64-linux-gnu/libXi.so.6.1.0
7f453e70f000-7f453e90e000 ---p 0000e000 08:07 1708893                    /usr/lib/x86_64-linux-gnu/libXi.so.6.1.0
7f453e90e000-7f453e90f000 r--p 0000d000 08:07 1708893                    /usr/lib/x86_64-linux-gnu/libXi.so.6.1.0
7f453e90f000-7f453e910000 rw-p 0000e000 08:07 1708893                    /usr/lib/x86_64-linux-gnu/libXi.so.6.1.0
7f453e910000-7f453e915000 r-xp 00000000 08:07 1707146                    /usr/lib/x86_64-linux-gnu/libXtst.so.6.1.0
7f453e915000-7f453eb14000 ---p 00005000 08:07 1707146                    /usr/lib/x86_64-linux-gnu/libXtst.so.6.1.0
7f453eb14000-7f453eb15000 r--p 00004000 08:07 1707146                    /usr/lib/x86_64-linux-gnu/libXtst.so.6.1.0
7f453eb15000-7f453eb16000 rw-p 00005000 08:07 1707146                    /usr/lib/x86_64-linux-gnu/libXtst.so.6.1.0
7f453eb16000-7f453eb1f000 r-xp 00000000 08:07 1711485                    /usr/lib/x86_64-linux-gnu/libXrender.so.1.3.0
7f453eb1f000-7f453ed1e000 ---p 00009000 08:07 1711485                    /usr/lib/x86_64-linux-gnu/libXrender.so.1.3.0
7f453ed1e000-7f453ed1f000 r--p 00008000 08:07 1711485                    /usr/lib/x86_64-linux-gnu/libXrender.so.1.3.0
7f453ed1f000-7f453ed20000 rw-p 00009000 08:07 1711485                    /usr/lib/x86_64-linux-gnu/libXrender.so.1.3.0
7f453ed20000-7f453ee4f000 r-xp 00000000 08:07 1710722                    /usr/lib/x86_64-linux-gnu/libX11.so.6.3.0
7f453ee4f000-7f453f04f000 ---p 0012f000 08:07 1710722                    /usr/lib/x86_64-linux-gnu/libX11.so.6.3.0
7f453f04f000-7f453f050000 r--p 0012f000 08:07 1710722                    /usr/lib/x86_64-linux-gnu/libX11.so.6.3.0
7f453f050000-7f453f054000 rw-p 00130000 08:07 1710722                    /usr/lib/x86_64-linux-gnu/libX11.so.6.3.0
7f453f054000-7f453f064000 r-xp 00000000 08:07 1712090                    /usr/lib/x86_64-linux-gnu/libXext.so.6.4.0
7f453f064000-7f453f263000 ---p 00010000 08:07 1712090                    /usr/lib/x86_64-linux-gnu/libXext.so.6.4.0
7f453f263000-7f453f264000 r--p 0000f000 08:07 1712090                    /usr/lib/x86_64-linux-gnu/libXext.so.6.4.0
7f453f264000-7f453f265000 rw-p 00010000 08:07 1712090                    /usr/lib/x86_64-linux-gnu/libXext.so.6.4.0
7f453f265000-7f453f2b7000 r-xp 00000000 08:07 2625823                    /usr/lib/jvm/java-7-openjdk-amd64/jre/lib/amd64/xawt/libmawt.so
7f453f2b7000-7f453f4b7000 ---p 00052000 08:07 2625823                    /usr/lib/jvm/java-7-openjdk-amd64/jre/lib/amd64/xawt/libmawt.so
7f453f4b7000-7f453f4b8000 r--p 00052000 08:07 2625823                    /usr/lib/jvm/java-7-openjdk-amd64/jre/lib/amd64/xawt/libmawt.so
7f453f4b8000-7f453f4bb000 rw-p 00053000 08:07 2625823                    /usr/lib/jvm/java-7-openjdk-amd64/jre/lib/amd64/xawt/libmawt.so
7f453f4bb000-7f453f4bc000 rw-p 00000000 00:00 0 
7f453f4bc000-7f453f55e000 r-xp 00000000 08:07 2649402                    /usr/lib/jvm/java-7-openjdk-amd64/jre/lib/amd64/libawt.so
7f453f55e000-7f453f75d000 ---p 000a2000 08:07 2649402                    /usr/lib/jvm/java-7-openjdk-amd64/jre/lib/amd64/libawt.so
7f453f75d000-7f453f75e000 r--p 000a1000 08:07 2649402                    /usr/lib/jvm/java-7-openjdk-amd64/jre/lib/amd64/libawt.so
7f453f75e000-7f453f769000 rw-p 000a2000 08:07 2649402                    /usr/lib/jvm/java-7-openjdk-amd64/jre/lib/amd64/libawt.so
7f453f769000-7f453f78e000 rw-p 00000000 00:00 0 
7f453f78e000-7f453f79e000 r-xp 00000000 08:07 2648457                    /usr/lib/jvm/java-7-openjdk-amd64/jre/lib/amd64/libnio.so
7f453f79e000-7f453f99d000 ---p 00010000 08:07 2648457                    /usr/lib/jvm/java-7-openjdk-amd64/jre/lib/amd64/libnio.so
7f453f99d000-7f453f99e000 r--p 0000f000 08:07 2648457                    /usr/lib/jvm/java-7-openjdk-amd64/jre/lib/amd64/libnio.so
7f453f99e000-7f453f99f000 rw-p 00010000 08:07 2648457                    /usr/lib/jvm/java-7-openjdk-amd64/jre/lib/amd64/libnio.so
7f453f99f000-7f453f9db000 r-xp 00000000 08:07 393304                     /lib/x86_64-linux-gnu/libpcre.so.3.12.1
7f453f9db000-7f453fbda000 ---p 0003c000 08:07 393304                     /lib/x86_64-linux-gnu/libpcre.so.3.12.1
7f453fbda000-7f453fbdb000 r--p 0003b000 08:07 393304                     /lib/x86_64-linux-gnu/libpcre.so.3.12.1
7f453fbdb000-7f453fbdc000 rw-p 0003c000 08:07 393304                     /lib/x86_64-linux-gnu/libpcre.so.3.12.1
7f453fbdc000-7f453fbe3000 r-xp 00000000 08:07 1704853                    /usr/lib/x86_64-linux-gnu/libffi.so.6.0.0
7f453fbe3000-7f453fde2000 ---p 00007000 08:07 1704853                    /usr/lib/x86_64-linux-gnu/libffi.so.6.0.0
7f453fde2000-7f453fde3000 r--p 00006000 08:07 1704853                    /usr/lib/x86_64-linux-gnu/libffi.so.6.0.0
7f453fde3000-7f453fde4000 rw-p 00007000 08:07 1704853                    /usr/lib/x86_64-linux-gnu/libffi.so.6.0.0
7f453fde4000-7f453fdfc000 r-xp 00000000 08:07 408332                     /lib/x86_64-linux-gnu/libresolv-2.15.so
7f453fdfc000-7f453fffc000 ---p 00018000 08:07 408332                     /lib/x86_64-linux-gnu/libresolv-2.15.so
7f453fffc000-7f453fffd000 r--p 00018000 08:07 408332                     /lib/x86_64-linux-gnu/libresolv-2.15.so
7f453fffd000-7f453fffe000 rw-p 00019000 08:07 408332                     /lib/x86_64-linux-gnu/libresolv-2.15.so
7f453fffe000-7f4540000000 rw-p 00000000 00:00 0 
7f4540000000-7f45404d2000 rw-p 00000000 00:00 0 
7f45404d2000-7f4544000000 ---p 00000000 00:00 0 
7f4544000000-7f4544021000 rw-p 00000000 00:00 0 
7f4544021000-7f4548000000 ---p 00000000 00:00 0 
7f4548000000-7f4548021000 rw-p 00000000 00:00 0 
7f4548021000-7f454c000000 ---p 00000000 00:00 0 
7f454c000000-7f454c524000 rw-p 00000000 00:00 0 
7f454c524000-7f4550000000 ---p 00000000 00:00 0 
7f4550000000-7f4550021000 rw-p 00000000 00:00 0 
7f4550021000-7f4554000000 ---p 00000000 00:00 0 
7f4554000000-7f4554021000 rw-p 00000000 00:00 0 
7f4554021000-7f4558000000 ---p 00000000 00:00 0 
7f4558000000-7f4558021000 rw-p 00000000 00:00 0 
7f4558021000-7f455c000000 ---p 00000000 00:00 0 
7f455c000000-7f455c021000 rw-p 00000000 00:00 0 
7f455c021000-7f4560000000 ---p 00000000 00:00 0 
7f4560000000-7f4560021000 rw-p 00000000 00:00 0 
7f4560021000-7f4564000000 ---p 00000000 00:00 0 
7f4564000000-7f4564001000 r--s 00000000 08:07 2624345                    /var/cache/fontconfig/4794a0821666d79190d59a36cb4f44b5-le64.cache-3
7f4564001000-7f4564004000 r--s 00000000 08:07 2626545                    /var/cache/fontconfig/8801497958630a81b71ace7c5f9b32a8-le64.cache-3
7f4564004000-7f4564009000 r--s 00000000 08:07 2626543                    /var/cache/fontconfig/3047814df9a2f067bd2d96a2b9c36e5a-le64.cache-3
7f4564009000-7f456400a000 r--s 00000000 08:07 2626542                    /var/cache/fontconfig/56cf4f4769d0f4abc89a4895d7bd3ae1-le64.cache-3
7f456400a000-7f456400b000 r--s 00000000 08:07 2626541                    /var/cache/fontconfig/b9d506c9ac06c20b433354fa67a72993-le64.cache-3
7f4564013000-7f4564015000 rw-p 00000000 00:00 0 
7f4564015000-7f4564017000 rw-s 00000000 08:07 1572980                    /tmp/glUBnVMj (deleted)
7f4564017000-7f456401b000 rw-s 1c7f2000 00:05 9709                       /dev/nvidia0
7f456401b000-7f456401c000 rw-s d000d000 00:05 9709                       /dev/nvidia0
7f456401c000-7f456401d000 rw-s 1c7f1000 00:05 9709                       /dev/nvidia0
7f456401d000-7f456401e000 rw-s e2642000 00:05 9709                       /dev/nvidia0
7f456401e000-7f456401f000 rw-s 118e5d000 00:05 9709                      /dev/nvidia0
7f456401f000-7f4564020000 rw-s 5986c000 00:05 9709                       /dev/nvidia0
7f4564020000-7f4564024000 rw-s 1c2c9000 00:05 9709                       /dev/nvidia0
7f4564024000-7f4564025000 rw-s e2060000 00:05 9709                       /dev/nvidia0
7f4564025000-7f4564026000 rw-s d000a000 00:05 9709                       /dev/nvidia0
7f4564026000-7f4564027000 rw-s 1c273000 00:05 9709                       /dev/nvidia0
7f4564027000-7f4564044000 rw-s 118f68000 00:05 9709                      /dev/nvidia0
7f4564044000-7f45640c5000 rw-p 00000000 00:00 0 
7f45640c5000-7f45640c8000 ---p 00000000 00:00 0 
7f45640c8000-7f45640ed000 rw-p 00000000 00:00 0 
7f45640ed000-7f45640f0000 ---p 00000000 00:00 0 
7f45640f0000-7f45641ee000 rw-p 00000000 00:00 0 
7f45641ee000-7f456420b000 r-xp 00000000 08:07 396547                     /lib/x86_64-linux-gnu/libselinux.so.1
7f456420b000-7f456440a000 ---p 0001d000 08:07 396547                     /lib/x86_64-linux-gnu/libselinux.so.1
7f456440a000-7f456440b000 r--p 0001c000 08:07 396547                     /lib/x86_64-linux-gnu/libselinux.so.1
7f456440b000-7f456440c000 rw-p 0001d000 08:07 396547                     /lib/x86_64-linux-gnu/libselinux.so.1
7f456440c000-7f456440d000 rw-p 00000000 00:00 0 
7f456440d000-7f4564410000 r-xp 00000000 08:07 1704902                    /usr/lib/x86_64-linux-gnu/libgmodule-2.0.so.0.3200.3
7f4564410000-7f456460f000 ---p 00003000 08:07 1704902                    /usr/lib/x86_64-linux-gnu/libgmodule-2.0.so.0.3200.3
7f456460f000-7f4564610000 r--p 00002000 08:07 1704902                    /usr/lib/x86_64-linux-gnu/libgmodule-2.0.so.0.3200.3
7f4564610000-7f4564611000 rw-p 00003000 08:07 1704902                    /usr/lib/x86_64-linux-gnu/libgmodule-2.0.so.0.3200.3
7f4564611000-7f4564703000 r-xp 00000000 08:07 396565                     /lib/x86_64-linux-gnu/libglib-2.0.so.0.3200.3
7f4564703000-7f4564903000 ---p 000f2000 08:07 396565                     /lib/x86_64-linux-gnu/libglib-2.0.so.0.3200.3
7f4564903000-7f4564904000 r--p 000f2000 08:07 396565                     /lib/x86_64-linux-gnu/libglib-2.0.so.0.3200.3
7f4564904000-7f4564905000 rw-p 000f3000 08:07 396565                     /lib/x86_64-linux-gnu/libglib-2.0.so.0.3200.3
7f4564905000-7f4564906000 rw-p 00000000 00:00 0 
7f4564906000-7f4564953000 r-xp 00000000 08:07 1705666                    /usr/lib/x86_64-linux-gnu/libgobject-2.0.so.0.3200.3
7f4564953000-7f4564b53000 ---p 0004d000 08:07 1705666                    /usr/lib/x86_64-linux-gnu/libgobject-2.0.so.0.3200.3
7f4564b53000-7f4564b54000 r--p 0004d000 08:07 1705666                    /usr/lib/x86_64-linux-gnu/libgobject-2.0.so.0.3200.3
7f4564b54000-7f4564b55000 rw-p 0004e000 08:07 1705666                    /usr/lib/x86_64-linux-gnu/libgobject-2.0.so.0.3200.3
7f4564b55000-7f4564c9d000 r-xp 00000000 08:07 1704991                    /usr/lib/x86_64-linux-gnu/libgio-2.0.so.0.3200.3
7f4564c9d000-7f4564e9c000 ---p 00148000 08:07 1704991                    /usr/lib/x86_64-linux-gnu/libgio-2.0.so.0.3200.3
7f4564e9c000-7f4564ea0000 r--p 00147000 08:07 1704991                    /usr/lib/x86_64-linux-gnu/libgio-2.0.so.0.3200.3
7f4564ea0000-7f4564ea2000 rw-p 0014b000 08:07 1704991                    /usr/lib/x86_64-linux-gnu/libgio-2.0.so.0.3200.3
7f4564ea2000-7f4564ea4000 rw-p 00000000 00:00 0 
7f4564ea4000-7f4564eba000 r-xp 00000000 08:07 2648458                    /usr/lib/jvm/java-7-openjdk-amd64/jre/lib/amd64/libnet.so
7f4564eba000-7f45650b9000 ---p 00016000 08:07 2648458                    /usr/lib/jvm/java-7-openjdk-amd64/jre/lib/amd64/libnet.so
7f45650b9000-7f45650ba000 r--p 00015000 08:07 2648458                    /usr/lib/jvm/java-7-openjdk-amd64/jre/lib/amd64/libnet.so
7f45650ba000-7f45650bb000 rw-p 00016000 08:07 2648458                    /usr/lib/jvm/java-7-openjdk-amd64/jre/lib/amd64/libnet.so
7f45650bb000-7f45650bc000 ---p 00000000 00:00 0 
7f45650bc000-7f45651bc000 rw-p 00000000 00:00 0 
7f45651bc000-7f45651bf000 ---p 00000000 00:00 0 
7f45651bf000-7f45652bd000 rw-p 00000000 00:00 0 
7f45652bd000-7f45652c0000 ---p 00000000 00:00 0 
7f45652c0000-7f45653be000 rw-p 00000000 00:00 0 
7f45653be000-7f45653c1000 ---p 00000000 00:00 0 
7f45653c1000-7f45654bf000 rw-p 00000000 00:00 0 
7f45654bf000-7f45654c2000 ---p 00000000 00:00 0 
7f45654c2000-7f45655c0000 rw-p 00000000 00:00 0 
7f45655c0000-7f456588c000 r--p 00000000 08:07 1705502                    /usr/lib/locale/locale-archive
7f456588c000-7f456588f000 ---p 00000000 00:00 0 
7f456588f000-7f456598d000 rw-p 00000000 00:00 0 
7f456598d000-7f4565990000 ---p 00000000 00:00 0 
7f4565990000-7f4565a8e000 rw-p 00000000 00:00 0 
7f4565a8e000-7f4565a8f000 ---p 00000000 00:00 0 
7f4565a8f000-7f4569000000 rw-p 00000000 00:00 0 
7f4569000000-7f4569270000 rwxp 00000000 00:00 0 
7f4569270000-7f456c69c000 rw-p 00000000 00:00 0 
7f456c69c000-7f4570000000 ---p 00000000 00:00 0 
7f4570000000-7f4570006000 r--s 00000000 08:07 2626508                    /var/cache/fontconfig/3f7329c5293ffd510edef78f73874cfd-le64.cache-3
7f4570006000-7f457000a000 r--s 00000000 08:07 2625748                    /var/cache/fontconfig/7ef2298fde41cc6eeb7af42e48b7d293-le64.cache-3
7f457000a000-7f457000b000 rw-s 1c2c8000 00:05 9709                       /dev/nvidia0
7f457000b000-7f457000f000 rw-s 1c994000 00:05 9709                       /dev/nvidia0
7f457000f000-7f4570010000 rw-s e2c0e000 00:05 9709                       /dev/nvidia0
7f4570010000-7f4570011000 rw-s e2641000 00:05 9709                       /dev/nvidia0
7f4570011000-7f4570012000 rw-s 118f77000 00:05 9709                      /dev/nvidia0
7f4570012000-7f4570013000 rw-s 02761000 00:05 9709                       /dev/nvidia0
7f4570013000-7f4570014000 rw-s e2060000 00:05 9709                       /dev/nvidia0
7f4570014000-7f457001b000 r--s 00000000 08:07 2123786                    /usr/lib/x86_64-linux-gnu/gconv/gconv-modules.cache
7f457001b000-7f4570026000 r--p 00000000 08:02 131221                     /home/lachlan/.config/dconf/user
7f4570026000-7f4570055000 r--p 00000000 08:07 2492415                    /usr/share/glib-2.0/schemas/gschemas.compiled
7f4570055000-7f4570086000 rw-p 00000000 00:00 0 
7f4570086000-7f4570087000 r--s 00000000 08:07 2623634                    /var/cache/fontconfig/62f91419b9ebdb6975e7e41ab6412357-le64.cache-3
7f4570087000-7f4570089000 r--s 00000000 08:02 131161                     /home/lachlan/.fontconfig/bce82bb61bc34e117c95918e79c95fc6-le64.cache-3
7f4570089000-7f457008d000 r--p 00000000 08:07 2367672                    /usr/share/locale-langpack/en_AU/LC_MESSAGES/gtk20-properties.mo
7f457008d000-7f457008e000 r--s 00000000 08:02 3284087                    /home/lachlan/.cache/dconf/user
7f457008e000-7f4570099000 r--s 001fb000 08:07 1973418                    /usr/lib/jvm/java-7-openjdk-common/jre/lib/charsets.jar
7f4570099000-7f45700a4000 r--s 001fb000 08:07 1973418                    /usr/lib/jvm/java-7-openjdk-common/jre/lib/charsets.jar
7f45700a4000-7f45700ad000 r--s 000bc000 08:07 1973420                    /usr/lib/jvm/java-7-openjdk-common/jre/lib/resources.jar
7f45700ad000-7f45700c0000 r--s 00140000 08:02 5641911                    /home/lachlan/Desktop/Programming/projects/github/MountainRangePvP/libs/gdx-backend-lwjgl.jar
7f45700c0000-7f457034f000 rw-p 00000000 00:00 0 
7f457034f000-7f45704fb000 r--s 01cdb000 08:07 2361078                    /usr/lib/jvm/java-7-openjdk-amd64/jre/lib/rt.jar
7f45704fb000-7f4570523000 rw-p 00000000 00:00 0 
7f4570523000-7f4570524000 ---p 00000000 00:00 0 
7f4570524000-7f4570624000 rw-p 00000000 00:00 0 
7f4570624000-7f4570625000 ---p 00000000 00:00 0 
7f4570625000-7f4570730000 rw-p 00000000 00:00 0 
7f4570730000-7f4570778000 rw-p 00000000 00:00 0 
7f4570778000-7f457078d000 rw-p 00000000 00:00 0 
7f457078d000-7f45708c2000 rw-p 00000000 00:00 0 
7f45708c2000-7f45708cd000 rw-p 00000000 00:00 0 
7f45708cd000-7f4570915000 rw-p 00000000 00:00 0 
7f4570915000-7f457092a000 rw-p 00000000 00:00 0 
7f457092a000-7f4570a5f000 rw-p 00000000 00:00 0 
7f4570a5f000-7f4570a6a000 rw-p 00000000 00:00 0 
7f4570a6a000-7f4570b04000 rw-p 00000000 00:00 0 
7f4570b04000-7f4570b05000 rw-p 00000000 00:00 0 
7f4570b05000-7f4570b0d000 r-xp 00000000 08:07 2649395                    /usr/lib/jvm/java-7-openjdk-amd64/jre/lib/amd64/libzip.so
7f4570b0d000-7f4570d0c000 ---p 00008000 08:07 2649395                    /usr/lib/jvm/java-7-openjdk-amd64/jre/lib/amd64/libzip.so
7f4570d0c000-7f4570d0d000 r--p 00007000 08:07 2649395                    /usr/lib/jvm/java-7-openjdk-amd64/jre/lib/amd64/libzip.so
7f4570d0d000-7f4570d0e000 rw-p 00008000 08:07 2649395                    /usr/lib/jvm/java-7-openjdk-amd64/jre/lib/amd64/libzip.so
7f4570d0e000-7f4570d1a000 r-xp 00000000 08:07 408337                     /lib/x86_64-linux-gnu/libnss_files-2.15.so
7f4570d1a000-7f4570f19000 ---p 0000c000 08:07 408337                     /lib/x86_64-linux-gnu/libnss_files-2.15.so
7f4570f19000-7f4570f1a000 r--p 0000b000 08:07 408337                     /lib/x86_64-linux-gnu/libnss_files-2.15.so
7f4570f1a000-7f4570f1b000 rw-p 0000c000 08:07 408337                     /lib/x86_64-linux-gnu/libnss_files-2.15.so
7f4570f1b000-7f4570f25000 r-xp 00000000 08:07 408333                     /lib/x86_64-linux-gnu/libnss_nis-2.15.so
7f4570f25000-7f4571125000 ---p 0000a000 08:07 408333                     /lib/x86_64-linux-gnu/libnss_nis-2.15.so
7f4571125000-7f4571126000 r--p 0000a000 08:07 408333                     /lib/x86_64-linux-gnu/libnss_nis-2.15.so
7f4571126000-7f4571127000 rw-p 0000b000 08:07 408333                     /lib/x86_64-linux-gnu/libnss_nis-2.15.so
7f4571127000-7f457113e000 r-xp 00000000 08:07 408346                     /lib/x86_64-linux-gnu/libnsl-2.15.so
7f457113e000-7f457133d000 ---p 00017000 08:07 408346                     /lib/x86_64-linux-gnu/libnsl-2.15.so
7f457133d000-7f457133e000 r--p 00016000 08:07 408346                     /lib/x86_64-linux-gnu/libnsl-2.15.so
7f457133e000-7f457133f000 rw-p 00017000 08:07 408346                     /lib/x86_64-linux-gnu/libnsl-2.15.so
7f457133f000-7f4571341000 rw-p 00000000 00:00 0 
7f4571341000-7f4571349000 r-xp 00000000 08:07 408338                     /lib/x86_64-linux-gnu/libnss_compat-2.15.so
7f4571349000-7f4571548000 ---p 00008000 08:07 408338                     /lib/x86_64-linux-gnu/libnss_compat-2.15.so
7f4571548000-7f4571549000 r--p 00007000 08:07 408338                     /lib/x86_64-linux-gnu/libnss_compat-2.15.so
7f4571549000-7f457154a000 rw-p 00008000 08:07 408338                     /lib/x86_64-linux-gnu/libnss_compat-2.15.so
7f457154a000-7f4571573000 r-xp 00000000 08:07 2648439                    /usr/lib/jvm/java-7-openjdk-amd64/jre/lib/amd64/libjava.so
7f4571573000-7f4571772000 ---p 00029000 08:07 2648439                    /usr/lib/jvm/java-7-openjdk-amd64/jre/lib/amd64/libjava.so
7f4571772000-7f4571773000 r--p 00028000 08:07 2648439                    /usr/lib/jvm/java-7-openjdk-amd64/jre/lib/amd64/libjava.so
7f4571773000-7f4571775000 rw-p 00029000 08:07 2648439                    /usr/lib/jvm/java-7-openjdk-amd64/jre/lib/amd64/libjava.so
7f4571775000-7f4571783000 r-xp 00000000 08:07 2648460                    /usr/lib/jvm/java-7-openjdk-amd64/jre/lib/amd64/libverify.so
7f4571783000-7f4571982000 ---p 0000e000 08:07 2648460                    /usr/lib/jvm/java-7-openjdk-amd64/jre/lib/amd64/libverify.so
7f4571982000-7f4571984000 r--p 0000d000 08:07 2648460                    /usr/lib/jvm/java-7-openjdk-amd64/jre/lib/amd64/libverify.so
7f4571984000-7f4571985000 rw-p 0000f000 08:07 2648460                    /usr/lib/jvm/java-7-openjdk-amd64/jre/lib/amd64/libverify.so
7f4571985000-7f457198c000 r-xp 00000000 08:07 408331                     /lib/x86_64-linux-gnu/librt-2.15.so
7f457198c000-7f4571b8b000 ---p 00007000 08:07 408331                     /lib/x86_64-linux-gnu/librt-2.15.so
7f4571b8b000-7f4571b8c000 r--p 00006000 08:07 408331                     /lib/x86_64-linux-gnu/librt-2.15.so
7f4571b8c000-7f4571b8d000 rw-p 00007000 08:07 408331                     /lib/x86_64-linux-gnu/librt-2.15.so
7f4571b8d000-7f4571ba2000 r-xp 00000000 08:07 393258                     /lib/x86_64-linux-gnu/libgcc_s.so.1
7f4571ba2000-7f4571da1000 ---p 00015000 08:07 393258                     /lib/x86_64-linux-gnu/libgcc_s.so.1
7f4571da1000-7f4571da2000 r--p 00014000 08:07 393258                     /lib/x86_64-linux-gnu/libgcc_s.so.1
7f4571da2000-7f4571da3000 rw-p 00015000 08:07 393258                     /lib/x86_64-linux-gnu/libgcc_s.so.1
7f4571da3000-7f4571e9e000 r-xp 00000000 08:07 408335                     /lib/x86_64-linux-gnu/libm-2.15.so
7f4571e9e000-7f457209d000 ---p 000fb000 08:07 408335                     /lib/x86_64-linux-gnu/libm-2.15.so
7f457209d000-7f457209e000 r--p 000fa000 08:07 408335                     /lib/x86_64-linux-gnu/libm-2.15.so
7f457209e000-7f457209f000 rw-p 000fb000 08:07 408335                     /lib/x86_64-linux-gnu/libm-2.15.so
7f457209f000-7f4572181000 r-xp 00000000 08:07 1708388                    /usr/lib/x86_64-linux-gnu/libstdc++.so.6.0.16
7f4572181000-7f4572380000 ---p 000e2000 08:07 1708388                    /usr/lib/x86_64-linux-gnu/libstdc++.so.6.0.16
7f4572380000-7f4572388000 r--p 000e1000 08:07 1708388                    /usr/lib/x86_64-linux-gnu/libstdc++.so.6.0.16
7f4572388000-7f457238a000 rw-p 000e9000 08:07 1708388                    /usr/lib/x86_64-linux-gnu/libstdc++.so.6.0.16
7f457238a000-7f457239f000 rw-p 00000000 00:00 0 
7f457239f000-7f4572d79000 r-xp 00000000 08:07 3051436                    /usr/lib/jvm/java-7-openjdk-amd64/jre/lib/amd64/server/libjvm.so
7f4572d79000-7f4572f78000 ---p 009da000 08:07 3051436                    /usr/lib/jvm/java-7-openjdk-amd64/jre/lib/amd64/server/libjvm.so
7f4572f78000-7f4572ff7000 r--p 009d9000 08:07 3051436                    /usr/lib/jvm/java-7-openjdk-amd64/jre/lib/amd64/server/libjvm.so
7f4572ff7000-7f457301a000 rw-p 00a58000 08:07 3051436                    /usr/lib/jvm/java-7-openjdk-amd64/jre/lib/amd64/server/libjvm.so
7f457301a000-7f4573044000 rw-p 00000000 00:00 0 
7f4573044000-7f457305a000 r-xp 00000000 08:07 396577                     /lib/x86_64-linux-gnu/libz.so.1.2.3.4
7f457305a000-7f4573259000 ---p 00016000 08:07 396577                     /lib/x86_64-linux-gnu/libz.so.1.2.3.4
7f4573259000-7f457325a000 r--p 00015000 08:07 396577                     /lib/x86_64-linux-gnu/libz.so.1.2.3.4
7f457325a000-7f457325b000 rw-p 00016000 08:07 396577                     /lib/x86_64-linux-gnu/libz.so.1.2.3.4
7f457325b000-7f4573273000 r-xp 00000000 08:07 408329                     /lib/x86_64-linux-gnu/libpthread-2.15.so
7f4573273000-7f4573472000 ---p 00018000 08:07 408329                     /lib/x86_64-linux-gnu/libpthread-2.15.so
7f4573472000-7f4573473000 r--p 00017000 08:07 408329                     /lib/x86_64-linux-gnu/libpthread-2.15.so
7f4573473000-7f4573474000 rw-p 00018000 08:07 408329                     /lib/x86_64-linux-gnu/libpthread-2.15.so
7f4573474000-7f4573478000 rw-p 00000000 00:00 0 
7f4573478000-7f457347a000 r-xp 00000000 08:07 408326                     /lib/x86_64-linux-gnu/libdl-2.15.so
7f457347a000-7f457367a000 ---p 00002000 08:07 408326                     /lib/x86_64-linux-gnu/libdl-2.15.so
7f457367a000-7f457367b000 r--p 00002000 08:07 408326                     /lib/x86_64-linux-gnu/libdl-2.15.so
7f457367b000-7f457367c000 rw-p 00003000 08:07 408326                     /lib/x86_64-linux-gnu/libdl-2.15.so
7f457367c000-7f4573831000 r-xp 00000000 08:07 408327                     /lib/x86_64-linux-gnu/libc-2.15.so
7f4573831000-7f4573a30000 ---p 001b5000 08:07 408327                     /lib/x86_64-linux-gnu/libc-2.15.so
7f4573a30000-7f4573a34000 r--p 001b4000 08:07 408327                     /lib/x86_64-linux-gnu/libc-2.15.so
7f4573a34000-7f4573a36000 rw-p 001b8000 08:07 408327                     /lib/x86_64-linux-gnu/libc-2.15.so
7f4573a36000-7f4573a3b000 rw-p 00000000 00:00 0 
7f4573a3b000-7f4573a48000 r-xp 00000000 08:07 2886112                    /usr/lib/jvm/java-7-openjdk-amd64/jre/lib/amd64/jli/libjli.so
7f4573a48000-7f4573c47000 ---p 0000d000 08:07 2886112                    /usr/lib/jvm/java-7-openjdk-amd64/jre/lib/amd64/jli/libjli.so
7f4573c47000-7f4573c48000 r--p 0000c000 08:07 2886112                    /usr/lib/jvm/java-7-openjdk-amd64/jre/lib/amd64/jli/libjli.so
7f4573c48000-7f4573c49000 rw-p 0000d000 08:07 2886112                    /usr/lib/jvm/java-7-openjdk-amd64/jre/lib/amd64/jli/libjli.so
7f4573c49000-7f4573c6b000 r-xp 00000000 08:07 408341                     /lib/x86_64-linux-gnu/ld-2.15.so
7f4573c6b000-7f4573c6c000 r--p 00000000 08:07 2367610                    /usr/share/locale-langpack/en_AU/LC_MESSAGES/glib20.mo
7f4573c6c000-7f4573c7c000 r--s 000f0000 08:02 5641909                    /home/lachlan/Desktop/Programming/projects/github/MountainRangePvP/libs/gdx.jar
7f4573c7c000-7f4573c86000 rw-p 00000000 00:00 0 
7f4573c86000-7f4573d3c000 rw-p 00000000 00:00 0 
7f4573d3c000-7f4573d3f000 ---p 00000000 00:00 0 
7f4573d3f000-7f4573e42000 rw-p 00000000 00:00 0 
7f4573e42000-7f4573e44000 r--p 00000000 08:07 2367678                    /usr/share/locale-langpack/en_AU/LC_MESSAGES/gtk20.mo
7f4573e44000-7f4573e45000 r--p 00000000 08:07 2387838                    /usr/share/locale-langpack/en_AU/LC_MESSAGES/libc.mo
7f4573e45000-7f4573e4e000 r--s 000b1000 08:02 5641910                    /home/lachlan/Desktop/Programming/projects/github/MountainRangePvP/libs/gdx-sources.jar
7f4573e4e000-7f4573e4f000 r--s 00004000 08:02 5641868                    /home/lachlan/Desktop/Programming/projects/github/MountainRangePvP/libs/gdx-freetype.jar
7f4573e4f000-7f4573e50000 r--s 001e7000 08:02 5641869                    /home/lachlan/Desktop/Programming/projects/github/MountainRangePvP/libs/gdx-freetype-natives.jar
7f4573e50000-7f4573e51000 r--s 0011a000 08:02 5641913                    /home/lachlan/Desktop/Programming/projects/github/MountainRangePvP/libs/gdx-natives.jar
7f4573e51000-7f4573e52000 r--s 00169000 08:02 5641912                    /home/lachlan/Desktop/Programming/projects/github/MountainRangePvP/libs/gdx-backend-lwjgl-natives.jar
7f4573e52000-7f4573e55000 r--s 0000f000 08:07 2242289                    /usr/lib/jvm/java-7-openjdk-common/jre/lib/ext/pulse-java.jar
7f4573e55000-7f4573e57000 r--s 00014000 08:07 2497778                    /usr/lib/jvm/java-7-openjdk-amd64/jre/lib/ext/servlet-api-2.5.jar
7f4573e57000-7f4573e5a000 r--s 0003c000 08:07 2242281                    /usr/lib/jvm/java-7-openjdk-common/jre/lib/ext/sunpkcs11.jar
7f4573e5a000-7f4573e5e000 r--s 00085000 08:07 2242285                    /usr/lib/jvm/java-7-openjdk-common/jre/lib/ext/localedata.jar
7f4573e5e000-7f4573e5f000 r--s 00007000 08:07 2097747                    /usr/share/java/java-atk-wrapper.jar
7f4573e5f000-7f4573e67000 rw-s 00000000 08:07 1572977                    /tmp/hsperfdata_lachlan/8537
7f4573e67000-7f4573e68000 rw-p 00000000 00:00 0 
7f4573e68000-7f4573e69000 r--p 00000000 00:00 0 
7f4573e69000-7f4573e6b000 rw-p 00000000 00:00 0 
7f4573e6b000-7f4573e6c000 r--p 00022000 08:07 408341                     /lib/x86_64-linux-gnu/ld-2.15.so
7f4573e6c000-7f4573e6e000 rw-p 00023000 08:07 408341                     /lib/x86_64-linux-gnu/ld-2.15.so
7fff491ed000-7fff4920e000 rw-p 00000000 00:00 0                          [stack]
7fff492ee000-7fff492ef000 r-xp 00000000 00:00 0                          [vdso]
ffffffffff600000-ffffffffff601000 r-xp 00000000 00:00 0                  [vsyscall]

VM Arguments:
jvm_args: -Dfile.encoding=UTF-8 
java_command: mountainrangepvp.Main
Launcher Type: SUN_STANDARD

Environment Variables:
JAVA_HOME=/usr/lib/jvm/default-java
PATH=/usr/lib/lightdm/lightdm:/usr/local/sbin:/usr/local/bin:/usr/sbin:/usr/bin:/sbin:/bin:/usr/games:/usr/brlcad/bin
SHELL=/bin/bash
DISPLAY=:0.0

Signal Handlers:
SIGSEGV: [libjvm.so+0x83e8d0], sa_mask[0]=0x7ffbfeff, sa_flags=0x10000004
SIGBUS: [libjvm.so+0x83e8d0], sa_mask[0]=0x7ffbfeff, sa_flags=0x10000004
SIGFPE: [libjvm.so+0x6df1b0], sa_mask[0]=0x7ffbfeff, sa_flags=0x10000004
SIGPIPE: SIG_IGN, sa_mask[0]=0x00001000, sa_flags=0x10000000
SIGXFSZ: [libjvm.so+0x6df1b0], sa_mask[0]=0x7ffbfeff, sa_flags=0x10000004
SIGILL: [libjvm.so+0x6df1b0], sa_mask[0]=0x7ffbfeff, sa_flags=0x10000004
SIGUSR1: SIG_DFL, sa_mask[0]=0x00000000, sa_flags=0x00000000
SIGUSR2: [libjvm.so+0x6df580], sa_mask[0]=0x00000004, sa_flags=0x10000004
SIGHUP: [libjvm.so+0x6df6c0], sa_mask[0]=0x7ffbfeff, sa_flags=0x10000004
SIGINT: SIG_IGN, sa_mask[0]=0x00000000, sa_flags=0x00000000
SIGTERM: [libjvm.so+0x6df6c0], sa_mask[0]=0x7ffbfeff, sa_flags=0x10000004
SIGQUIT: [libjvm.so+0x6df6c0], sa_mask[0]=0x7ffbfeff, sa_flags=0x10000004


---------------  S Y S T E M  ---------------

OS:Ubuntu 12.04 (precise)
uname:Linux 3.2.0-37-generic #58-Ubuntu SMP Thu Jan 24 15:28:10 UTC 2013 x86_64
libc:glibc 2.15 NPTL 2.15 
rlimit: STACK 8192k, CORE 0k, NPROC 31491, NOFILE 4096, AS infinity
load average:0.86 0.23 0.11

/proc/meminfo:
MemTotal:        4048552 kB
MemFree:          147160 kB
Buffers:          434968 kB
Cached:           405932 kB
SwapCached:            0 kB
Active:          1895384 kB
Inactive:         957656 kB
Active(anon):    1481792 kB
Inactive(anon):   543628 kB
Active(file):     413592 kB
Inactive(file):   414028 kB
Unevictable:          68 kB
Mlocked:              68 kB
SwapTotal:       3321852 kB
SwapFree:        3321852 kB
Dirty:               388 kB
Writeback:             0 kB
AnonPages:       2012356 kB
Mapped:           152880 kB
Shmem:             13180 kB
Slab:             899972 kB
SReclaimable:     859732 kB
SUnreclaim:        40240 kB
KernelStack:        4456 kB
PageTables:        39936 kB
NFS_Unstable:          0 kB
Bounce:                0 kB
WritebackTmp:          0 kB
CommitLimit:     5346128 kB
Committed_AS:    4586132 kB
VmallocTotal:   34359738367 kB
VmallocUsed:      321848 kB
VmallocChunk:   34359413244 kB
HardwareCorrupted:     0 kB
AnonHugePages:         0 kB
HugePages_Total:       0
HugePages_Free:        0
HugePages_Rsvd:        0
HugePages_Surp:        0
Hugepagesize:       2048 kB
DirectMap4k:      326528 kB
DirectMap2M:     3866624 kB


CPU:total 2 (2 cores per cpu, 1 threads per core) family 6 model 23 stepping 10, cmov, cx8, fxsr, mmx, sse, sse2, sse3, ssse3, tsc

/proc/cpuinfo:
processor	: 0
vendor_id	: GenuineIntel
cpu family	: 6
model		: 23
model name	: Pentium(R) Dual-Core  CPU      E6300  @ 2.80GHz
stepping	: 10
microcode	: 0xa07
cpu MHz		: 1600.000
cache size	: 2048 KB
physical id	: 0
siblings	: 2
core id		: 0
cpu cores	: 2
apicid		: 0
initial apicid	: 0
fpu		: yes
fpu_exception	: yes
cpuid level	: 13
wp		: yes
flags		: fpu vme de pse tsc msr pae mce cx8 apic sep mtrr pge mca cmov pat pse36 clflush dts acpi mmx fxsr sse sse2 ss ht tm pbe syscall nx lm constant_tsc arch_perfmon pebs bts rep_good nopl aperfmperf pni dtes64 monitor ds_cpl vmx est tm2 ssse3 cx16 xtpr pdcm xsave lahf_lm dtherm tpr_shadow vnmi flexpriority
bogomips	: 5599.67
clflush size	: 64
cache_alignment	: 64
address sizes	: 36 bits physical, 48 bits virtual
power management:

processor	: 1
vendor_id	: GenuineIntel
cpu family	: 6
model		: 23
model name	: Pentium(R) Dual-Core  CPU      E6300  @ 2.80GHz
stepping	: 10
microcode	: 0xa07
cpu MHz		: 1600.000
cache size	: 2048 KB
physical id	: 0
siblings	: 2
core id		: 1
cpu cores	: 2
apicid		: 1
initial apicid	: 1
fpu		: yes
fpu_exception	: yes
cpuid level	: 13
wp		: yes
flags		: fpu vme de pse tsc msr pae mce cx8 apic sep mtrr pge mca cmov pat pse36 clflush dts acpi mmx fxsr sse sse2 ss ht tm pbe syscall nx lm constant_tsc arch_perfmon pebs bts rep_good nopl aperfmperf pni dtes64 monitor ds_cpl vmx est tm2 ssse3 cx16 xtpr pdcm xsave lahf_lm dtherm tpr_shadow vnmi flexpriority
bogomips	: 5599.90
clflush size	: 64
cache_alignment	: 64
address sizes	: 36 bits physical, 48 bits virtual
power management:



Memory: 4k page, physical 4048552k(147160k free), swap 3321852k(3321852k free)

vm_info: OpenJDK 64-Bit Server VM (23.7-b01) for linux-amd64 JRE (1.7.0_13-b20), built on Feb 13 2013 03:31:03 by "buildd" with gcc 4.6.3

time: Sat Feb 23 10:23:27 2013
elapsed time: 18 seconds

